This is pdfTeX, Version 3.14159265-2.6-1.40.18 (TeX Live 2017/Debian) (preloaded format=pdflatex 2018.7.26)  12 AUG 2018 13:17
entering extended mode
 restricted \write18 enabled.
 %&-line parsing enabled.
**main.tex
(./main.tex
LaTeX2e <2017-04-15>
Babel <3.18> and hyphenation patterns for 3 language(s) loaded.
(./elsarticle.cls
Document Class: elsarticle 2018/06/08, 3.0: Elsevier Ltd
\@bls=\dimen102
(/usr/share/texlive/texmf-dist/tex/latex/base/article.cls
Document Class: article 2014/09/29 v1.4h Standard LaTeX document class
(/usr/share/texlive/texmf-dist/tex/latex/base/size10.clo
File: size10.clo 2014/09/29 v1.4h Standard LaTeX file (size option)
)
\c@part=\count79
\c@section=\count80
\c@subsection=\count81
\c@subsubsection=\count82
\c@paragraph=\count83
\c@subparagraph=\count84
\c@figure=\count85
\c@table=\count86
\abovecaptionskip=\skip41
\belowcaptionskip=\skip42
\bibindent=\dimen103
)
(/usr/share/texlive/texmf-dist/tex/latex/graphics/graphicx.sty
Package: graphicx 2017/06/01 v1.1a Enhanced LaTeX Graphics (DPC,SPQR)

(/usr/share/texlive/texmf-dist/tex/latex/graphics/keyval.sty
Package: keyval 2014/10/28 v1.15 key=value parser (DPC)
\KV@toks@=\toks14
)
(/usr/share/texlive/texmf-dist/tex/latex/graphics/graphics.sty
Package: graphics 2017/06/25 v1.2c Standard LaTeX Graphics (DPC,SPQR)

(/usr/share/texlive/texmf-dist/tex/latex/graphics/trig.sty
Package: trig 2016/01/03 v1.10 sin cos tan (DPC)
)
(/usr/share/texlive/texmf-dist/tex/latex/graphics-cfg/graphics.cfg
File: graphics.cfg 2016/06/04 v1.11 sample graphics configuration
)
Package graphics Info: Driver file: pdftex.def on input line 99.

(/usr/share/texlive/texmf-dist/tex/latex/graphics-def/pdftex.def
File: pdftex.def 2018/01/08 v1.0l Graphics/color driver for pdftex
))
\Gin@req@height=\dimen104
\Gin@req@width=\dimen105
)
\c@tnote=\count87
\c@fnote=\count88
\c@cnote=\count89
\c@ead=\count90
\c@author=\count91
\@eadauthor=\toks15
\c@affn=\count92
\absbox=\box26
\keybox=\box27
\Columnwidth=\dimen106
\space@left=\dimen107
\els@boxa=\box28
\els@boxb=\box29
\leftMargin=\dimen108
\@enLab=\toks16
\@sep=\skip43
\@@sep=\skip44
 (./main.spl) (/usr/share/texlive/texmf-dist/tex/latex/natbib/natbib.sty
Package: natbib 2010/09/13 8.31b (PWD, AO)
\bibhang=\skip45
\bibsep=\skip46
LaTeX Info: Redefining \cite on input line 694.
\c@NAT@ctr=\count93
)
\splwrite=\write3
\openout3 = `main.spl'.

\appnamewidth=\dimen109
)
(./pythonhighlight.sty
Package: pythonhighlight 2011/09/19 python code highlighting; provided by Olivi
er Verdier <olivier.verdier@gmail.com>

(/usr/share/texlive/texmf-dist/tex/latex/listings/listings.sty
\lst@mode=\count94
\lst@gtempboxa=\box30
\lst@token=\toks17
\lst@length=\count95
\lst@currlwidth=\dimen110
\lst@column=\count96
\lst@pos=\count97
\lst@lostspace=\dimen111
\lst@width=\dimen112
\lst@newlines=\count98
\lst@lineno=\count99
\lst@maxwidth=\dimen113

(/usr/share/texlive/texmf-dist/tex/latex/listings/lstmisc.sty
File: lstmisc.sty 2015/06/04 1.6 (Carsten Heinz)
\c@lstnumber=\count100
\lst@skipnumbers=\count101
\lst@framebox=\box31
)
(/usr/share/texlive/texmf-dist/tex/latex/listings/listings.cfg
File: listings.cfg 2015/06/04 1.6 listings configuration
))
Package: listings 2015/06/04 1.6 (Carsten Heinz)

(/usr/share/texlive/texmf-dist/tex/latex/xcolor/xcolor.sty
Package: xcolor 2016/05/11 v2.12 LaTeX color extensions (UK)

(/usr/share/texlive/texmf-dist/tex/latex/graphics-cfg/color.cfg
File: color.cfg 2016/01/02 v1.6 sample color configuration
)
Package xcolor Info: Driver file: pdftex.def on input line 225.
Package xcolor Info: Model `cmy' substituted by `cmy0' on input line 1348.
Package xcolor Info: Model `hsb' substituted by `rgb' on input line 1352.
Package xcolor Info: Model `RGB' extended on input line 1364.
Package xcolor Info: Model `HTML' substituted by `rgb' on input line 1366.
Package xcolor Info: Model `Hsb' substituted by `hsb' on input line 1367.
Package xcolor Info: Model `tHsb' substituted by `hsb' on input line 1368.
Package xcolor Info: Model `HSB' substituted by `hsb' on input line 1369.
Package xcolor Info: Model `Gray' substituted by `gray' on input line 1370.
Package xcolor Info: Model `wave' substituted by `hsb' on input line 1371.
)) (./main.aux)
\openout1 = `main.aux'.

LaTeX Font Info:    Checking defaults for OML/cmm/m/it on input line 46.
LaTeX Font Info:    ... okay on input line 46.
LaTeX Font Info:    Checking defaults for T1/cmr/m/n on input line 46.
LaTeX Font Info:    ... okay on input line 46.
LaTeX Font Info:    Checking defaults for OT1/cmr/m/n on input line 46.
LaTeX Font Info:    ... okay on input line 46.
LaTeX Font Info:    Checking defaults for OMS/cmsy/m/n on input line 46.
LaTeX Font Info:    ... okay on input line 46.
LaTeX Font Info:    Checking defaults for OMX/cmex/m/n on input line 46.
LaTeX Font Info:    ... okay on input line 46.
LaTeX Font Info:    Checking defaults for U/cmr/m/n on input line 46.
LaTeX Font Info:    ... okay on input line 46.
(/usr/share/texlive/texmf-dist/tex/context/base/mkii/supp-pdf.mkii
[Loading MPS to PDF converter (version 2006.09.02).]
\scratchcounter=\count102
\scratchdimen=\dimen114
\scratchbox=\box32
\nofMPsegments=\count103
\nofMParguments=\count104
\everyMPshowfont=\toks18
\MPscratchCnt=\count105
\MPscratchDim=\dimen115
\MPnumerator=\count106
\makeMPintoPDFobject=\count107
\everyMPtoPDFconversion=\toks19
) (/usr/share/texlive/texmf-dist/tex/latex/oberdiek/epstopdf-base.sty
Package: epstopdf-base 2016/05/15 v2.6 Base part for package epstopdf

(/usr/share/texlive/texmf-dist/tex/generic/oberdiek/infwarerr.sty
Package: infwarerr 2016/05/16 v1.4 Providing info/warning/error messages (HO)
)
(/usr/share/texlive/texmf-dist/tex/latex/oberdiek/grfext.sty
Package: grfext 2016/05/16 v1.2 Manage graphics extensions (HO)

(/usr/share/texlive/texmf-dist/tex/generic/oberdiek/kvdefinekeys.sty
Package: kvdefinekeys 2016/05/16 v1.4 Define keys (HO)

(/usr/share/texlive/texmf-dist/tex/generic/oberdiek/ltxcmds.sty
Package: ltxcmds 2016/05/16 v1.23 LaTeX kernel commands for general use (HO)
)))
(/usr/share/texlive/texmf-dist/tex/latex/oberdiek/kvoptions.sty
Package: kvoptions 2016/05/16 v3.12 Key value format for package options (HO)

(/usr/share/texlive/texmf-dist/tex/generic/oberdiek/kvsetkeys.sty
Package: kvsetkeys 2016/05/16 v1.17 Key value parser (HO)

(/usr/share/texlive/texmf-dist/tex/generic/oberdiek/etexcmds.sty
Package: etexcmds 2016/05/16 v1.6 Avoid name clashes with e-TeX commands (HO)

(/usr/share/texlive/texmf-dist/tex/generic/oberdiek/ifluatex.sty
Package: ifluatex 2016/05/16 v1.4 Provides the ifluatex switch (HO)
Package ifluatex Info: LuaTeX not detected.
)
Package etexcmds Info: Could not find \expanded.
(etexcmds)             That can mean that you are not using pdfTeX 1.50 or
(etexcmds)             that some package has redefined \expanded.
(etexcmds)             In the latter case, load this package earlier.
)))
(/usr/share/texlive/texmf-dist/tex/generic/oberdiek/pdftexcmds.sty
Package: pdftexcmds 2018/01/21 v0.26 Utility functions of pdfTeX for LuaTeX (HO
)

(/usr/share/texlive/texmf-dist/tex/generic/oberdiek/ifpdf.sty
Package: ifpdf 2017/03/15 v3.2 Provides the ifpdf switch
)
Package pdftexcmds Info: LuaTeX not detected.
Package pdftexcmds Info: \pdf@primitive is available.
Package pdftexcmds Info: \pdf@ifprimitive is available.
Package pdftexcmds Info: \pdfdraftmode found.
)
Package epstopdf-base Info: Redefining graphics rule for `.eps' on input line 4
38.
Package grfext Info: Graphics extension search list:
(grfext)             [.pdf,.png,.jpg,.mps,.jpeg,.jbig2,.jb2,.PDF,.PNG,.JPG,.JPE
G,.JBIG2,.JB2,.eps]
(grfext)             \AppendGraphicsExtensions on input line 456.

(/usr/share/texlive/texmf-dist/tex/latex/latexconfig/epstopdf-sys.cfg
File: epstopdf-sys.cfg 2010/07/13 v1.3 Configuration of (r)epstopdf for TeX Liv
e
))
\c@lstlisting=\count108
LaTeX Font Info:    External font `cmex10' loaded for size
(Font)              <7> on input line 61.
LaTeX Font Info:    External font `cmex10' loaded for size
(Font)              <5> on input line 61.
Missing character: There is no â in font cmr10!
Missing character: There is no € in font cmr10!
Missing character: There is no ™ in font cmr10!

Overfull \hbox (2.79709pt too wide) in paragraph at lines 67--70
\OT1/cmr/m/n/10 prob-a-bil-ity dis-tri-bu-tion func-tions or prob-a-bil-ity den
-sity func-tions (pdfs). MCMC
 []


Overfull \hbox (2.22221pt too wide) has occurred while \output is active
[] 
 []

[1


{/var/lib/texmf/fonts/map/pdftex/updmap/pdftex.map}] [2]
Overfull \hbox (22.49957pt too wide) in paragraph at lines 109--111
[]\OT1/cmr/m/n/10 The sim-plest al-go-rithm for MCMC is the Metropolis-Hastings
 al-go-rithm(Hastings,
 []

LaTeX Font Info:    Try loading font information for OMS+cmr on input line 115.

(/usr/share/texlive/texmf-dist/tex/latex/base/omscmr.fd
File: omscmr.fd 2014/09/29 v2.5h Standard LaTeX font definitions
)
LaTeX Font Info:    Font shape `OMS/cmr/m/n' in size <10> not available
(Font)              Font shape `OMS/cmsy/m/n' tried instead on input line 115.
Missing character: There is no â in font cmr10!
Missing character: There is no € in font cmr10!
Missing character: There is no ” in font cmr10!
 [3]
(/usr/share/texlive/texmf-dist/tex/latex/listings/lstlang1.sty
File: lstlang1.sty 2015/06/04 1.6 listings language file
)
LaTeX Font Info:    Font shape `OT1/cmtt/bx/n' in size <8> not available
(Font)              Font shape `OT1/cmtt/m/n' tried instead on input line 146.
<stim.png, id=26, 1255.69125pt x 240.9pt>
File: stim.png Graphic file (type png)
<use stim.png>
Package pdftex.def Info: stim.png  used on input line 168.
(pdftex.def)             Requested size: 345.0pt x 66.18704pt.
 [4]
<x_10.pdf, id=32, 361.35pt x 361.35pt>
File: x_10.pdf Graphic file (type pdf)
<use x_10.pdf>
Package pdftex.def Info: x_10.pdf  used on input line 175.
(pdftex.def)             Requested size: 110.40253pt x 110.40181pt.
<y_10.pdf, id=33, 361.35pt x 361.35pt>
File: y_10.pdf Graphic file (type pdf)
<use y_10.pdf>
Package pdftex.def Info: y_10.pdf  used on input line 176.
(pdftex.def)             Requested size: 110.40253pt x 110.40181pt.
<sigma_10.pdf, id=34, 361.35pt x 361.35pt>
File: sigma_10.pdf Graphic file (type pdf)
<use sigma_10.pdf>
Package pdftex.def Info: sigma_10.pdf  used on input line 177.
(pdftex.def)             Requested size: 110.40253pt x 110.40181pt.
LaTeX Font Info:    External font `cmex10' loaded for size
(Font)              <8> on input line 179.
LaTeX Font Info:    External font `cmex10' loaded for size
(Font)              <6> on input line 179.
<x_9.pdf, id=35, 361.35pt x 361.35pt>
File: x_9.pdf Graphic file (type pdf)
<use x_9.pdf>
Package pdftex.def Info: x_9.pdf  used on input line 180.
(pdftex.def)             Requested size: 110.40253pt x 110.40181pt.
<y_9.pdf, id=36, 361.35pt x 361.35pt>
File: y_9.pdf Graphic file (type pdf)
<use y_9.pdf>
Package pdftex.def Info: y_9.pdf  used on input line 181.
(pdftex.def)             Requested size: 110.40253pt x 110.40181pt.
<sigma_9.pdf, id=37, 361.35pt x 361.35pt>
File: sigma_9.pdf Graphic file (type pdf)
<use sigma_9.pdf>
Package pdftex.def Info: sigma_9.pdf  used on input line 182.
(pdftex.def)             Requested size: 110.40253pt x 110.40181pt.
<x_8.pdf, id=38, 361.35pt x 361.35pt>
File: x_8.pdf Graphic file (type pdf)
<use x_8.pdf>
Package pdftex.def Info: x_8.pdf  used on input line 185.
(pdftex.def)             Requested size: 110.40253pt x 110.40181pt.
<y_8.pdf, id=39, 361.35pt x 361.35pt>
File: y_8.pdf Graphic file (type pdf)
<use y_8.pdf>
Package pdftex.def Info: y_8.pdf  used on input line 186.
(pdftex.def)             Requested size: 110.40253pt x 110.40181pt.
<sigma_8.pdf, id=40, 361.35pt x 361.35pt>
File: sigma_8.pdf Graphic file (type pdf)
<use sigma_8.pdf>
Package pdftex.def Info: sigma_8.pdf  used on input line 187.
(pdftex.def)             Requested size: 110.40253pt x 110.40181pt.
<x_7.pdf, id=41, 361.35pt x 361.35pt>
File: x_7.pdf Graphic file (type pdf)
<use x_7.pdf>
Package pdftex.def Info: x_7.pdf  used on input line 193.
(pdftex.def)             Requested size: 110.40253pt x 110.40181pt.
<y_7.pdf, id=42, 361.35pt x 361.35pt>
File: y_7.pdf Graphic file (type pdf)
<use y_7.pdf>
Package pdftex.def Info: y_7.pdf  used on input line 194.
(pdftex.def)             Requested size: 110.40253pt x 110.40181pt.
<sigma_7.pdf, id=43, 361.35pt x 361.35pt>
File: sigma_7.pdf Graphic file (type pdf)
<use sigma_7.pdf>
Package pdftex.def Info: sigma_7.pdf  used on input line 195.
(pdftex.def)             Requested size: 110.40253pt x 110.40181pt.
<x_6.pdf, id=44, 361.35pt x 361.35pt>
File: x_6.pdf Graphic file (type pdf)
<use x_6.pdf>
Package pdftex.def Info: x_6.pdf  used on input line 198.
(pdftex.def)             Requested size: 110.40253pt x 110.40181pt.
<y_6.pdf, id=45, 361.35pt x 361.35pt>
File: y_6.pdf Graphic file (type pdf)
<use y_6.pdf>
Package pdftex.def Info: y_6.pdf  used on input line 199.
(pdftex.def)             Requested size: 110.40253pt x 110.40181pt.
<sigma_6.pdf, id=46, 361.35pt x 361.35pt>
File: sigma_6.pdf Graphic file (type pdf)
<use sigma_6.pdf>
Package pdftex.def Info: sigma_6.pdf  used on input line 200.
(pdftex.def)             Requested size: 110.40253pt x 110.40181pt.
<x_5.pdf, id=47, 361.35pt x 361.35pt>
File: x_5.pdf Graphic file (type pdf)
<use x_5.pdf>
Package pdftex.def Info: x_5.pdf  used on input line 203.
(pdftex.def)             Requested size: 110.40253pt x 110.40181pt.
<y_5.pdf, id=48, 361.35pt x 361.35pt>
File: y_5.pdf Graphic file (type pdf)
<use y_5.pdf>
Package pdftex.def Info: y_5.pdf  used on input line 204.
(pdftex.def)             Requested size: 110.40253pt x 110.40181pt.
<sigma_5.pdf, id=49, 361.35pt x 361.35pt>
File: sigma_5.pdf Graphic file (type pdf)
<use sigma_5.pdf>
Package pdftex.def Info: sigma_5.pdf  used on input line 205.
(pdftex.def)             Requested size: 110.40253pt x 110.40181pt.
 (./main.bbl [5 <./stim.png>] [6 <./x_10.pdf> <./y_10.pdf

pdfTeX warning: /usr/bin/pdflatex (file ./y_10.pdf): PDF inclusion: multiple pd
fs with page group included in a single page
> <./sigma_10.pdf

pdfTeX warning: /usr/bin/pdflatex (file ./sigma_10.pdf): PDF inclusion: multipl
e pdfs with page group included in a single page
> <./x_9.pdf

pdfTeX warning: /usr/bin/pdflatex (file ./x_9.pdf): PDF inclusion: multiple pdf
s with page group included in a single page
> <./y_9.pdf

pdfTeX warning: /usr/bin/pdflatex (file ./y_9.pdf): PDF inclusion: multiple pdf
s with page group included in a single page
> <./sigma_9.pdf

pdfTeX warning: /usr/bin/pdflatex (file ./sigma_9.pdf): PDF inclusion: multiple
 pdfs with page group included in a single page
> <./x_8.pdf

pdfTeX warning: /usr/bin/pdflatex (file ./x_8.pdf): PDF inclusion: multiple pdf
s with page group included in a single page
> <./y_8.pdf

pdfTeX warning: /usr/bin/pdflatex (file ./y_8.pdf): PDF inclusion: multiple pdf
s with page group included in a single page
> <./sigma_8.pdf

pdfTeX warning: /usr/bin/pdflatex (file ./sigma_8.pdf): PDF inclusion: multiple
 pdfs with page group included in a single page
>] [7 <./x_7.pdf> <./y_7.pdf

pdfTeX warning: /usr/bin/pdflatex (file ./y_7.pdf): PDF inclusion: multiple pdf
s with page group included in a single page
> <./sigma_7.pdf

pdfTeX warning: /usr/bin/pdflatex (file ./sigma_7.pdf): PDF inclusion: multiple
 pdfs with page group included in a single page
> <./x_6.pdf

pdfTeX warning: /usr/bin/pdflatex (file ./x_6.pdf): PDF inclusion: multiple pdf
s with page group included in a single page
> <./y_6.pdf

pdfTeX warning: /usr/bin/pdflatex (file ./y_6.pdf): PDF inclusion: multiple pdf
s with page group included in a single page
> <./sigma_6.pdf

pdfTeX warning: /usr/bin/pdflatex (file ./sigma_6.pdf): PDF inclusion: multiple
 pdfs with page group included in a single page
> <./x_5.pdf

pdfTeX warning: /usr/bin/pdflatex (file ./x_5.pdf): PDF inclusion: multiple pdf
s with page group included in a single page
> <./y_5.pdf

pdfTeX warning: /usr/bin/pdflatex (file ./y_5.pdf): PDF inclusion: multiple pdf
s with page group included in a single page
> <./sigma_5.pdf

pdfTeX warning: /usr/bin/pdflatex (file ./sigma_5.pdf): PDF inclusion: multiple
 pdfs with page group included in a single page
>]
Underfull \hbox (badness 3323) in paragraph at lines 27--34
[]\OT1/cmr/m/n/10 Dumoulin, S. O., & Wan-dell, B. A. (2008).  Pop-u-la-tion re-
cep-tive
 []


Underfull \hbox (badness 1924) in paragraph at lines 27--34
\OT1/cmr/m/n/10 field es-ti-mates in hu-man vi-sual cor-tex.  \OT1/cmr/m/it/10 
Neu-roIm-age\OT1/cmr/m/n/10 , \OT1/cmr/m/it/10 39\OT1/cmr/m/n/10 , 647--660.
 []


Underfull \hbox (badness 10000) in paragraph at lines 43--50
[]\OT1/cmtt/m/n/10 Kay, K. N., Winawer, J., Mezer, A., & Wandell, B. A. (2013).

 []


Underfull \hbox (badness 10000) in paragraph at lines 43--50
\OT1/cmtt/m/n/10 Compressive spatial summation in human visual cortex.  \OT1/cm
r/m/it/10 Jour-nal
 []

) [8] (./main.aux) ) 
Here is how much of TeX's memory you used:
 4300 strings out of 494923
 57439 string characters out of 6180742
 208541 words of memory out of 5000000
 7564 multiletter control sequences out of 15000+600000
 7103 words of font info for 26 fonts, out of 8000000 for 9000
 14 hyphenation exceptions out of 8191
 41i,8n,48p,501b,1444s stack positions out of 5000i,500n,10000p,200000b,80000s
</usr/share/texlive/texmf-dist/fonts/type1/public/amsfonts/
cm/cmbx10.pfb></usr/share/texlive/texmf-dist/fonts/type1/public/amsfonts/cm/cme
x10.pfb></usr/share/texlive/texmf-dist/fonts/type1/public/amsfonts/cm/cmmi10.pf
b></usr/share/texlive/texmf-dist/fonts/type1/public/amsfonts/cm/cmmi5.pfb></usr
/share/texlive/texmf-dist/fonts/type1/public/amsfonts/cm/cmmi7.pfb></usr/share/
texlive/texmf-dist/fonts/type1/public/amsfonts/cm/cmmi8.pfb></usr/share/texlive
/texmf-dist/fonts/type1/public/amsfonts/cm/cmr10.pfb></usr/share/texlive/texmf-
dist/fonts/type1/public/amsfonts/cm/cmr12.pfb></usr/share/texlive/texmf-dist/fo
nts/type1/public/amsfonts/cm/cmr5.pfb></usr/share/texlive/texmf-dist/fonts/type
1/public/amsfonts/cm/cmr7.pfb></usr/share/texlive/texmf-dist/fonts/type1/public
/amsfonts/cm/cmr8.pfb></usr/share/texlive/texmf-dist/fonts/type1/public/amsfont
s/cm/cmsy10.pfb></usr/share/texlive/texmf-dist/fonts/type1/public/amsfonts/cm/c
msy5.pfb></usr/share/texlive/texmf-dist/fonts/type1/public/amsfonts/cm/cmsy7.pf
b></usr/share/texlive/texmf-dist/fonts/type1/public/amsfonts/cm/cmti10.pfb></us
r/share/texlive/texmf-dist/fonts/type1/public/amsfonts/cm/cmti8.pfb></usr/share
/texlive/texmf-dist/fonts/type1/public/amsfonts/cm/cmtt10.pfb></usr/share/texli
ve/texmf-dist/fonts/type1/public/amsfonts/cm/cmtt8.pfb>
Output written on main.pdf (8 pages, 4201882 bytes).
PDF statistics:
 41081 PDF objects out of 45951 (max. 8388607)
 27167 compressed objects within 272 object streams
 0 named destinations out of 1000 (max. 500000)
 96 words of extra memory for PDF output out of 10000 (max. 10000000)

