This is pdfTeX, Version 3.14159265-2.6-1.40.18 (TeX Live 2017/Debian) (preloaded format=pdflatex 2018.10.13)  5 NOV 2018 13:45
entering extended mode
 restricted \write18 enabled.
 %&-line parsing enabled.
**main.tex
(./main.tex
LaTeX2e <2017-04-15>
Babel <3.18> and hyphenation patterns for 84 language(s) loaded.
(/usr/share/texlive/texmf-dist/tex/latex/beamer/beamer.cls
Document Class: beamer 2018/02/20 v3.50 A class for typesetting presentations
(/usr/share/texlive/texmf-dist/tex/latex/beamer/beamerbasemodes.sty
(/usr/share/texlive/texmf-dist/tex/latex/etoolbox/etoolbox.sty
Package: etoolbox 2018/02/11 v2.5e e-TeX tools for LaTeX (JAW)
\etb@tempcnta=\count79
)
\beamer@tempbox=\box26
\beamer@tempcount=\count80
\c@beamerpauses=\count81

(/usr/share/texlive/texmf-dist/tex/latex/beamer/beamerbasedecode.sty
\beamer@slideinframe=\count82
\beamer@minimum=\count83
)
\beamer@commentbox=\box27
\beamer@modecount=\count84
)
(/usr/share/texlive/texmf-dist/tex/generic/oberdiek/ifpdf.sty
Package: ifpdf 2017/03/15 v3.2 Provides the ifpdf switch
)
\headdp=\dimen102
\footheight=\dimen103
\sidebarheight=\dimen104
\beamer@tempdim=\dimen105
\beamer@finalheight=\dimen106
\beamer@animht=\dimen107
\beamer@animdp=\dimen108
\beamer@animwd=\dimen109
\beamer@leftmargin=\dimen110
\beamer@rightmargin=\dimen111
\beamer@leftsidebar=\dimen112
\beamer@rightsidebar=\dimen113
\beamer@boxsize=\dimen114
\beamer@vboxoffset=\dimen115
\beamer@descdefault=\dimen116
\beamer@descriptionwidth=\dimen117
\beamer@lastskip=\skip41
\beamer@areabox=\box28
\beamer@animcurrent=\box29
\beamer@animshowbox=\box30
\beamer@sectionbox=\box31
\beamer@logobox=\box32
\beamer@linebox=\box33
\beamer@sectioncount=\count85
\beamer@subsubsectionmax=\count86
\beamer@subsectionmax=\count87
\beamer@sectionmax=\count88
\beamer@totalheads=\count89
\beamer@headcounter=\count90
\beamer@partstartpage=\count91
\beamer@sectionstartpage=\count92
\beamer@subsectionstartpage=\count93
\beamer@animationtempa=\count94
\beamer@animationtempb=\count95
\beamer@xpos=\count96
\beamer@ypos=\count97
\beamer@ypos@offset=\count98
\beamer@showpartnumber=\count99
\beamer@currentsubsection=\count100
\beamer@coveringdepth=\count101
\beamer@sectionadjust=\count102
\beamer@tocsectionnumber=\count103

(/usr/share/texlive/texmf-dist/tex/latex/beamer/beamerbaseoptions.sty
(/usr/share/texlive/texmf-dist/tex/latex/graphics/keyval.sty
Package: keyval 2014/10/28 v1.15 key=value parser (DPC)
\KV@toks@=\toks14
))
\beamer@paperwidth=\skip42
\beamer@paperheight=\skip43

(/usr/share/texlive/texmf-dist/tex/latex/geometry/geometry.sty
Package: geometry 2010/09/12 v5.6 Page Geometry

(/usr/share/texlive/texmf-dist/tex/generic/oberdiek/ifvtex.sty
Package: ifvtex 2016/05/16 v1.6 Detect VTeX and its facilities (HO)
Package ifvtex Info: VTeX not detected.
)
(/usr/share/texlive/texmf-dist/tex/generic/ifxetex/ifxetex.sty
Package: ifxetex 2010/09/12 v0.6 Provides ifxetex conditional
)
\Gm@cnth=\count104
\Gm@cntv=\count105
\c@Gm@tempcnt=\count106
\Gm@bindingoffset=\dimen118
\Gm@wd@mp=\dimen119
\Gm@odd@mp=\dimen120
\Gm@even@mp=\dimen121
\Gm@layoutwidth=\dimen122
\Gm@layoutheight=\dimen123
\Gm@layouthoffset=\dimen124
\Gm@layoutvoffset=\dimen125
\Gm@dimlist=\toks15
)
(/usr/share/texlive/texmf-dist/tex/latex/base/size11.clo
File: size11.clo 2014/09/29 v1.4h Standard LaTeX file (size option)
)
(/usr/share/texlive/texmf-dist/tex/latex/pgf/basiclayer/pgfcore.sty
(/usr/share/texlive/texmf-dist/tex/latex/graphics/graphicx.sty
Package: graphicx 2017/06/01 v1.1a Enhanced LaTeX Graphics (DPC,SPQR)

(/usr/share/texlive/texmf-dist/tex/latex/graphics/graphics.sty
Package: graphics 2017/06/25 v1.2c Standard LaTeX Graphics (DPC,SPQR)

(/usr/share/texlive/texmf-dist/tex/latex/graphics/trig.sty
Package: trig 2016/01/03 v1.10 sin cos tan (DPC)
)
(/usr/share/texlive/texmf-dist/tex/latex/graphics-cfg/graphics.cfg
File: graphics.cfg 2016/06/04 v1.11 sample graphics configuration
)
Package graphics Info: Driver file: pdftex.def on input line 99.

(/usr/share/texlive/texmf-dist/tex/latex/graphics-def/pdftex.def
File: pdftex.def 2018/01/08 v1.0l Graphics/color driver for pdftex
))
\Gin@req@height=\dimen126
\Gin@req@width=\dimen127
)
(/usr/share/texlive/texmf-dist/tex/latex/pgf/systemlayer/pgfsys.sty
(/usr/share/texlive/texmf-dist/tex/latex/pgf/utilities/pgfrcs.sty
(/usr/share/texlive/texmf-dist/tex/generic/pgf/utilities/pgfutil-common.tex
\pgfutil@everybye=\toks16
\pgfutil@tempdima=\dimen128
\pgfutil@tempdimb=\dimen129

(/usr/share/texlive/texmf-dist/tex/generic/pgf/utilities/pgfutil-common-lists.t
ex)) (/usr/share/texlive/texmf-dist/tex/generic/pgf/utilities/pgfutil-latex.def
\pgfutil@abb=\box34
(/usr/share/texlive/texmf-dist/tex/latex/ms/everyshi.sty
Package: everyshi 2001/05/15 v3.00 EveryShipout Package (MS)
))
(/usr/share/texlive/texmf-dist/tex/generic/pgf/utilities/pgfrcs.code.tex
Package: pgfrcs 2015/08/07 v3.0.1a (rcs-revision 1.31)
))
(/usr/share/texlive/texmf-dist/tex/generic/pgf/systemlayer/pgfsys.code.tex
Package: pgfsys 2014/07/09 v3.0.1a (rcs-revision 1.48)

(/usr/share/texlive/texmf-dist/tex/generic/pgf/utilities/pgfkeys.code.tex
\pgfkeys@pathtoks=\toks17
\pgfkeys@temptoks=\toks18

(/usr/share/texlive/texmf-dist/tex/generic/pgf/utilities/pgfkeysfiltered.code.t
ex
\pgfkeys@tmptoks=\toks19
))
\pgf@x=\dimen130
\pgf@y=\dimen131
\pgf@xa=\dimen132
\pgf@ya=\dimen133
\pgf@xb=\dimen134
\pgf@yb=\dimen135
\pgf@xc=\dimen136
\pgf@yc=\dimen137
\w@pgf@writea=\write3
\r@pgf@reada=\read1
\c@pgf@counta=\count107
\c@pgf@countb=\count108
\c@pgf@countc=\count109
\c@pgf@countd=\count110
\t@pgf@toka=\toks20
\t@pgf@tokb=\toks21
\t@pgf@tokc=\toks22
 (/usr/share/texlive/texmf-dist/tex/generic/pgf/systemlayer/pgf.cfg
File: pgf.cfg 2008/05/14  (rcs-revision 1.7)
)
Driver file for pgf: pgfsys-pdftex.def

(/usr/share/texlive/texmf-dist/tex/generic/pgf/systemlayer/pgfsys-pdftex.def
File: pgfsys-pdftex.def 2014/10/11  (rcs-revision 1.35)

(/usr/share/texlive/texmf-dist/tex/generic/pgf/systemlayer/pgfsys-common-pdf.de
f
File: pgfsys-common-pdf.def 2013/10/10  (rcs-revision 1.13)
)))
(/usr/share/texlive/texmf-dist/tex/generic/pgf/systemlayer/pgfsyssoftpath.code.
tex
File: pgfsyssoftpath.code.tex 2013/09/09  (rcs-revision 1.9)
\pgfsyssoftpath@smallbuffer@items=\count111
\pgfsyssoftpath@bigbuffer@items=\count112
)
(/usr/share/texlive/texmf-dist/tex/generic/pgf/systemlayer/pgfsysprotocol.code.
tex
File: pgfsysprotocol.code.tex 2006/10/16  (rcs-revision 1.4)
)) (/usr/share/texlive/texmf-dist/tex/latex/xcolor/xcolor.sty
Package: xcolor 2016/05/11 v2.12 LaTeX color extensions (UK)

(/usr/share/texlive/texmf-dist/tex/latex/graphics-cfg/color.cfg
File: color.cfg 2016/01/02 v1.6 sample color configuration
)
Package xcolor Info: Driver file: pdftex.def on input line 225.
Package xcolor Info: Model `cmy' substituted by `cmy0' on input line 1348.
Package xcolor Info: Model `hsb' substituted by `rgb' on input line 1352.
Package xcolor Info: Model `RGB' extended on input line 1364.
Package xcolor Info: Model `HTML' substituted by `rgb' on input line 1366.
Package xcolor Info: Model `Hsb' substituted by `hsb' on input line 1367.
Package xcolor Info: Model `tHsb' substituted by `hsb' on input line 1368.
Package xcolor Info: Model `HSB' substituted by `hsb' on input line 1369.
Package xcolor Info: Model `Gray' substituted by `gray' on input line 1370.
Package xcolor Info: Model `wave' substituted by `hsb' on input line 1371.
)
(/usr/share/texlive/texmf-dist/tex/generic/pgf/basiclayer/pgfcore.code.tex
Package: pgfcore 2010/04/11 v3.0.1a (rcs-revision 1.7)

(/usr/share/texlive/texmf-dist/tex/generic/pgf/math/pgfmath.code.tex
(/usr/share/texlive/texmf-dist/tex/generic/pgf/math/pgfmathcalc.code.tex
(/usr/share/texlive/texmf-dist/tex/generic/pgf/math/pgfmathutil.code.tex)
(/usr/share/texlive/texmf-dist/tex/generic/pgf/math/pgfmathparser.code.tex
\pgfmath@dimen=\dimen138
\pgfmath@count=\count113
\pgfmath@box=\box35
\pgfmath@toks=\toks23
\pgfmath@stack@operand=\toks24
\pgfmath@stack@operation=\toks25
)
(/usr/share/texlive/texmf-dist/tex/generic/pgf/math/pgfmathfunctions.code.tex
(/usr/share/texlive/texmf-dist/tex/generic/pgf/math/pgfmathfunctions.basic.code
.tex)
(/usr/share/texlive/texmf-dist/tex/generic/pgf/math/pgfmathfunctions.trigonomet
ric.code.tex)
(/usr/share/texlive/texmf-dist/tex/generic/pgf/math/pgfmathfunctions.random.cod
e.tex)
(/usr/share/texlive/texmf-dist/tex/generic/pgf/math/pgfmathfunctions.comparison
.code.tex)
(/usr/share/texlive/texmf-dist/tex/generic/pgf/math/pgfmathfunctions.base.code.
tex)
(/usr/share/texlive/texmf-dist/tex/generic/pgf/math/pgfmathfunctions.round.code
.tex)
(/usr/share/texlive/texmf-dist/tex/generic/pgf/math/pgfmathfunctions.misc.code.
tex)
(/usr/share/texlive/texmf-dist/tex/generic/pgf/math/pgfmathfunctions.integerari
thmetics.code.tex)))
(/usr/share/texlive/texmf-dist/tex/generic/pgf/math/pgfmathfloat.code.tex
\c@pgfmathroundto@lastzeros=\count114
))
(/usr/share/texlive/texmf-dist/tex/generic/pgf/basiclayer/pgfcorepoints.code.te
x
File: pgfcorepoints.code.tex 2013/10/07  (rcs-revision 1.27)
\pgf@picminx=\dimen139
\pgf@picmaxx=\dimen140
\pgf@picminy=\dimen141
\pgf@picmaxy=\dimen142
\pgf@pathminx=\dimen143
\pgf@pathmaxx=\dimen144
\pgf@pathminy=\dimen145
\pgf@pathmaxy=\dimen146
\pgf@xx=\dimen147
\pgf@xy=\dimen148
\pgf@yx=\dimen149
\pgf@yy=\dimen150
\pgf@zx=\dimen151
\pgf@zy=\dimen152
)
(/usr/share/texlive/texmf-dist/tex/generic/pgf/basiclayer/pgfcorepathconstruct.
code.tex
File: pgfcorepathconstruct.code.tex 2013/10/07  (rcs-revision 1.29)
\pgf@path@lastx=\dimen153
\pgf@path@lasty=\dimen154
)
(/usr/share/texlive/texmf-dist/tex/generic/pgf/basiclayer/pgfcorepathusage.code
.tex
File: pgfcorepathusage.code.tex 2014/11/02  (rcs-revision 1.24)
\pgf@shorten@end@additional=\dimen155
\pgf@shorten@start@additional=\dimen156
)
(/usr/share/texlive/texmf-dist/tex/generic/pgf/basiclayer/pgfcorescopes.code.te
x
File: pgfcorescopes.code.tex 2015/05/08  (rcs-revision 1.46)
\pgfpic=\box36
\pgf@hbox=\box37
\pgf@layerbox@main=\box38
\pgf@picture@serial@count=\count115
)
(/usr/share/texlive/texmf-dist/tex/generic/pgf/basiclayer/pgfcoregraphicstate.c
ode.tex
File: pgfcoregraphicstate.code.tex 2014/11/02  (rcs-revision 1.12)
\pgflinewidth=\dimen157
)
(/usr/share/texlive/texmf-dist/tex/generic/pgf/basiclayer/pgfcoretransformation
s.code.tex
File: pgfcoretransformations.code.tex 2015/08/07  (rcs-revision 1.20)
\pgf@pt@x=\dimen158
\pgf@pt@y=\dimen159
\pgf@pt@temp=\dimen160
)
(/usr/share/texlive/texmf-dist/tex/generic/pgf/basiclayer/pgfcorequick.code.tex
File: pgfcorequick.code.tex 2008/10/09  (rcs-revision 1.3)
)
(/usr/share/texlive/texmf-dist/tex/generic/pgf/basiclayer/pgfcoreobjects.code.t
ex
File: pgfcoreobjects.code.tex 2006/10/11  (rcs-revision 1.2)
)
(/usr/share/texlive/texmf-dist/tex/generic/pgf/basiclayer/pgfcorepathprocessing
.code.tex
File: pgfcorepathprocessing.code.tex 2013/09/09  (rcs-revision 1.9)
)
(/usr/share/texlive/texmf-dist/tex/generic/pgf/basiclayer/pgfcorearrows.code.te
x
File: pgfcorearrows.code.tex 2015/05/14  (rcs-revision 1.43)
\pgfarrowsep=\dimen161
)
(/usr/share/texlive/texmf-dist/tex/generic/pgf/basiclayer/pgfcoreshade.code.tex
File: pgfcoreshade.code.tex 2013/07/15  (rcs-revision 1.15)
\pgf@max=\dimen162
\pgf@sys@shading@range@num=\count116
)
(/usr/share/texlive/texmf-dist/tex/generic/pgf/basiclayer/pgfcoreimage.code.tex
File: pgfcoreimage.code.tex 2013/07/15  (rcs-revision 1.18)

(/usr/share/texlive/texmf-dist/tex/generic/pgf/basiclayer/pgfcoreexternal.code.
tex
File: pgfcoreexternal.code.tex 2014/07/09  (rcs-revision 1.21)
\pgfexternal@startupbox=\box39
))
(/usr/share/texlive/texmf-dist/tex/generic/pgf/basiclayer/pgfcorelayers.code.te
x
File: pgfcorelayers.code.tex 2013/07/18  (rcs-revision 1.7)
)
(/usr/share/texlive/texmf-dist/tex/generic/pgf/basiclayer/pgfcoretransparency.c
ode.tex
File: pgfcoretransparency.code.tex 2013/09/30  (rcs-revision 1.5)
)
(/usr/share/texlive/texmf-dist/tex/generic/pgf/basiclayer/pgfcorepatterns.code.
tex
File: pgfcorepatterns.code.tex 2013/11/07  (rcs-revision 1.5)
))) (/usr/share/texlive/texmf-dist/tex/latex/pgf/utilities/xxcolor.sty
Package: xxcolor 2003/10/24 ver 0.1
\XC@nummixins=\count117
\XC@countmixins=\count118
)
(/usr/share/texlive/texmf-dist/tex/generic/oberdiek/atbegshi.sty
Package: atbegshi 2016/06/09 v1.18 At begin shipout hook (HO)

(/usr/share/texlive/texmf-dist/tex/generic/oberdiek/infwarerr.sty
Package: infwarerr 2016/05/16 v1.4 Providing info/warning/error messages (HO)
)
(/usr/share/texlive/texmf-dist/tex/generic/oberdiek/ltxcmds.sty
Package: ltxcmds 2016/05/16 v1.23 LaTeX kernel commands for general use (HO)
))
(/usr/share/texlive/texmf-dist/tex/latex/hyperref/hyperref.sty
Package: hyperref 2018/02/06 v6.86b Hypertext links for LaTeX

(/usr/share/texlive/texmf-dist/tex/generic/oberdiek/hobsub-hyperref.sty
Package: hobsub-hyperref 2016/05/16 v1.14 Bundle oberdiek, subset hyperref (HO)


(/usr/share/texlive/texmf-dist/tex/generic/oberdiek/hobsub-generic.sty
Package: hobsub-generic 2016/05/16 v1.14 Bundle oberdiek, subset generic (HO)
Package: hobsub 2016/05/16 v1.14 Construct package bundles (HO)
Package hobsub Info: Skipping package `infwarerr' (already loaded).
Package hobsub Info: Skipping package `ltxcmds' (already loaded).
Package: ifluatex 2016/05/16 v1.4 Provides the ifluatex switch (HO)
Package ifluatex Info: LuaTeX not detected.
Package hobsub Info: Skipping package `ifvtex' (already loaded).
Package: intcalc 2016/05/16 v1.2 Expandable calculations with integers (HO)
Package hobsub Info: Skipping package `ifpdf' (already loaded).
Package: etexcmds 2016/05/16 v1.6 Avoid name clashes with e-TeX commands (HO)
Package etexcmds Info: Could not find \expanded.
(etexcmds)             That can mean that you are not using pdfTeX 1.50 or
(etexcmds)             that some package has redefined \expanded.
(etexcmds)             In the latter case, load this package earlier.
Package: kvsetkeys 2016/05/16 v1.17 Key value parser (HO)
Package: kvdefinekeys 2016/05/16 v1.4 Define keys (HO)
Package: pdftexcmds 2018/01/21 v0.26 Utility functions of pdfTeX for LuaTeX (HO
)
Package pdftexcmds Info: LuaTeX not detected.
Package pdftexcmds Info: \pdf@primitive is available.
Package pdftexcmds Info: \pdf@ifprimitive is available.
Package pdftexcmds Info: \pdfdraftmode found.
Package: pdfescape 2016/05/16 v1.14 Implements pdfTeX's escape features (HO)
Package: bigintcalc 2016/05/16 v1.4 Expandable calculations on big integers (HO
)
Package: bitset 2016/05/16 v1.2 Handle bit-vector datatype (HO)
Package: uniquecounter 2016/05/16 v1.3 Provide unlimited unique counter (HO)
)
Package hobsub Info: Skipping package `hobsub' (already loaded).
Package: letltxmacro 2016/05/16 v1.5 Let assignment for LaTeX macros (HO)
Package: hopatch 2016/05/16 v1.3 Wrapper for package hooks (HO)
Package: xcolor-patch 2016/05/16 xcolor patch
Package: atveryend 2016/05/16 v1.9 Hooks at the very end of document (HO)
Package hobsub Info: Skipping package `atbegshi' (already loaded).
Package: refcount 2016/05/16 v3.5 Data extraction from label references (HO)
Package: hycolor 2016/05/16 v1.8 Color options for hyperref/bookmark (HO)
)
(/usr/share/texlive/texmf-dist/tex/latex/oberdiek/auxhook.sty
Package: auxhook 2016/05/16 v1.4 Hooks for auxiliary files (HO)
)
(/usr/share/texlive/texmf-dist/tex/latex/oberdiek/kvoptions.sty
Package: kvoptions 2016/05/16 v3.12 Key value format for package options (HO)
)
\@linkdim=\dimen163
\Hy@linkcounter=\count119
\Hy@pagecounter=\count120

(/usr/share/texlive/texmf-dist/tex/latex/hyperref/pd1enc.def
File: pd1enc.def 2018/02/06 v6.86b Hyperref: PDFDocEncoding definition (HO)
)
\Hy@SavedSpaceFactor=\count121

(/usr/share/texlive/texmf-dist/tex/latex/latexconfig/hyperref.cfg
File: hyperref.cfg 2002/06/06 v1.2 hyperref configuration of TeXLive
)
Package hyperref Info: Option `bookmarks' set `true' on input line 4383.
Package hyperref Info: Option `bookmarksopen' set `true' on input line 4383.
Package hyperref Info: Option `implicit' set `false' on input line 4383.
Package hyperref Info: Hyper figures OFF on input line 4509.
Package hyperref Info: Link nesting OFF on input line 4514.
Package hyperref Info: Hyper index ON on input line 4517.
Package hyperref Info: Plain pages OFF on input line 4524.
Package hyperref Info: Backreferencing OFF on input line 4529.
Package hyperref Info: Implicit mode OFF; no redefinition of LaTeX internals.
Package hyperref Info: Bookmarks ON on input line 4762.
\c@Hy@tempcnt=\count122

(/usr/share/texlive/texmf-dist/tex/latex/url/url.sty
\Urlmuskip=\muskip10
Package: url 2013/09/16  ver 3.4  Verb mode for urls, etc.
)
LaTeX Info: Redefining \url on input line 5115.
\XeTeXLinkMargin=\dimen164
\Fld@menulength=\count123
\Field@Width=\dimen165
\Fld@charsize=\dimen166
Package hyperref Info: Hyper figures OFF on input line 6369.
Package hyperref Info: Link nesting OFF on input line 6374.
Package hyperref Info: Hyper index ON on input line 6377.
Package hyperref Info: backreferencing OFF on input line 6384.
Package hyperref Info: Link coloring OFF on input line 6389.
Package hyperref Info: Link coloring with OCG OFF on input line 6394.
Package hyperref Info: PDF/A mode OFF on input line 6399.
LaTeX Info: Redefining \ref on input line 6439.
LaTeX Info: Redefining \pageref on input line 6443.
\Hy@abspage=\count124


Package hyperref Message: Stopped early.

)
Package hyperref Info: Driver (autodetected): hpdftex.
 (/usr/share/texlive/texmf-dist/tex/latex/hyperref/hpdftex.def
File: hpdftex.def 2018/02/06 v6.86b Hyperref driver for pdfTeX
\Fld@listcount=\count125
\c@bookmark@seq@number=\count126

(/usr/share/texlive/texmf-dist/tex/latex/oberdiek/rerunfilecheck.sty
Package: rerunfilecheck 2016/05/16 v1.8 Rerun checks for auxiliary files (HO)
Package uniquecounter Info: New unique counter `rerunfilecheck' on input line 2
82.
))
(/usr/share/texlive/texmf-dist/tex/latex/beamer/beamerbaserequires.sty
(/usr/share/texlive/texmf-dist/tex/latex/beamer/beamerbasecompatibility.sty)
(/usr/share/texlive/texmf-dist/tex/latex/beamer/beamerbasefont.sty
(/usr/share/texlive/texmf-dist/tex/latex/amsfonts/amssymb.sty
Package: amssymb 2013/01/14 v3.01 AMS font symbols

(/usr/share/texlive/texmf-dist/tex/latex/amsfonts/amsfonts.sty
Package: amsfonts 2013/01/14 v3.01 Basic AMSFonts support
\@emptytoks=\toks26
\symAMSa=\mathgroup4
\symAMSb=\mathgroup5
LaTeX Font Info:    Overwriting math alphabet `\mathfrak' in version `bold'
(Font)                  U/euf/m/n --> U/euf/b/n on input line 106.
))
(/usr/share/texlive/texmf-dist/tex/latex/sansmathaccent/sansmathaccent.sty
Package: sansmathaccent 2013/03/28

(/usr/share/texlive/texmf-dist/tex/latex/filehook/filehook.sty
Package: filehook 2011/10/12 v0.5d Hooks for input files
)))
(/usr/share/texlive/texmf-dist/tex/latex/beamer/beamerbasetranslator.sty
(/usr/share/texlive/texmf-dist/tex/latex/translator/translator.sty
Package: translator 2018/01/04 v1.12 Easy translation of strings in LaTeX
))
(/usr/share/texlive/texmf-dist/tex/latex/beamer/beamerbasemisc.sty)
(/usr/share/texlive/texmf-dist/tex/latex/beamer/beamerbasetwoscreens.sty)
(/usr/share/texlive/texmf-dist/tex/latex/beamer/beamerbaseoverlay.sty
\beamer@argscount=\count127
\beamer@lastskipcover=\skip44
\beamer@trivlistdepth=\count128
)
(/usr/share/texlive/texmf-dist/tex/latex/beamer/beamerbasetitle.sty)
(/usr/share/texlive/texmf-dist/tex/latex/beamer/beamerbasesection.sty
\c@lecture=\count129
\c@part=\count130
\c@section=\count131
\c@subsection=\count132
\c@subsubsection=\count133
)
(/usr/share/texlive/texmf-dist/tex/latex/beamer/beamerbaseframe.sty
\beamer@framebox=\box40
\beamer@frametitlebox=\box41
\beamer@zoombox=\box42
\beamer@zoomcount=\count134
\beamer@zoomframecount=\count135
\beamer@frametextheight=\dimen167
\c@subsectionslide=\count136
\beamer@frametopskip=\skip45
\beamer@framebottomskip=\skip46
\beamer@frametopskipautobreak=\skip47
\beamer@framebottomskipautobreak=\skip48
\beamer@envbody=\toks27
\framewidth=\dimen168
\c@framenumber=\count137
)
(/usr/share/texlive/texmf-dist/tex/latex/beamer/beamerbaseverbatim.sty
\beamer@verbatimfileout=\write4
)
(/usr/share/texlive/texmf-dist/tex/latex/beamer/beamerbaseframesize.sty
\beamer@splitbox=\box43
\beamer@autobreakcount=\count138
\beamer@autobreaklastheight=\dimen169
\beamer@frametitletoks=\toks28
\beamer@framesubtitletoks=\toks29
)
(/usr/share/texlive/texmf-dist/tex/latex/beamer/beamerbaseframecomponents.sty
\beamer@footins=\box44
)
(/usr/share/texlive/texmf-dist/tex/latex/beamer/beamerbasecolor.sty
\beamer@bg@ht=\dimen170
\beamer@bg@wd=\dimen171
\beamer@bg@dp=\dimen172
)
(/usr/share/texlive/texmf-dist/tex/latex/beamer/beamerbasenotes.sty
\beamer@frameboxcopy=\box45
)
(/usr/share/texlive/texmf-dist/tex/latex/beamer/beamerbasetoc.sty)
(/usr/share/texlive/texmf-dist/tex/latex/beamer/beamerbasetemplates.sty
\beamer@sbttoks=\toks30

(/usr/share/texlive/texmf-dist/tex/latex/beamer/beamerbaseauxtemplates.sty
(/usr/share/texlive/texmf-dist/tex/latex/beamer/beamerbaseboxes.sty
\bmb@box=\box46
\bmb@colorbox=\box47
\bmb@boxshadow=\box48
\bmb@boxshadowball=\box49
\bmb@boxshadowballlarge=\box50
\bmb@temp=\dimen173
\bmb@dima=\dimen174
\bmb@dimb=\dimen175
\bmb@prevheight=\dimen176
)
\beamer@blockheadheight=\dimen177
))
(/usr/share/texlive/texmf-dist/tex/latex/beamer/beamerbaselocalstructure.sty
(/usr/share/texlive/texmf-dist/tex/latex/tools/enumerate.sty
Package: enumerate 2015/07/23 v3.00 enumerate extensions (DPC)
\@enLab=\toks31
)
\c@figure=\count139
\c@table=\count140
\abovecaptionskip=\skip49
\belowcaptionskip=\skip50
)
(/usr/share/texlive/texmf-dist/tex/latex/beamer/beamerbasenavigation.sty
\beamer@section@min@dim=\dimen178
)
(/usr/share/texlive/texmf-dist/tex/latex/beamer/beamerbasetheorems.sty
(/usr/share/texlive/texmf-dist/tex/latex/amsmath/amsmath.sty
Package: amsmath 2017/09/02 v2.17a AMS math features
\@mathmargin=\skip51

For additional information on amsmath, use the `?' option.
(/usr/share/texlive/texmf-dist/tex/latex/amsmath/amstext.sty
Package: amstext 2000/06/29 v2.01 AMS text

(/usr/share/texlive/texmf-dist/tex/latex/amsmath/amsgen.sty
File: amsgen.sty 1999/11/30 v2.0 generic functions
\@emptytoks=\toks32
\ex@=\dimen179
))
(/usr/share/texlive/texmf-dist/tex/latex/amsmath/amsbsy.sty
Package: amsbsy 1999/11/29 v1.2d Bold Symbols
\pmbraise@=\dimen180
)
(/usr/share/texlive/texmf-dist/tex/latex/amsmath/amsopn.sty
Package: amsopn 2016/03/08 v2.02 operator names
)
\inf@bad=\count141
LaTeX Info: Redefining \frac on input line 213.
\uproot@=\count142
\leftroot@=\count143
LaTeX Info: Redefining \overline on input line 375.
\classnum@=\count144
\DOTSCASE@=\count145
LaTeX Info: Redefining \ldots on input line 472.
LaTeX Info: Redefining \dots on input line 475.
LaTeX Info: Redefining \cdots on input line 596.
\Mathstrutbox@=\box51
\strutbox@=\box52
\big@size=\dimen181
LaTeX Font Info:    Redeclaring font encoding OML on input line 712.
LaTeX Font Info:    Redeclaring font encoding OMS on input line 713.
\macc@depth=\count146
\c@MaxMatrixCols=\count147
\dotsspace@=\muskip11
\c@parentequation=\count148
\dspbrk@lvl=\count149
\tag@help=\toks33
\row@=\count150
\column@=\count151
\maxfields@=\count152
\andhelp@=\toks34
\eqnshift@=\dimen182
\alignsep@=\dimen183
\tagshift@=\dimen184
\tagwidth@=\dimen185
\totwidth@=\dimen186
\lineht@=\dimen187
\@envbody=\toks35
\multlinegap=\skip52
\multlinetaggap=\skip53
\mathdisplay@stack=\toks36
LaTeX Info: Redefining \[ on input line 2817.
LaTeX Info: Redefining \] on input line 2818.
)
(/usr/share/texlive/texmf-dist/tex/latex/amscls/amsthm.sty
Package: amsthm 2017/10/31 v2.20.4
\thm@style=\toks37
\thm@bodyfont=\toks38
\thm@headfont=\toks39
\thm@notefont=\toks40
\thm@headpunct=\toks41
\thm@preskip=\skip54
\thm@postskip=\skip55
\thm@headsep=\skip56
\dth@everypar=\toks42
)
\c@theorem=\count153
)
(/usr/share/texlive/texmf-dist/tex/latex/beamer/beamerbasethemes.sty))
(/usr/share/texlive/texmf-dist/tex/latex/beamer/beamerthemedefault.sty
(/usr/share/texlive/texmf-dist/tex/latex/beamer/beamerfontthemedefault.sty)
(/usr/share/texlive/texmf-dist/tex/latex/beamer/beamercolorthemedefault.sty)
(/usr/share/texlive/texmf-dist/tex/latex/beamer/beamerinnerthemedefault.sty
\beamer@dima=\dimen188
\beamer@dimb=\dimen189
)
(/usr/share/texlive/texmf-dist/tex/latex/beamer/beamerouterthemedefault.sty)))
(/usr/share/texlive/texmf-dist/tex/latex/beamer/beamerthemeMadrid.sty
(/usr/share/texlive/texmf-dist/tex/latex/beamer/beamercolorthemewhale.sty)
(/usr/share/texlive/texmf-dist/tex/latex/beamer/beamercolorthemeorchid.sty)
(/usr/share/texlive/texmf-dist/tex/latex/beamer/beamerinnerthemerounded.sty)
(/usr/share/texlive/texmf-dist/tex/latex/beamer/beamerouterthemeinfolines.sty))
(/usr/share/texlive/texmf-dist/tex/latex/tools/calc.sty
Package: calc 2014/10/28 v4.3 Infix arithmetic (KKT,FJ)
\calc@Acount=\count154
\calc@Bcount=\count155
\calc@Adimen=\dimen190
\calc@Bdimen=\dimen191
\calc@Askip=\skip57
\calc@Bskip=\skip58
LaTeX Info: Redefining \setlength on input line 80.
LaTeX Info: Redefining \addtolength on input line 81.
\calc@Ccount=\count156
\calc@Cskip=\skip59
)
(/usr/share/texlive/texmf-dist/tex/latex/relsize/relsize.sty
Package: relsize 2013/03/29 ver 4.1
)
(/usr/share/texlive/texmf-dist/tex/latex/multirow/multirow.sty
Package: multirow 2016/11/25 v2.2 Span multiple rows of a table
\multirow@colwidth=\skip60
\multirow@cntb=\count157
\multirow@dima=\skip61
\bigstrutjot=\dimen192
)
(/usr/share/texlive/texmf-dist/tex/latex/graphics/rotating.sty
Package: rotating 2016/08/11 v2.16d rotated objects in LaTeX

(/usr/share/texlive/texmf-dist/tex/latex/base/ifthen.sty
Package: ifthen 2014/09/29 v1.1c Standard LaTeX ifthen package (DPC)
)
\c@r@tfl@t=\count158
\rotFPtop=\skip62
\rotFPbot=\skip63
\rot@float@box=\box53
\rot@mess@toks=\toks43
)
\sympureletters=\mathgroup6
LaTeX Font Info:    Overwriting symbol font `pureletters' in version `bold'
(Font)                  OT1/mathkerncmss/m/sl --> OT1/mathkerncmss/bx/sl on inp
ut line 11.

(/usr/share/texlive/texmf-dist/tex/latex/tools/bm.sty
Package: bm 2017/01/16 v1.2c Bold Symbol Support (DPC/FMi)
\symboldoperators=\mathgroup7
\symboldletters=\mathgroup8
\symboldsymbols=\mathgroup9
\symboldpureletters=\mathgroup10
LaTeX Font Info:    Redeclaring math alphabet \mathbf on input line 141.
LaTeX Info: Redefining \bm on input line 207.
)
(/usr/share/texlive/texmf-dist/tex/latex/pgf/frontendlayer/tikz.sty
(/usr/share/texlive/texmf-dist/tex/latex/pgf/basiclayer/pgf.sty
Package: pgf 2015/08/07 v3.0.1a (rcs-revision 1.15)

(/usr/share/texlive/texmf-dist/tex/generic/pgf/modules/pgfmoduleshapes.code.tex
File: pgfmoduleshapes.code.tex 2014/03/21  (rcs-revision 1.35)
\pgfnodeparttextbox=\box54
) (/usr/share/texlive/texmf-dist/tex/generic/pgf/modules/pgfmoduleplot.code.tex
File: pgfmoduleplot.code.tex 2015/08/03  (rcs-revision 1.13)
)
(/usr/share/texlive/texmf-dist/tex/latex/pgf/compatibility/pgfcomp-version-0-65
.sty
Package: pgfcomp-version-0-65 2007/07/03 v3.0.1a (rcs-revision 1.7)
\pgf@nodesepstart=\dimen193
\pgf@nodesepend=\dimen194
)
(/usr/share/texlive/texmf-dist/tex/latex/pgf/compatibility/pgfcomp-version-1-18
.sty
Package: pgfcomp-version-1-18 2007/07/23 v3.0.1a (rcs-revision 1.1)
)) (/usr/share/texlive/texmf-dist/tex/latex/pgf/utilities/pgffor.sty
(/usr/share/texlive/texmf-dist/tex/latex/pgf/utilities/pgfkeys.sty
(/usr/share/texlive/texmf-dist/tex/generic/pgf/utilities/pgfkeys.code.tex))
(/usr/share/texlive/texmf-dist/tex/latex/pgf/math/pgfmath.sty
(/usr/share/texlive/texmf-dist/tex/generic/pgf/math/pgfmath.code.tex))
(/usr/share/texlive/texmf-dist/tex/generic/pgf/utilities/pgffor.code.tex
Package: pgffor 2013/12/13 v3.0.1a (rcs-revision 1.25)

(/usr/share/texlive/texmf-dist/tex/generic/pgf/math/pgfmath.code.tex)
\pgffor@iter=\dimen195
\pgffor@skip=\dimen196
\pgffor@stack=\toks44
\pgffor@toks=\toks45
))
(/usr/share/texlive/texmf-dist/tex/generic/pgf/frontendlayer/tikz/tikz.code.tex
Package: tikz 2015/08/07 v3.0.1a (rcs-revision 1.151)

(/usr/share/texlive/texmf-dist/tex/generic/pgf/libraries/pgflibraryplothandlers
.code.tex
File: pgflibraryplothandlers.code.tex 2013/08/31 v3.0.1a (rcs-revision 1.20)
\pgf@plot@mark@count=\count159
\pgfplotmarksize=\dimen197
)
\tikz@lastx=\dimen198
\tikz@lasty=\dimen199
\tikz@lastxsaved=\dimen256
\tikz@lastysaved=\dimen257
\tikzleveldistance=\dimen258
\tikzsiblingdistance=\dimen259
\tikz@figbox=\box55
\tikz@figbox@bg=\box56
\tikz@tempbox=\box57
\tikz@tempbox@bg=\box58
\tikztreelevel=\count160
\tikznumberofchildren=\count161
\tikznumberofcurrentchild=\count162
\tikz@fig@count=\count163

(/usr/share/texlive/texmf-dist/tex/generic/pgf/modules/pgfmodulematrix.code.tex
File: pgfmodulematrix.code.tex 2013/09/17  (rcs-revision 1.8)
\pgfmatrixcurrentrow=\count164
\pgfmatrixcurrentcolumn=\count165
\pgf@matrix@numberofcolumns=\count166
)
\tikz@expandcount=\count167

(/usr/share/texlive/texmf-dist/tex/generic/pgf/frontendlayer/tikz/libraries/tik
zlibrarytopaths.code.tex
File: tikzlibrarytopaths.code.tex 2008/06/17 v3.0.1a (rcs-revision 1.2)
)))
(/usr/share/texlive/texmf-dist/tex/latex/tikzmark/tikzlibrarytikzmark.code.tex)

(/usr/share/texlive/texmf-dist/tex/generic/pgf/frontendlayer/tikz/libraries/tik
zlibrarypositioning.code.tex
File: tikzlibrarypositioning.code.tex 2008/10/06 v3.0.1a (rcs-revision 1.7)
)
(/usr/share/texlive/texmf-dist/tex/generic/pgf/frontendlayer/tikz/libraries/tik
zlibrarycalc.code.tex
File: tikzlibrarycalc.code.tex 2013/07/15 v3.0.1a (rcs-revision 1.9)
)
(/usr/share/texlive/texmf-dist/tex/latex/biblatex/biblatex.sty
Package: biblatex 2017/12/19 v3.10 programmable bibliographies (PK/JW/AB)

(/usr/share/texlive/texmf-dist/tex/latex/logreq/logreq.sty
Package: logreq 2010/08/04 v1.0 xml request logger
\lrq@indent=\count168

(/usr/share/texlive/texmf-dist/tex/latex/logreq/logreq.def
File: logreq.def 2010/08/04 v1.0 logreq spec v1.0
))
(/usr/share/texlive/texmf-dist/tex/generic/xstring/xstring.sty
(/usr/share/texlive/texmf-dist/tex/generic/xstring/xstring.tex
\@xs@message=\write5
\integerpart=\count169
\decimalpart=\count170
)
Package: xstring 2013/10/13  v1.7c  String manipulations (C Tellechea)
)
\c@tabx@nest=\count171
\c@listtotal=\count172
\c@listcount=\count173
\c@liststart=\count174
\c@liststop=\count175
\c@citecount=\count176
\c@citetotal=\count177
\c@multicitecount=\count178
\c@multicitetotal=\count179
\c@instcount=\count180
\c@maxnames=\count181
\c@minnames=\count182
\c@maxitems=\count183
\c@minitems=\count184
\c@citecounter=\count185
\c@savedcitecounter=\count186
\c@uniquelist=\count187
\c@uniquename=\count188
\c@refsection=\count189
\c@refsegment=\count190
\c@maxextratitle=\count191
\c@maxextratitleyear=\count192
\c@maxextradate=\count193
\c@maxextraalpha=\count194
\c@abbrvpenalty=\count195
\c@highnamepenalty=\count196
\c@lownamepenalty=\count197
\c@maxparens=\count198
\c@parenlevel=\count199
\blx@tempcnta=\count266
\blx@tempcntb=\count267
\blx@tempcntc=\count268
\blx@maxsection=\count269
\blx@maxsegment@0=\count270
\blx@notetype=\count271
\blx@parenlevel@text=\count272
\blx@parenlevel@foot=\count273
\blx@sectionciteorder@0=\count274
\labelnumberwidth=\skip64
\labelalphawidth=\skip65
\biblabelsep=\skip66
\bibitemsep=\skip67
\bibnamesep=\skip68
\bibinitsep=\skip69
\bibparsep=\skip70
\bibhang=\skip71
\blx@bcfin=\read2
\blx@bcfout=\write6
\c@mincomprange=\count275
\c@maxcomprange=\count276
\c@mincompwidth=\count277
Package biblatex Info: Trying to load biblatex default data model...
Package biblatex Info: ... file 'blx-dm.def' found.

(/usr/share/texlive/texmf-dist/tex/latex/biblatex/blx-dm.def)
Package biblatex Info: Trying to load biblatex style data model...
Package biblatex Info: ... file 'authoryear.dbx' not found.
Package biblatex Info: Trying to load biblatex custom data model...
Package biblatex Info: ... file 'biblatex-dm.cfg' not found.
\c@afterword=\count278
\c@savedafterword=\count279
\c@annotator=\count280
\c@savedannotator=\count281
\c@author=\count282
\c@savedauthor=\count283
\c@bookauthor=\count284
\c@savedbookauthor=\count285
\c@commentator=\count286
\c@savedcommentator=\count287
\c@editor=\count288
\c@savededitor=\count289
\c@editora=\count290
\c@savededitora=\count291
\c@editorb=\count292
\c@savededitorb=\count293
\c@editorc=\count294
\c@savededitorc=\count295
\c@foreword=\count296
\c@savedforeword=\count297
\c@holder=\count298
\c@savedholder=\count299
\c@introduction=\count300
\c@savedintroduction=\count301
\c@namea=\count302
\c@savednamea=\count303
\c@nameb=\count304
\c@savednameb=\count305
\c@namec=\count306
\c@savednamec=\count307
\c@translator=\count308
\c@savedtranslator=\count309
\c@shortauthor=\count310
\c@savedshortauthor=\count311
\c@shorteditor=\count312
\c@savedshorteditor=\count313
\c@labelname=\count314
\c@savedlabelname=\count315
\c@institution=\count316
\c@savedinstitution=\count317
\c@lista=\count318
\c@savedlista=\count319
\c@listb=\count320
\c@savedlistb=\count321
\c@listc=\count322
\c@savedlistc=\count323
\c@listd=\count324
\c@savedlistd=\count325
\c@liste=\count326
\c@savedliste=\count327
\c@listf=\count328
\c@savedlistf=\count329
\c@location=\count330
\c@savedlocation=\count331
\c@organization=\count332
\c@savedorganization=\count333
\c@origlocation=\count334
\c@savedoriglocation=\count335
\c@origpublisher=\count336
\c@savedorigpublisher=\count337
\c@publisher=\count338
\c@savedpublisher=\count339
\c@language=\count340
\c@savedlanguage=\count341
\c@origlanguage=\count342
\c@savedoriglanguage=\count343
\c@pageref=\count344
\c@savedpageref=\count345
\shorthandwidth=\skip72
\shortjournalwidth=\skip73
\shortserieswidth=\skip74
\shorttitlewidth=\skip75
\shortauthorwidth=\skip76
\shorteditorwidth=\skip77
Package biblatex Info: Trying to load compatibility code...
Package biblatex Info: ... file 'blx-compat.def' found.

(/usr/share/texlive/texmf-dist/tex/latex/biblatex/blx-compat.def
File: blx-compat.def 2017/12/19 v3.10 biblatex compatibility (PK/JW/AB)
)
Package biblatex Info: Trying to load BibTeX backend compatibility...
Package biblatex Info: ... file 'blx-bibtex.def' found.

(/usr/share/texlive/texmf-dist/tex/latex/biblatex/blx-bibtex.def
File: blx-bibtex.def 2017/12/19 v3.10 biblatex compatibility (PK/JW/AB)


Package biblatex Warning: Using fall-back BibTeX(8) backend:
(biblatex)                functionality may be reduced/unavailable.

)
Package biblatex Info: Trying to load generic definitions...
Package biblatex Info: ... file 'biblatex.def' found.
 (/usr/share/texlive/texmf-dist/tex/latex/biblatex/biblatex.def
File: biblatex.def 2017/12/19 v3.10 biblatex compatibility (PK/JW/AB)
\c@textcitecount=\count346
\c@textcitetotal=\count347
\c@textcitemaxnames=\count348
\c@biburlnumpenalty=\count349
\c@biburlucpenalty=\count350
\c@biburllcpenalty=\count351
\c@smartand=\count352
)
Package biblatex Info: Trying to load natbib compatibility...
Package biblatex Info: ... file 'blx-natbib.def' found.

(/usr/share/texlive/texmf-dist/tex/latex/biblatex/blx-natbib.def
File: blx-natbib.def 2017/12/19 v3.10 biblatex compatibility (PK/JW/AB)
)
Package biblatex Info: Trying to load bibliography style 'authoryear'...
Package biblatex Info: ... file 'authoryear.bbx' found.

(/usr/share/texlive/texmf-dist/tex/latex/biblatex/bbx/authoryear.bbx
File: authoryear.bbx 2017/12/19 v3.10 biblatex bibliography style (PK/JW/AB)
Package biblatex Info: Trying to load bibliography style 'standard'...
Package biblatex Info: ... file 'standard.bbx' found.

(/usr/share/texlive/texmf-dist/tex/latex/biblatex/bbx/standard.bbx
File: standard.bbx 2017/12/19 v3.10 biblatex bibliography style (PK/JW/AB)
\c@bbx:relatedcount=\count353
\c@bbx:relatedtotal=\count354
))
Package biblatex Info: Trying to load citation style 'authoryear'...
Package biblatex Info: ... file 'authoryear.cbx' found.

(/usr/share/texlive/texmf-dist/tex/latex/biblatex/cbx/authoryear.cbx
File: authoryear.cbx 2017/12/19 v3.10 biblatex citation style (PK/JW/AB)
Package biblatex Info: Redefining '\cite'.
Package biblatex Info: Redefining '\parencite'.
Package biblatex Info: Redefining '\footcite'.
Package biblatex Info: Redefining '\footcitetext'.
Package biblatex Info: Redefining '\smartcite'.
Package biblatex Info: Redefining '\textcite'.
Package biblatex Info: Redefining '\textcites'.
)
Package biblatex Info: Trying to load configuration file...
Package biblatex Info: ... file 'biblatex.cfg' found.

(/usr/share/texlive/texmf-dist/tex/latex/biblatex/biblatex.cfg
File: biblatex.cfg 
))
\FSZ=\skip78
Package biblatex Info: Trying to load language 'english'...
Package biblatex Info: ... file 'english.lbx' found.

(/usr/share/texlive/texmf-dist/tex/latex/biblatex/lbx/english.lbx
File: english.lbx 2017/12/19 v3.10 biblatex localization (PK/JW/AB)
)
\@quotelevel=\count355
\@quotereset=\count356
 (./main.aux)
\openout1 = `main.aux'.

LaTeX Font Info:    Checking defaults for OML/cmm/m/it on input line 76.
LaTeX Font Info:    ... okay on input line 76.
LaTeX Font Info:    Checking defaults for T1/cmr/m/n on input line 76.
LaTeX Font Info:    ... okay on input line 76.
LaTeX Font Info:    Checking defaults for OT1/cmr/m/n on input line 76.
LaTeX Font Info:    ... okay on input line 76.
LaTeX Font Info:    Checking defaults for OMS/cmsy/m/n on input line 76.
LaTeX Font Info:    ... okay on input line 76.
LaTeX Font Info:    Checking defaults for OMX/cmex/m/n on input line 76.
LaTeX Font Info:    ... okay on input line 76.
LaTeX Font Info:    Checking defaults for U/cmr/m/n on input line 76.
LaTeX Font Info:    ... okay on input line 76.
LaTeX Font Info:    Checking defaults for PD1/pdf/m/n on input line 76.
LaTeX Font Info:    ... okay on input line 76.
*geometry* driver: auto-detecting
*geometry* detected driver: pdftex
*geometry* verbose mode - [ preamble ] result:
* driver: pdftex
* paper: custom
* layout: <same size as paper>
* layoutoffset:(h,v)=(0.0pt,0.0pt)
* modes: includehead includefoot 
* h-part:(L,W,R)=(10.95003pt, 342.2953pt, 10.95003pt)
* v-part:(T,H,B)=(0.0pt, 273.14662pt, 0.0pt)
* \paperwidth=364.19536pt
* \paperheight=273.14662pt
* \textwidth=342.2953pt
* \textheight=244.6939pt
* \oddsidemargin=-61.31996pt
* \evensidemargin=-61.31996pt
* \topmargin=-72.26999pt
* \headheight=14.22636pt
* \headsep=0.0pt
* \topskip=11.0pt
* \footskip=14.22636pt
* \marginparwidth=4.0pt
* \marginparsep=10.0pt
* \columnsep=10.0pt
* \skip\footins=10.0pt plus 4.0pt minus 2.0pt
* \hoffset=0.0pt
* \voffset=0.0pt
* \mag=1000
* \@twocolumnfalse
* \@twosidefalse
* \@mparswitchfalse
* \@reversemarginfalse
* (1in=72.27pt=25.4mm, 1cm=28.453pt)

(/usr/share/texlive/texmf-dist/tex/context/base/mkii/supp-pdf.mkii
[Loading MPS to PDF converter (version 2006.09.02).]
\scratchcounter=\count357
\scratchdimen=\dimen260
\scratchbox=\box59
\nofMPsegments=\count358
\nofMParguments=\count359
\everyMPshowfont=\toks46
\MPscratchCnt=\count360
\MPscratchDim=\dimen261
\MPnumerator=\count361
\makeMPintoPDFobject=\count362
\everyMPtoPDFconversion=\toks47
) (/usr/share/texlive/texmf-dist/tex/latex/oberdiek/epstopdf-base.sty
Package: epstopdf-base 2016/05/15 v2.6 Base part for package epstopdf

(/usr/share/texlive/texmf-dist/tex/latex/oberdiek/grfext.sty
Package: grfext 2016/05/16 v1.2 Manage graphics extensions (HO)
)
Package epstopdf-base Info: Redefining graphics rule for `.eps' on input line 4
38.
Package grfext Info: Graphics extension search list:
(grfext)             [.pdf,.png,.jpg,.mps,.jpeg,.jbig2,.jb2,.PDF,.PNG,.JPG,.JPE
G,.JBIG2,.JB2,.eps]
(grfext)             \AppendGraphicsExtensions on input line 456.

(/usr/share/texlive/texmf-dist/tex/latex/latexconfig/epstopdf-sys.cfg
File: epstopdf-sys.cfg 2010/07/13 v1.3 Configuration of (r)epstopdf for TeX Liv
e
))
ABD: EveryShipout initializing macros
\AtBeginShipoutBox=\box60
Package hyperref Info: Link coloring OFF on input line 76.

(/usr/share/texlive/texmf-dist/tex/latex/hyperref/nameref.sty
Package: nameref 2016/05/21 v2.44 Cross-referencing by name of section

(/usr/share/texlive/texmf-dist/tex/generic/oberdiek/gettitlestring.sty
Package: gettitlestring 2016/05/16 v1.5 Cleanup title references (HO)
)
\c@section@level=\count363
)
LaTeX Info: Redefining \ref on input line 76.
LaTeX Info: Redefining \pageref on input line 76.
LaTeX Info: Redefining \nameref on input line 76.

(./main.out) (./main.out)
\@outlinefile=\write7
\openout7 = `main.out'.

LaTeX Font Info:    Overwriting symbol font `operators' in version `normal'
(Font)                  OT1/cmr/m/n --> OT1/cmss/m/n on input line 76.
LaTeX Font Info:    Overwriting symbol font `operators' in version `bold'
(Font)                  OT1/cmr/bx/n --> OT1/cmss/bx/n on input line 76.
\symnumbers=\mathgroup11
LaTeX Font Info:    Redeclaring symbol font `pureletters' on input line 76.
LaTeX Font Info:    Overwriting symbol font `pureletters' in version `normal'
(Font)                  OT1/mathkerncmss/m/sl --> OT1/cmss/m/it on input line 7
6.
LaTeX Font Info:    Overwriting symbol font `pureletters' in version `bold'
(Font)                  OT1/mathkerncmss/bx/sl --> OT1/cmss/m/it on input line 
76.
LaTeX Font Info:    Overwriting math alphabet `\mathrm' in version `normal'
(Font)                  OT1/cmss/m/n --> OT1/cmr/m/n on input line 76.
LaTeX Font Info:    Redeclaring math alphabet \mathbf on input line 76.
LaTeX Font Info:    Redeclaring math alphabet \mathsf on input line 76.
LaTeX Font Info:    Overwriting math alphabet `\mathsf' in version `normal'
(Font)                  OT1/cmss/m/n --> OT1/cmss/m/n on input line 76.
LaTeX Font Info:    Overwriting math alphabet `\mathsf' in version `bold'
(Font)                  OT1/cmss/bx/n --> OT1/cmss/m/n on input line 76.
LaTeX Font Info:    Redeclaring math alphabet \mathit on input line 76.
LaTeX Font Info:    Overwriting math alphabet `\mathit' in version `normal'
(Font)                  OT1/cmr/m/it --> OT1/cmss/m/it on input line 76.
LaTeX Font Info:    Overwriting math alphabet `\mathit' in version `bold'
(Font)                  OT1/cmr/bx/it --> OT1/cmss/m/it on input line 76.
LaTeX Font Info:    Redeclaring math alphabet \mathtt on input line 76.
LaTeX Font Info:    Overwriting math alphabet `\mathtt' in version `normal'
(Font)                  OT1/cmtt/m/n --> OT1/cmtt/m/n on input line 76.
LaTeX Font Info:    Overwriting math alphabet `\mathtt' in version `bold'
(Font)                  OT1/cmtt/m/n --> OT1/cmtt/m/n on input line 76.
LaTeX Font Info:    Overwriting symbol font `numbers' in version `bold'
(Font)                  OT1/cmss/m/n --> OT1/cmss/bx/n on input line 76.
LaTeX Font Info:    Overwriting symbol font `pureletters' in version `bold'
(Font)                  OT1/cmss/m/it --> OT1/cmss/bx/it on input line 76.
LaTeX Font Info:    Overwriting math alphabet `\mathrm' in version `bold'
(Font)                  OT1/cmss/bx/n --> OT1/cmr/bx/n on input line 76.
LaTeX Font Info:    Overwriting math alphabet `\mathbf' in version `bold'
(Font)                  OT1/cmss/bx/n --> OT1/cmss/bx/n on input line 76.
LaTeX Font Info:    Overwriting math alphabet `\mathsf' in version `bold'
(Font)                  OT1/cmss/m/n --> OT1/cmss/bx/n on input line 76.
LaTeX Font Info:    Overwriting math alphabet `\mathit' in version `bold'
(Font)                  OT1/cmss/m/it --> OT1/cmss/bx/it on input line 76.
LaTeX Font Info:    Overwriting math alphabet `\mathtt' in version `bold'
(Font)                  OT1/cmtt/m/n --> OT1/cmtt/bx/n on input line 76.
LaTeX Font Info:    Redeclaring symbol font `pureletters' on input line 76.
LaTeX Font Info:    Overwriting symbol font `pureletters' in version `normal'
(Font)                  OT1/cmss/m/it --> OT1/mathkerncmss/m/sl on input line 7
6.
LaTeX Font Info:    Overwriting symbol font `pureletters' in version `bold'
(Font)                  OT1/cmss/bx/it --> OT1/mathkerncmss/m/sl on input line 
76.
LaTeX Font Info:    Overwriting symbol font `pureletters' in version `bold'
(Font)                  OT1/mathkerncmss/m/sl --> OT1/mathkerncmss/bx/sl on inp
ut line 76.

(/usr/share/texlive/texmf-dist/tex/latex/translator/translator-basic-dictionary
-English.dict
Dictionary: translator-basic-dictionary, Language: English 
)
(/usr/share/texlive/texmf-dist/tex/latex/translator/translator-bibliography-dic
tionary-English.dict
Dictionary: translator-bibliography-dictionary, Language: English 
)
(/usr/share/texlive/texmf-dist/tex/latex/translator/translator-environment-dict
ionary-English.dict
Dictionary: translator-environment-dictionary, Language: English 
)
(/usr/share/texlive/texmf-dist/tex/latex/translator/translator-months-dictionar
y-English.dict
Dictionary: translator-months-dictionary, Language: English 
)
(/usr/share/texlive/texmf-dist/tex/latex/translator/translator-numbers-dictiona
ry-English.dict
Dictionary: translator-numbers-dictionary, Language: English 
)
(/usr/share/texlive/texmf-dist/tex/latex/translator/translator-theorem-dictiona
ry-English.dict
Dictionary: translator-theorem-dictionary, Language: English 
)
Package biblatex Info: No input encoding detected.
(biblatex)             Assuming 'ascii'.
Package biblatex Info: Automatic encoding selection.
(biblatex)             Assuming data encoding 'ascii'.
Package biblatex Info: Input encoding 'ascii' specified.
Package biblatex Info: Data encoding 'ascii' specified.
(biblatex)             No need to reencode data.
\openout6 = `main-blx.bib'.

Package biblatex Info: Trying to load bibliographic data...
Package biblatex Info: ... file 'main.bbl' found.
 (./main.bbl)
Package biblatex Info: Reference section=0 on input line 76.
Package biblatex Info: Reference segment=0 on input line 76.
 (./main.nav)
LaTeX Font Info:    Try loading font information for U+msa on input line 80.

(/usr/share/texlive/texmf-dist/tex/latex/amsfonts/umsa.fd
File: umsa.fd 2013/01/14 v3.01 AMS symbols A
)
LaTeX Font Info:    Try loading font information for U+msb on input line 80.

(/usr/share/texlive/texmf-dist/tex/latex/amsfonts/umsb.fd
File: umsb.fd 2013/01/14 v3.01 AMS symbols B
)
LaTeX Font Info:    Try loading font information for OT1+mathkerncmss on input 
line 80.

(/usr/share/texlive/texmf-dist/tex/latex/sansmathaccent/ot1mathkerncmss.fd
File: ot1mathkerncmss.fd 2013/03/27 Fontinst v1.933 font definitions for OT1/ma
thkerncmss.
)
[1

{/var/lib/texmf/fonts/map/pdftex/updmap/pdftex.map}]
<images/stim_cont_0.00_0.png, id=63, 361.35pt x 361.35pt>
File: images/stim_cont_0.00_0.png Graphic file (type png)
<use images/stim_cont_0.00_0.png>
Package pdftex.def Info: images/stim_cont_0.00_0.png  used on input line 115.
(pdftex.def)             Requested size: 14.27449pt x 14.26958pt.
<images/stim_cont_0.00_1.png, id=65, 361.35pt x 361.35pt>
File: images/stim_cont_0.00_1.png Graphic file (type png)
<use images/stim_cont_0.00_1.png>
Package pdftex.def Info: images/stim_cont_0.00_1.png  used on input line 115.
(pdftex.def)             Requested size: 14.27449pt x 14.26958pt.
<images/stim_cont_0.00_2.png, id=66, 361.35pt x 361.35pt>
File: images/stim_cont_0.00_2.png Graphic file (type png)
<use images/stim_cont_0.00_2.png>
Package pdftex.def Info: images/stim_cont_0.00_2.png  used on input line 115.
(pdftex.def)             Requested size: 14.27449pt x 14.26958pt.
<images/stim_cont_0.00_3.png, id=67, 361.35pt x 361.35pt>
File: images/stim_cont_0.00_3.png Graphic file (type png)
<use images/stim_cont_0.00_3.png>
Package pdftex.def Info: images/stim_cont_0.00_3.png  used on input line 115.
(pdftex.def)             Requested size: 14.27449pt x 14.26958pt.
<images/stim_cont_0.00_4.png, id=68, 361.35pt x 361.35pt>
File: images/stim_cont_0.00_4.png Graphic file (type png)
<use images/stim_cont_0.00_4.png>
Package pdftex.def Info: images/stim_cont_0.00_4.png  used on input line 115.
(pdftex.def)             Requested size: 14.27449pt x 14.26958pt.
<images/stim_cont_0.00_5.png, id=69, 361.35pt x 361.35pt>
File: images/stim_cont_0.00_5.png Graphic file (type png)
<use images/stim_cont_0.00_5.png>
Package pdftex.def Info: images/stim_cont_0.00_5.png  used on input line 115.
(pdftex.def)             Requested size: 14.27449pt x 14.26958pt.
<images/stim_cont_0.00_6.png, id=70, 361.35pt x 361.35pt>
File: images/stim_cont_0.00_6.png Graphic file (type png)
<use images/stim_cont_0.00_6.png>
Package pdftex.def Info: images/stim_cont_0.00_6.png  used on input line 115.
(pdftex.def)             Requested size: 14.27449pt x 14.26958pt.
<images/stim_cont_0.00_7.png, id=71, 361.35pt x 361.35pt>
File: images/stim_cont_0.00_7.png Graphic file (type png)
<use images/stim_cont_0.00_7.png>
Package pdftex.def Info: images/stim_cont_0.00_7.png  used on input line 115.
(pdftex.def)             Requested size: 14.27449pt x 14.26958pt.
<images/stim_cont_0.00_8.png, id=72, 361.35pt x 361.35pt>
File: images/stim_cont_0.00_8.png Graphic file (type png)
<use images/stim_cont_0.00_8.png>
Package pdftex.def Info: images/stim_cont_0.00_8.png  used on input line 115.
(pdftex.def)             Requested size: 14.27449pt x 14.26958pt.
<images/stim_cont_0.00_9.png, id=73, 361.35pt x 361.35pt>
File: images/stim_cont_0.00_9.png Graphic file (type png)
<use images/stim_cont_0.00_9.png>
Package pdftex.def Info: images/stim_cont_0.00_9.png  used on input line 115.
(pdftex.def)             Requested size: 14.27449pt x 14.26958pt.
<images/stim_cont_0.00_10.png, id=74, 361.35pt x 361.35pt>
File: images/stim_cont_0.00_10.png Graphic file (type png)
<use images/stim_cont_0.00_10.png>
Package pdftex.def Info: images/stim_cont_0.00_10.png  used on input line 115.
(pdftex.def)             Requested size: 14.27449pt x 14.26958pt.
<images/stim_cont_0.00_11.png, id=75, 361.35pt x 361.35pt>
File: images/stim_cont_0.00_11.png Graphic file (type png)
<use images/stim_cont_0.00_11.png>
Package pdftex.def Info: images/stim_cont_0.00_11.png  used on input line 115.
(pdftex.def)             Requested size: 14.27449pt x 14.26958pt.
<images/stim_cont_0.00_12.png, id=76, 361.35pt x 361.35pt>
File: images/stim_cont_0.00_12.png Graphic file (type png)
<use images/stim_cont_0.00_12.png>
Package pdftex.def Info: images/stim_cont_0.00_12.png  used on input line 115.
(pdftex.def)             Requested size: 14.27449pt x 14.26958pt.
<images/stim_cont_0.00_13.png, id=77, 361.35pt x 361.35pt>
File: images/stim_cont_0.00_13.png Graphic file (type png)
<use images/stim_cont_0.00_13.png>
Package pdftex.def Info: images/stim_cont_0.00_13.png  used on input line 115.
(pdftex.def)             Requested size: 14.27449pt x 14.26958pt.
<images/stim_cont_0.00_14.png, id=78, 361.35pt x 361.35pt>
File: images/stim_cont_0.00_14.png Graphic file (type png)
<use images/stim_cont_0.00_14.png>
Package pdftex.def Info: images/stim_cont_0.00_14.png  used on input line 115.
(pdftex.def)             Requested size: 14.27449pt x 14.26958pt.
<images/stim_cont_0.00_15.png, id=79, 361.35pt x 361.35pt>
File: images/stim_cont_0.00_15.png Graphic file (type png)
<use images/stim_cont_0.00_15.png>
Package pdftex.def Info: images/stim_cont_0.00_15.png  used on input line 115.
(pdftex.def)             Requested size: 14.27449pt x 14.26958pt.
<images/stim_cont_0.00_16.png, id=80, 361.35pt x 361.35pt>
File: images/stim_cont_0.00_16.png Graphic file (type png)
<use images/stim_cont_0.00_16.png>
Package pdftex.def Info: images/stim_cont_0.00_16.png  used on input line 115.
(pdftex.def)             Requested size: 14.27449pt x 14.26958pt.
<images/stim_cont_0.00_17.png, id=81, 361.35pt x 361.35pt>
File: images/stim_cont_0.00_17.png Graphic file (type png)
<use images/stim_cont_0.00_17.png>
Package pdftex.def Info: images/stim_cont_0.00_17.png  used on input line 115.
(pdftex.def)             Requested size: 14.27449pt x 14.26958pt.
<images/stim_cont_0.00_18.png, id=82, 361.35pt x 361.35pt>
File: images/stim_cont_0.00_18.png Graphic file (type png)
<use images/stim_cont_0.00_18.png>
Package pdftex.def Info: images/stim_cont_0.00_18.png  used on input line 115.
(pdftex.def)             Requested size: 14.27449pt x 14.26958pt.
<images/stim_cont_0.00_19.png, id=83, 361.35pt x 361.35pt>
File: images/stim_cont_0.00_19.png Graphic file (type png)
<use images/stim_cont_0.00_19.png>
Package pdftex.def Info: images/stim_cont_0.00_19.png  used on input line 115.
(pdftex.def)             Requested size: 14.27449pt x 14.26958pt.
<images/stim_cont_0.00_20.png, id=84, 361.35pt x 361.35pt>
File: images/stim_cont_0.00_20.png Graphic file (type png)
<use images/stim_cont_0.00_20.png>
Package pdftex.def Info: images/stim_cont_0.00_20.png  used on input line 115.
(pdftex.def)             Requested size: 14.27449pt x 14.26958pt.
<images/stim_cont_0.00_21.png, id=85, 361.35pt x 361.35pt>
File: images/stim_cont_0.00_21.png Graphic file (type png)
<use images/stim_cont_0.00_21.png>
Package pdftex.def Info: images/stim_cont_0.00_21.png  used on input line 115.
(pdftex.def)             Requested size: 14.27449pt x 14.26958pt.
<images/stim_cont_0.00_22.png, id=86, 361.35pt x 361.35pt>
File: images/stim_cont_0.00_22.png Graphic file (type png)
<use images/stim_cont_0.00_22.png>
Package pdftex.def Info: images/stim_cont_0.00_22.png  used on input line 115.
(pdftex.def)             Requested size: 14.27449pt x 14.26958pt.
<images/stim_cont_0.00_23.png, id=87, 361.35pt x 361.35pt>
File: images/stim_cont_0.00_23.png Graphic file (type png)
<use images/stim_cont_0.00_23.png>
Package pdftex.def Info: images/stim_cont_0.00_23.png  used on input line 115.
(pdftex.def)             Requested size: 14.27449pt x 14.26958pt.

Overfull \hbox (0.4pt too wide) in paragraph at lines 115--115
[] 
 []

[2

 <./images/stim_cont_0.00_0.png> <./images/stim_cont_0.00_1.png> <./images/stim
_cont_0.00_2.png> <./images/stim_cont_0.00_3.png> <./images/stim_cont_0.00_4.pn
g> <./images/stim_cont_0.00_5.png> <./images/stim_cont_0.00_6.png> <./images/st
im_cont_0.00_7.png> <./images/stim_cont_0.00_8.png> <./images/stim_cont_0.00_9.
png> <./images/stim_cont_0.00_10.png> <./images/stim_cont_0.00_11.png> <./image
s/stim_cont_0.00_12.png> <./images/stim_cont_0.00_13.png> <./images/stim_cont_0
.00_14.png> <./images/stim_cont_0.00_15.png> <./images/stim_cont_0.00_16.png> <
./images/stim_cont_0.00_17.png> <./images/stim_cont_0.00_18.png> <./images/stim
_cont_0.00_19.png> <./images/stim_cont_0.00_20.png> <./images/stim_cont_0.00_21
.png> <./images/stim_cont_0.00_22.png> <./images/stim_cont_0.00_23.png>]
[3

] [4

] [5

] [6

] [7

] [8

] [9

] [10

] [11

]
<images/2d.png, id=390, 301.125pt x 225.84375pt>
File: images/2d.png Graphic file (type png)
<use images/2d.png>
Package pdftex.def Info: images/2d.png  used on input line 245.
(pdftex.def)             Requested size: 102.20193pt x 76.65019pt.
 [12

 <./images/2d.png>]
File: images/2d.png Graphic file (type png)
<use images/2d.png>
Package pdftex.def Info: images/2d.png  used on input line 245.
(pdftex.def)             Requested size: 102.20193pt x 76.65019pt.
 [13

]
File: images/2d.png Graphic file (type png)
<use images/2d.png>
Package pdftex.def Info: images/2d.png  used on input line 245.
(pdftex.def)             Requested size: 102.20193pt x 76.65019pt.
 [14

]
File: images/2d.png Graphic file (type png)
<use images/2d.png>
Package pdftex.def Info: images/2d.png  used on input line 245.
(pdftex.def)             Requested size: 102.20193pt x 76.65019pt.
 [15

]
[16

] [17

] [18

]
Package epstopdf Info: Source file: <images/0.00_x_8.eps>
(epstopdf)                    date: 2018-11-05 11:22:20
(epstopdf)                    size: 126981 bytes
(epstopdf)             Output file: <images/0.00_x_8-eps-converted-to.pdf>
(epstopdf)                    date: 2018-11-05 11:22:20
(epstopdf)                    size: 15921 bytes
(epstopdf)             Command: <repstopdf --outfile=images/0.00_x_8-eps-conver
ted-to.pdf images/0.00_x_8.eps>
(epstopdf)             \includegraphics on input line 299.
Package epstopdf Info: Output file is already uptodate.
<images/0.00_x_8-eps-converted-to.pdf, id=582, 361.35pt x 361.35pt>
File: images/0.00_x_8-eps-converted-to.pdf Graphic file (type pdf)
<use images/0.00_x_8-eps-converted-to.pdf>
Package pdftex.def Info: images/0.00_x_8-eps-converted-to.pdf  used on input li
ne 299.
(pdftex.def)             Requested size: 80.0988pt x 80.09824pt.
Package epstopdf Info: Source file: <images/0.00_y_8.eps>
(epstopdf)                    date: 2018-11-05 11:22:20
(epstopdf)                    size: 127082 bytes
(epstopdf)             Output file: <images/0.00_y_8-eps-converted-to.pdf>
(epstopdf)                    date: 2018-11-05 11:22:20
(epstopdf)                    size: 16030 bytes
(epstopdf)             Command: <repstopdf --outfile=images/0.00_y_8-eps-conver
ted-to.pdf images/0.00_y_8.eps>
(epstopdf)             \includegraphics on input line 299.
Package epstopdf Info: Output file is already uptodate.
<images/0.00_y_8-eps-converted-to.pdf, id=583, 361.35pt x 361.35pt>
File: images/0.00_y_8-eps-converted-to.pdf Graphic file (type pdf)
<use images/0.00_y_8-eps-converted-to.pdf>
Package pdftex.def Info: images/0.00_y_8-eps-converted-to.pdf  used on input li
ne 299.
(pdftex.def)             Requested size: 80.0988pt x 80.09824pt.
Package epstopdf Info: Source file: <images/0.00_sigma_8.eps>
(epstopdf)                    date: 2018-11-05 11:22:20
(epstopdf)                    size: 127317 bytes
(epstopdf)             Output file: <images/0.00_sigma_8-eps-converted-to.pdf>
(epstopdf)                    date: 2018-11-05 11:22:20
(epstopdf)                    size: 16681 bytes
(epstopdf)             Command: <repstopdf --outfile=images/0.00_sigma_8-eps-co
nverted-to.pdf images/0.00_sigma_8.eps>
(epstopdf)             \includegraphics on input line 299.
Package epstopdf Info: Output file is already uptodate.
<images/0.00_sigma_8-eps-converted-to.pdf, id=584, 361.35pt x 361.35pt>
File: images/0.00_sigma_8-eps-converted-to.pdf Graphic file (type pdf)
<use images/0.00_sigma_8-eps-converted-to.pdf>
Package pdftex.def Info: images/0.00_sigma_8-eps-converted-to.pdf  used on inpu
t line 299.
(pdftex.def)             Requested size: 80.0988pt x 80.09824pt.
Package epstopdf Info: Source file: <images/cont_0.00_y_8.eps>
(epstopdf)                    date: 2018-11-05 11:22:20
(epstopdf)                    size: 127090 bytes
(epstopdf)             Output file: <images/cont_0.00_y_8-eps-converted-to.pdf>

(epstopdf)                    date: 2018-11-05 11:22:20
(epstopdf)                    size: 16659 bytes
(epstopdf)             Command: <repstopdf --outfile=images/cont_0.00_y_8-eps-c
onverted-to.pdf images/cont_0.00_y_8.eps>
(epstopdf)             \includegraphics on input line 299.
Package epstopdf Info: Output file is already uptodate.
<images/cont_0.00_y_8-eps-converted-to.pdf, id=585, 361.35pt x 361.35pt>
File: images/cont_0.00_y_8-eps-converted-to.pdf Graphic file (type pdf)
<use images/cont_0.00_y_8-eps-converted-to.pdf>
Package pdftex.def Info: images/cont_0.00_y_8-eps-converted-to.pdf  used on inp
ut line 299.
(pdftex.def)             Requested size: 80.0988pt x 80.09824pt.
Package epstopdf Info: Source file: <images/cont_0.00_y_8.eps>
(epstopdf)                    date: 2018-11-05 11:22:20
(epstopdf)                    size: 127090 bytes
(epstopdf)             Output file: <images/cont_0.00_y_8-eps-converted-to.pdf>

(epstopdf)                    date: 2018-11-05 11:22:20
(epstopdf)                    size: 16659 bytes
(epstopdf)             Command: <repstopdf --outfile=images/cont_0.00_y_8-eps-c
onverted-to.pdf images/cont_0.00_y_8.eps>
(epstopdf)             \includegraphics on input line 299.
Package epstopdf Info: Output file is already uptodate.
File: images/cont_0.00_y_8-eps-converted-to.pdf Graphic file (type pdf)
<use images/cont_0.00_y_8-eps-converted-to.pdf>
Package pdftex.def Info: images/cont_0.00_y_8-eps-converted-to.pdf  used on inp
ut line 299.
(pdftex.def)             Requested size: 80.0988pt x 80.09824pt.
Package epstopdf Info: Source file: <images/cont_0.00_sigma_8.eps>
(epstopdf)                    date: 2018-11-05 11:22:20
(epstopdf)                    size: 127325 bytes
(epstopdf)             Output file: <images/cont_0.00_sigma_8-eps-converted-to.
pdf>
(epstopdf)                    date: 2018-11-05 11:22:20
(epstopdf)                    size: 17170 bytes
(epstopdf)             Command: <repstopdf --outfile=images/cont_0.00_sigma_8-e
ps-converted-to.pdf images/cont_0.00_sigma_8.eps>
(epstopdf)             \includegraphics on input line 299.
Package epstopdf Info: Output file is already uptodate.
<images/cont_0.00_sigma_8-eps-converted-to.pdf, id=586, 361.35pt x 361.35pt>
File: images/cont_0.00_sigma_8-eps-converted-to.pdf Graphic file (type pdf)
<use images/cont_0.00_sigma_8-eps-converted-to.pdf>
Package pdftex.def Info: images/cont_0.00_sigma_8-eps-converted-to.pdf  used on
 input line 299.
(pdftex.def)             Requested size: 80.0988pt x 80.09824pt.
 [19

 <./images/0.00_x_8-eps-converted-to.pdf> <./images/0.00_y_8-eps-converted-to.p
df> <./images/0.00_sigma_8-eps-converted-to.pdf> <./images/cont_0.00_y_8-eps-co
nverted-to.pdf> <./images/cont_0.00_sigma_8-eps-converted-to.pdf>]
Package epstopdf Info: Source file: <images/0.00_x_8.eps>
(epstopdf)                    date: 2018-11-05 11:22:20
(epstopdf)                    size: 126981 bytes
(epstopdf)             Output file: <images/0.00_x_8-eps-converted-to.pdf>
(epstopdf)                    date: 2018-11-05 11:22:20
(epstopdf)                    size: 15921 bytes
(epstopdf)             Command: <repstopdf --outfile=images/0.00_x_8-eps-conver
ted-to.pdf images/0.00_x_8.eps>
(epstopdf)             \includegraphics on input line 299.
Package epstopdf Info: Output file is already uptodate.
File: images/0.00_x_8-eps-converted-to.pdf Graphic file (type pdf)
<use images/0.00_x_8-eps-converted-to.pdf>
Package pdftex.def Info: images/0.00_x_8-eps-converted-to.pdf  used on input li
ne 299.
(pdftex.def)             Requested size: 80.0988pt x 80.09824pt.
Package epstopdf Info: Source file: <images/0.00_y_8.eps>
(epstopdf)                    date: 2018-11-05 11:22:20
(epstopdf)                    size: 127082 bytes
(epstopdf)             Output file: <images/0.00_y_8-eps-converted-to.pdf>
(epstopdf)                    date: 2018-11-05 11:22:20
(epstopdf)                    size: 16030 bytes
(epstopdf)             Command: <repstopdf --outfile=images/0.00_y_8-eps-conver
ted-to.pdf images/0.00_y_8.eps>
(epstopdf)             \includegraphics on input line 299.
Package epstopdf Info: Output file is already uptodate.
File: images/0.00_y_8-eps-converted-to.pdf Graphic file (type pdf)
<use images/0.00_y_8-eps-converted-to.pdf>
Package pdftex.def Info: images/0.00_y_8-eps-converted-to.pdf  used on input li
ne 299.
(pdftex.def)             Requested size: 80.0988pt x 80.09824pt.
Package epstopdf Info: Source file: <images/0.00_sigma_8.eps>
(epstopdf)                    date: 2018-11-05 11:22:20
(epstopdf)                    size: 127317 bytes
(epstopdf)             Output file: <images/0.00_sigma_8-eps-converted-to.pdf>
(epstopdf)                    date: 2018-11-05 11:22:20
(epstopdf)                    size: 16681 bytes
(epstopdf)             Command: <repstopdf --outfile=images/0.00_sigma_8-eps-co
nverted-to.pdf images/0.00_sigma_8.eps>
(epstopdf)             \includegraphics on input line 299.
Package epstopdf Info: Output file is already uptodate.
File: images/0.00_sigma_8-eps-converted-to.pdf Graphic file (type pdf)
<use images/0.00_sigma_8-eps-converted-to.pdf>
Package pdftex.def Info: images/0.00_sigma_8-eps-converted-to.pdf  used on inpu
t line 299.
(pdftex.def)             Requested size: 80.0988pt x 80.09824pt.
Package epstopdf Info: Source file: <images/cont_0.00_y_8.eps>
(epstopdf)                    date: 2018-11-05 11:22:20
(epstopdf)                    size: 127090 bytes
(epstopdf)             Output file: <images/cont_0.00_y_8-eps-converted-to.pdf>

(epstopdf)                    date: 2018-11-05 11:22:20
(epstopdf)                    size: 16659 bytes
(epstopdf)             Command: <repstopdf --outfile=images/cont_0.00_y_8-eps-c
onverted-to.pdf images/cont_0.00_y_8.eps>
(epstopdf)             \includegraphics on input line 299.
Package epstopdf Info: Output file is already uptodate.
File: images/cont_0.00_y_8-eps-converted-to.pdf Graphic file (type pdf)
<use images/cont_0.00_y_8-eps-converted-to.pdf>
Package pdftex.def Info: images/cont_0.00_y_8-eps-converted-to.pdf  used on inp
ut line 299.
(pdftex.def)             Requested size: 80.0988pt x 80.09824pt.
Package epstopdf Info: Source file: <images/cont_0.00_y_8.eps>
(epstopdf)                    date: 2018-11-05 11:22:20
(epstopdf)                    size: 127090 bytes
(epstopdf)             Output file: <images/cont_0.00_y_8-eps-converted-to.pdf>

(epstopdf)                    date: 2018-11-05 11:22:20
(epstopdf)                    size: 16659 bytes
(epstopdf)             Command: <repstopdf --outfile=images/cont_0.00_y_8-eps-c
onverted-to.pdf images/cont_0.00_y_8.eps>
(epstopdf)             \includegraphics on input line 299.
Package epstopdf Info: Output file is already uptodate.
File: images/cont_0.00_y_8-eps-converted-to.pdf Graphic file (type pdf)
<use images/cont_0.00_y_8-eps-converted-to.pdf>
Package pdftex.def Info: images/cont_0.00_y_8-eps-converted-to.pdf  used on inp
ut line 299.
(pdftex.def)             Requested size: 80.0988pt x 80.09824pt.
Package epstopdf Info: Source file: <images/cont_0.00_sigma_8.eps>
(epstopdf)                    date: 2018-11-05 11:22:20
(epstopdf)                    size: 127325 bytes
(epstopdf)             Output file: <images/cont_0.00_sigma_8-eps-converted-to.
pdf>
(epstopdf)                    date: 2018-11-05 11:22:20
(epstopdf)                    size: 17170 bytes
(epstopdf)             Command: <repstopdf --outfile=images/cont_0.00_sigma_8-e
ps-converted-to.pdf images/cont_0.00_sigma_8.eps>
(epstopdf)             \includegraphics on input line 299.
Package epstopdf Info: Output file is already uptodate.
File: images/cont_0.00_sigma_8-eps-converted-to.pdf Graphic file (type pdf)
<use images/cont_0.00_sigma_8-eps-converted-to.pdf>
Package pdftex.def Info: images/cont_0.00_sigma_8-eps-converted-to.pdf  used on
 input line 299.
(pdftex.def)             Requested size: 80.0988pt x 80.09824pt.
 [20

]
Package epstopdf Info: Source file: <images/barWidths.eps>
(epstopdf)                    date: 2018-11-05 11:22:20
(epstopdf)                    size: 22508 bytes
(epstopdf)             Output file: <images/barWidths-eps-converted-to.pdf>
(epstopdf)                    date: 2018-11-05 11:22:20
(epstopdf)                    size: 14544 bytes
(epstopdf)             Command: <repstopdf --outfile=images/barWidths-eps-conve
rted-to.pdf images/barWidths.eps>
(epstopdf)             \includegraphics on input line 340.
Package epstopdf Info: Output file is already uptodate.
<images/barWidths-eps-converted-to.pdf, id=798, 361.35pt x 289.08pt>
File: images/barWidths-eps-converted-to.pdf Graphic file (type pdf)
<use images/barWidths-eps-converted-to.pdf>
Package pdftex.def Info: images/barWidths-eps-converted-to.pdf  used on input l
ine 340.
(pdftex.def)             Requested size: 128.15614pt x 102.52486pt.
Package epstopdf Info: Source file: <images/Rotation.eps>
(epstopdf)                    date: 2018-11-05 11:22:20
(epstopdf)                    size: 22293 bytes
(epstopdf)             Output file: <images/Rotation-eps-converted-to.pdf>
(epstopdf)                    date: 2018-11-05 11:22:20
(epstopdf)                    size: 13575 bytes
(epstopdf)             Command: <repstopdf --outfile=images/Rotation-eps-conver
ted-to.pdf images/Rotation.eps>
(epstopdf)             \includegraphics on input line 340.
Package epstopdf Info: Output file is already uptodate.
<images/Rotation-eps-converted-to.pdf, id=799, 361.35pt x 289.08pt>
File: images/Rotation-eps-converted-to.pdf Graphic file (type pdf)
<use images/Rotation-eps-converted-to.pdf>
Package pdftex.def Info: images/Rotation-eps-converted-to.pdf  used on input li
ne 340.
(pdftex.def)             Requested size: 128.15614pt x 102.52486pt.
<images/stim_optimal_0.png, id=800, 361.35pt x 361.35pt>
File: images/stim_optimal_0.png Graphic file (type png)
<use images/stim_optimal_0.png>
Package pdftex.def Info: images/stim_optimal_0.png  used on input line 340.
(pdftex.def)             Requested size: 13.3612pt x 13.3598pt.
<images/stim_optimal_1.png, id=801, 361.35pt x 361.35pt>
File: images/stim_optimal_1.png Graphic file (type png)
<use images/stim_optimal_1.png>
Package pdftex.def Info: images/stim_optimal_1.png  used on input line 340.
(pdftex.def)             Requested size: 13.3612pt x 13.3598pt.
<images/stim_optimal_2.png, id=802, 361.35pt x 361.35pt>
File: images/stim_optimal_2.png Graphic file (type png)
<use images/stim_optimal_2.png>
Package pdftex.def Info: images/stim_optimal_2.png  used on input line 340.
(pdftex.def)             Requested size: 13.3612pt x 13.3598pt.
<images/stim_optimal_3.png, id=803, 361.35pt x 361.35pt>
File: images/stim_optimal_3.png Graphic file (type png)
<use images/stim_optimal_3.png>
Package pdftex.def Info: images/stim_optimal_3.png  used on input line 340.
(pdftex.def)             Requested size: 13.3612pt x 13.3598pt.
<images/stim_optimal_4.png, id=804, 361.35pt x 361.35pt>
File: images/stim_optimal_4.png Graphic file (type png)
<use images/stim_optimal_4.png>
Package pdftex.def Info: images/stim_optimal_4.png  used on input line 340.
(pdftex.def)             Requested size: 13.3612pt x 13.3598pt.
<images/stim_optimal_5.png, id=805, 361.35pt x 361.35pt>
File: images/stim_optimal_5.png Graphic file (type png)
<use images/stim_optimal_5.png>
Package pdftex.def Info: images/stim_optimal_5.png  used on input line 340.
(pdftex.def)             Requested size: 13.3612pt x 13.3598pt.
<images/stim_optimal_6.png, id=806, 361.35pt x 361.35pt>
File: images/stim_optimal_6.png Graphic file (type png)
<use images/stim_optimal_6.png>
Package pdftex.def Info: images/stim_optimal_6.png  used on input line 340.
(pdftex.def)             Requested size: 13.3612pt x 13.3598pt.
<images/stim_optimal_7.png, id=807, 361.35pt x 361.35pt>
File: images/stim_optimal_7.png Graphic file (type png)
<use images/stim_optimal_7.png>
Package pdftex.def Info: images/stim_optimal_7.png  used on input line 340.
(pdftex.def)             Requested size: 13.3612pt x 13.3598pt.
<images/stim_optimal_8.png, id=808, 361.35pt x 361.35pt>
File: images/stim_optimal_8.png Graphic file (type png)
<use images/stim_optimal_8.png>
Package pdftex.def Info: images/stim_optimal_8.png  used on input line 340.
(pdftex.def)             Requested size: 13.3612pt x 13.3598pt.
<images/stim_optimal_9.png, id=809, 361.35pt x 361.35pt>
File: images/stim_optimal_9.png Graphic file (type png)
<use images/stim_optimal_9.png>
Package pdftex.def Info: images/stim_optimal_9.png  used on input line 340.
(pdftex.def)             Requested size: 13.3612pt x 13.3598pt.
<images/stim_optimal_10.png, id=810, 361.35pt x 361.35pt>
File: images/stim_optimal_10.png Graphic file (type png)
<use images/stim_optimal_10.png>
Package pdftex.def Info: images/stim_optimal_10.png  used on input line 340.
(pdftex.def)             Requested size: 13.3612pt x 13.3598pt.
<images/stim_optimal_11.png, id=811, 361.35pt x 361.35pt>
File: images/stim_optimal_11.png Graphic file (type png)
<use images/stim_optimal_11.png>
Package pdftex.def Info: images/stim_optimal_11.png  used on input line 340.
(pdftex.def)             Requested size: 13.3612pt x 13.3598pt.
<images/stim_optimal_12.png, id=812, 361.35pt x 361.35pt>
File: images/stim_optimal_12.png Graphic file (type png)
<use images/stim_optimal_12.png>
Package pdftex.def Info: images/stim_optimal_12.png  used on input line 340.
(pdftex.def)             Requested size: 13.3612pt x 13.3598pt.
<images/stim_optimal_13.png, id=813, 361.35pt x 361.35pt>
File: images/stim_optimal_13.png Graphic file (type png)
<use images/stim_optimal_13.png>
Package pdftex.def Info: images/stim_optimal_13.png  used on input line 340.
(pdftex.def)             Requested size: 13.3612pt x 13.3598pt.
<images/stim_optimal_14.png, id=814, 361.35pt x 361.35pt>
File: images/stim_optimal_14.png Graphic file (type png)
<use images/stim_optimal_14.png>
Package pdftex.def Info: images/stim_optimal_14.png  used on input line 340.
(pdftex.def)             Requested size: 13.3612pt x 13.3598pt.
<images/stim_optimal_15.png, id=815, 361.35pt x 361.35pt>
File: images/stim_optimal_15.png Graphic file (type png)
<use images/stim_optimal_15.png>
Package pdftex.def Info: images/stim_optimal_15.png  used on input line 340.
(pdftex.def)             Requested size: 13.3612pt x 13.3598pt.
<images/stim_optimal_16.png, id=816, 361.35pt x 361.35pt>
File: images/stim_optimal_16.png Graphic file (type png)
<use images/stim_optimal_16.png>
Package pdftex.def Info: images/stim_optimal_16.png  used on input line 340.
(pdftex.def)             Requested size: 13.3612pt x 13.3598pt.
<images/stim_optimal_17.png, id=817, 361.35pt x 361.35pt>
File: images/stim_optimal_17.png Graphic file (type png)
<use images/stim_optimal_17.png>
Package pdftex.def Info: images/stim_optimal_17.png  used on input line 340.
(pdftex.def)             Requested size: 13.3612pt x 13.3598pt.
<images/stim_optimal_18.png, id=818, 361.35pt x 361.35pt>
File: images/stim_optimal_18.png Graphic file (type png)
<use images/stim_optimal_18.png>
Package pdftex.def Info: images/stim_optimal_18.png  used on input line 340.
(pdftex.def)             Requested size: 13.3612pt x 13.3598pt.
<images/stim_optimal_19.png, id=819, 361.35pt x 361.35pt>
File: images/stim_optimal_19.png Graphic file (type png)
<use images/stim_optimal_19.png>
Package pdftex.def Info: images/stim_optimal_19.png  used on input line 340.
(pdftex.def)             Requested size: 13.3612pt x 13.3598pt.
<images/stim_optimal_20.png, id=820, 361.35pt x 361.35pt>
File: images/stim_optimal_20.png Graphic file (type png)
<use images/stim_optimal_20.png>
Package pdftex.def Info: images/stim_optimal_20.png  used on input line 340.
(pdftex.def)             Requested size: 13.3612pt x 13.3598pt.
<images/stim_optimal_21.png, id=821, 361.35pt x 361.35pt>
File: images/stim_optimal_21.png Graphic file (type png)
<use images/stim_optimal_21.png>
Package pdftex.def Info: images/stim_optimal_21.png  used on input line 340.
(pdftex.def)             Requested size: 13.3612pt x 13.3598pt.
<images/stim_optimal_22.png, id=822, 361.35pt x 361.35pt>
File: images/stim_optimal_22.png Graphic file (type png)
<use images/stim_optimal_22.png>
Package pdftex.def Info: images/stim_optimal_22.png  used on input line 340.
(pdftex.def)             Requested size: 13.3612pt x 13.3598pt.
<images/stim_optimal_23.png, id=823, 361.35pt x 361.35pt>
File: images/stim_optimal_23.png Graphic file (type png)
<use images/stim_optimal_23.png>
Package pdftex.def Info: images/stim_optimal_23.png  used on input line 340.
(pdftex.def)             Requested size: 13.3612pt x 13.3598pt.

Overfull \hbox (0.4pt too wide) in paragraph at lines 340--340
 [] 
 []

[21

 <./images/barWidths-eps-converted-to.pdf> <./images/Rotation-eps-converted-to.
pdf> <./images/stim_optimal_0.png> <./images/stim_optimal_1.png> <./images/stim
_optimal_2.png> <./images/stim_optimal_3.png> <./images/stim_optimal_4.png> <./
images/stim_optimal_5.png> <./images/stim_optimal_6.png> <./images/stim_optimal
_7.png> <./images/stim_optimal_8.png> <./images/stim_optimal_9.png> <./images/s
tim_optimal_10.png> <./images/stim_optimal_11.png> <./images/stim_optimal_12.pn
g> <./images/stim_optimal_13.png> <./images/stim_optimal_14.png> <./images/stim
_optimal_15.png> <./images/stim_optimal_16.png> <./images/stim_optimal_17.png> 
<./images/stim_optimal_18.png> <./images/stim_optimal_19.png> <./images/stim_op
timal_20.png> <./images/stim_optimal_21.png> <./images/stim_optimal_22.png> <./
images/stim_optimal_23.png>]
Package epstopdf Info: Source file: <images/barWidths.eps>
(epstopdf)                    date: 2018-11-05 11:22:20
(epstopdf)                    size: 22508 bytes
(epstopdf)             Output file: <images/barWidths-eps-converted-to.pdf>
(epstopdf)                    date: 2018-11-05 11:22:20
(epstopdf)                    size: 14544 bytes
(epstopdf)             Command: <repstopdf --outfile=images/barWidths-eps-conve
rted-to.pdf images/barWidths.eps>
(epstopdf)             \includegraphics on input line 340.
Package epstopdf Info: Output file is already uptodate.
File: images/barWidths-eps-converted-to.pdf Graphic file (type pdf)
<use images/barWidths-eps-converted-to.pdf>
Package pdftex.def Info: images/barWidths-eps-converted-to.pdf  used on input l
ine 340.
(pdftex.def)             Requested size: 128.15614pt x 102.52486pt.
Package epstopdf Info: Source file: <images/Rotation.eps>
(epstopdf)                    date: 2018-11-05 11:22:20
(epstopdf)                    size: 22293 bytes
(epstopdf)             Output file: <images/Rotation-eps-converted-to.pdf>
(epstopdf)                    date: 2018-11-05 11:22:20
(epstopdf)                    size: 13575 bytes
(epstopdf)             Command: <repstopdf --outfile=images/Rotation-eps-conver
ted-to.pdf images/Rotation.eps>
(epstopdf)             \includegraphics on input line 340.
Package epstopdf Info: Output file is already uptodate.
File: images/Rotation-eps-converted-to.pdf Graphic file (type pdf)
<use images/Rotation-eps-converted-to.pdf>
Package pdftex.def Info: images/Rotation-eps-converted-to.pdf  used on input li
ne 340.
(pdftex.def)             Requested size: 128.15614pt x 102.52486pt.
File: images/stim_optimal_0.png Graphic file (type png)
<use images/stim_optimal_0.png>
Package pdftex.def Info: images/stim_optimal_0.png  used on input line 340.
(pdftex.def)             Requested size: 13.3612pt x 13.3598pt.
File: images/stim_optimal_1.png Graphic file (type png)
<use images/stim_optimal_1.png>
Package pdftex.def Info: images/stim_optimal_1.png  used on input line 340.
(pdftex.def)             Requested size: 13.3612pt x 13.3598pt.
File: images/stim_optimal_2.png Graphic file (type png)
<use images/stim_optimal_2.png>
Package pdftex.def Info: images/stim_optimal_2.png  used on input line 340.
(pdftex.def)             Requested size: 13.3612pt x 13.3598pt.
File: images/stim_optimal_3.png Graphic file (type png)
<use images/stim_optimal_3.png>
Package pdftex.def Info: images/stim_optimal_3.png  used on input line 340.
(pdftex.def)             Requested size: 13.3612pt x 13.3598pt.
File: images/stim_optimal_4.png Graphic file (type png)
<use images/stim_optimal_4.png>
Package pdftex.def Info: images/stim_optimal_4.png  used on input line 340.
(pdftex.def)             Requested size: 13.3612pt x 13.3598pt.
File: images/stim_optimal_5.png Graphic file (type png)
<use images/stim_optimal_5.png>
Package pdftex.def Info: images/stim_optimal_5.png  used on input line 340.
(pdftex.def)             Requested size: 13.3612pt x 13.3598pt.
File: images/stim_optimal_6.png Graphic file (type png)
<use images/stim_optimal_6.png>
Package pdftex.def Info: images/stim_optimal_6.png  used on input line 340.
(pdftex.def)             Requested size: 13.3612pt x 13.3598pt.
File: images/stim_optimal_7.png Graphic file (type png)
<use images/stim_optimal_7.png>
Package pdftex.def Info: images/stim_optimal_7.png  used on input line 340.
(pdftex.def)             Requested size: 13.3612pt x 13.3598pt.
File: images/stim_optimal_8.png Graphic file (type png)
<use images/stim_optimal_8.png>
Package pdftex.def Info: images/stim_optimal_8.png  used on input line 340.
(pdftex.def)             Requested size: 13.3612pt x 13.3598pt.
File: images/stim_optimal_9.png Graphic file (type png)
<use images/stim_optimal_9.png>
Package pdftex.def Info: images/stim_optimal_9.png  used on input line 340.
(pdftex.def)             Requested size: 13.3612pt x 13.3598pt.
File: images/stim_optimal_10.png Graphic file (type png)
<use images/stim_optimal_10.png>
Package pdftex.def Info: images/stim_optimal_10.png  used on input line 340.
(pdftex.def)             Requested size: 13.3612pt x 13.3598pt.
File: images/stim_optimal_11.png Graphic file (type png)
<use images/stim_optimal_11.png>
Package pdftex.def Info: images/stim_optimal_11.png  used on input line 340.
(pdftex.def)             Requested size: 13.3612pt x 13.3598pt.
File: images/stim_optimal_12.png Graphic file (type png)
<use images/stim_optimal_12.png>
Package pdftex.def Info: images/stim_optimal_12.png  used on input line 340.
(pdftex.def)             Requested size: 13.3612pt x 13.3598pt.
File: images/stim_optimal_13.png Graphic file (type png)
<use images/stim_optimal_13.png>
Package pdftex.def Info: images/stim_optimal_13.png  used on input line 340.
(pdftex.def)             Requested size: 13.3612pt x 13.3598pt.
File: images/stim_optimal_14.png Graphic file (type png)
<use images/stim_optimal_14.png>
Package pdftex.def Info: images/stim_optimal_14.png  used on input line 340.
(pdftex.def)             Requested size: 13.3612pt x 13.3598pt.
File: images/stim_optimal_15.png Graphic file (type png)
<use images/stim_optimal_15.png>
Package pdftex.def Info: images/stim_optimal_15.png  used on input line 340.
(pdftex.def)             Requested size: 13.3612pt x 13.3598pt.
File: images/stim_optimal_16.png Graphic file (type png)
<use images/stim_optimal_16.png>
Package pdftex.def Info: images/stim_optimal_16.png  used on input line 340.
(pdftex.def)             Requested size: 13.3612pt x 13.3598pt.
File: images/stim_optimal_17.png Graphic file (type png)
<use images/stim_optimal_17.png>
Package pdftex.def Info: images/stim_optimal_17.png  used on input line 340.
(pdftex.def)             Requested size: 13.3612pt x 13.3598pt.
File: images/stim_optimal_18.png Graphic file (type png)
<use images/stim_optimal_18.png>
Package pdftex.def Info: images/stim_optimal_18.png  used on input line 340.
(pdftex.def)             Requested size: 13.3612pt x 13.3598pt.
File: images/stim_optimal_19.png Graphic file (type png)
<use images/stim_optimal_19.png>
Package pdftex.def Info: images/stim_optimal_19.png  used on input line 340.
(pdftex.def)             Requested size: 13.3612pt x 13.3598pt.
File: images/stim_optimal_20.png Graphic file (type png)
<use images/stim_optimal_20.png>
Package pdftex.def Info: images/stim_optimal_20.png  used on input line 340.
(pdftex.def)             Requested size: 13.3612pt x 13.3598pt.
File: images/stim_optimal_21.png Graphic file (type png)
<use images/stim_optimal_21.png>
Package pdftex.def Info: images/stim_optimal_21.png  used on input line 340.
(pdftex.def)             Requested size: 13.3612pt x 13.3598pt.
File: images/stim_optimal_22.png Graphic file (type png)
<use images/stim_optimal_22.png>
Package pdftex.def Info: images/stim_optimal_22.png  used on input line 340.
(pdftex.def)             Requested size: 13.3612pt x 13.3598pt.
File: images/stim_optimal_23.png Graphic file (type png)
<use images/stim_optimal_23.png>
Package pdftex.def Info: images/stim_optimal_23.png  used on input line 340.
(pdftex.def)             Requested size: 13.3612pt x 13.3598pt.

Overfull \hbox (0.4pt too wide) in paragraph at lines 340--340
 [] 
 []

[22

]
Package epstopdf Info: Source file: <images/0.00_x_8.eps>
(epstopdf)                    date: 2018-11-05 11:22:20
(epstopdf)                    size: 126981 bytes
(epstopdf)             Output file: <images/0.00_x_8-eps-converted-to.pdf>
(epstopdf)                    date: 2018-11-05 11:22:20
(epstopdf)                    size: 15921 bytes
(epstopdf)             Command: <repstopdf --outfile=images/0.00_x_8-eps-conver
ted-to.pdf images/0.00_x_8.eps>
(epstopdf)             \includegraphics on input line 359.
Package epstopdf Info: Output file is already uptodate.
File: images/0.00_x_8-eps-converted-to.pdf Graphic file (type pdf)
<use images/0.00_x_8-eps-converted-to.pdf>
Package pdftex.def Info: images/0.00_x_8-eps-converted-to.pdf  used on input li
ne 359.
(pdftex.def)             Requested size: 80.0988pt x 80.09824pt.
Package epstopdf Info: Source file: <images/0.00_y_8.eps>
(epstopdf)                    date: 2018-11-05 11:22:20
(epstopdf)                    size: 127082 bytes
(epstopdf)             Output file: <images/0.00_y_8-eps-converted-to.pdf>
(epstopdf)                    date: 2018-11-05 11:22:20
(epstopdf)                    size: 16030 bytes
(epstopdf)             Command: <repstopdf --outfile=images/0.00_y_8-eps-conver
ted-to.pdf images/0.00_y_8.eps>
(epstopdf)             \includegraphics on input line 359.
Package epstopdf Info: Output file is already uptodate.
File: images/0.00_y_8-eps-converted-to.pdf Graphic file (type pdf)
<use images/0.00_y_8-eps-converted-to.pdf>
Package pdftex.def Info: images/0.00_y_8-eps-converted-to.pdf  used on input li
ne 359.
(pdftex.def)             Requested size: 80.0988pt x 80.09824pt.
Package epstopdf Info: Source file: <images/0.00_sigma_8.eps>
(epstopdf)                    date: 2018-11-05 11:22:20
(epstopdf)                    size: 127317 bytes
(epstopdf)             Output file: <images/0.00_sigma_8-eps-converted-to.pdf>
(epstopdf)                    date: 2018-11-05 11:22:20
(epstopdf)                    size: 16681 bytes
(epstopdf)             Command: <repstopdf --outfile=images/0.00_sigma_8-eps-co
nverted-to.pdf images/0.00_sigma_8.eps>
(epstopdf)             \includegraphics on input line 359.
Package epstopdf Info: Output file is already uptodate.
File: images/0.00_sigma_8-eps-converted-to.pdf Graphic file (type pdf)
<use images/0.00_sigma_8-eps-converted-to.pdf>
Package pdftex.def Info: images/0.00_sigma_8-eps-converted-to.pdf  used on inpu
t line 359.
(pdftex.def)             Requested size: 80.0988pt x 80.09824pt.
Package epstopdf Info: Source file: <images/optimal_y_8.eps>
(epstopdf)                    date: 2018-11-05 11:22:20
(epstopdf)                    size: 127723 bytes
(epstopdf)             Output file: <images/optimal_y_8-eps-converted-to.pdf>
(epstopdf)                    date: 2018-11-05 11:22:20
(epstopdf)                    size: 16491 bytes
(epstopdf)             Command: <repstopdf --outfile=images/optimal_y_8-eps-con
verted-to.pdf images/optimal_y_8.eps>
(epstopdf)             \includegraphics on input line 359.
Package epstopdf Info: Output file is already uptodate.
<images/optimal_y_8-eps-converted-to.pdf, id=972, 361.35pt x 361.35pt>
File: images/optimal_y_8-eps-converted-to.pdf Graphic file (type pdf)
<use images/optimal_y_8-eps-converted-to.pdf>
Package pdftex.def Info: images/optimal_y_8-eps-converted-to.pdf  used on input
 line 359.
(pdftex.def)             Requested size: 80.0988pt x 80.09824pt.
Package epstopdf Info: Source file: <images/optimal_y_8.eps>
(epstopdf)                    date: 2018-11-05 11:22:20
(epstopdf)                    size: 127723 bytes
(epstopdf)             Output file: <images/optimal_y_8-eps-converted-to.pdf>
(epstopdf)                    date: 2018-11-05 11:22:20
(epstopdf)                    size: 16491 bytes
(epstopdf)             Command: <repstopdf --outfile=images/optimal_y_8-eps-con
verted-to.pdf images/optimal_y_8.eps>
(epstopdf)             \includegraphics on input line 359.
Package epstopdf Info: Output file is already uptodate.
File: images/optimal_y_8-eps-converted-to.pdf Graphic file (type pdf)
<use images/optimal_y_8-eps-converted-to.pdf>
Package pdftex.def Info: images/optimal_y_8-eps-converted-to.pdf  used on input
 line 359.
(pdftex.def)             Requested size: 80.0988pt x 80.09824pt.
Package epstopdf Info: Source file: <images/optimal_sigma_8.eps>
(epstopdf)                    date: 2018-11-05 11:22:20
(epstopdf)                    size: 127957 bytes
(epstopdf)             Output file: <images/optimal_sigma_8-eps-converted-to.pd
f>
(epstopdf)                    date: 2018-11-05 11:22:20
(epstopdf)                    size: 17575 bytes
(epstopdf)             Command: <repstopdf --outfile=images/optimal_sigma_8-eps
-converted-to.pdf images/optimal_sigma_8.eps>
(epstopdf)             \includegraphics on input line 359.
Package epstopdf Info: Output file is already uptodate.
<images/optimal_sigma_8-eps-converted-to.pdf, id=973, 361.35pt x 361.35pt>
File: images/optimal_sigma_8-eps-converted-to.pdf Graphic file (type pdf)
<use images/optimal_sigma_8-eps-converted-to.pdf>
Package pdftex.def Info: images/optimal_sigma_8-eps-converted-to.pdf  used on i
nput line 359.
(pdftex.def)             Requested size: 80.0988pt x 80.09824pt.
 [23

 <./images/optimal_y_8-eps-converted-to.pdf> <./images/optimal_sigma_8-eps-conv
erted-to.pdf>]
Package epstopdf Info: Source file: <images/0.00_x_8.eps>
(epstopdf)                    date: 2018-11-05 11:22:20
(epstopdf)                    size: 126981 bytes
(epstopdf)             Output file: <images/0.00_x_8-eps-converted-to.pdf>
(epstopdf)                    date: 2018-11-05 11:22:20
(epstopdf)                    size: 15921 bytes
(epstopdf)             Command: <repstopdf --outfile=images/0.00_x_8-eps-conver
ted-to.pdf images/0.00_x_8.eps>
(epstopdf)             \includegraphics on input line 359.
Package epstopdf Info: Output file is already uptodate.
File: images/0.00_x_8-eps-converted-to.pdf Graphic file (type pdf)
<use images/0.00_x_8-eps-converted-to.pdf>
Package pdftex.def Info: images/0.00_x_8-eps-converted-to.pdf  used on input li
ne 359.
(pdftex.def)             Requested size: 80.0988pt x 80.09824pt.
Package epstopdf Info: Source file: <images/0.00_y_8.eps>
(epstopdf)                    date: 2018-11-05 11:22:20
(epstopdf)                    size: 127082 bytes
(epstopdf)             Output file: <images/0.00_y_8-eps-converted-to.pdf>
(epstopdf)                    date: 2018-11-05 11:22:20
(epstopdf)                    size: 16030 bytes
(epstopdf)             Command: <repstopdf --outfile=images/0.00_y_8-eps-conver
ted-to.pdf images/0.00_y_8.eps>
(epstopdf)             \includegraphics on input line 359.
Package epstopdf Info: Output file is already uptodate.
File: images/0.00_y_8-eps-converted-to.pdf Graphic file (type pdf)
<use images/0.00_y_8-eps-converted-to.pdf>
Package pdftex.def Info: images/0.00_y_8-eps-converted-to.pdf  used on input li
ne 359.
(pdftex.def)             Requested size: 80.0988pt x 80.09824pt.
Package epstopdf Info: Source file: <images/0.00_sigma_8.eps>
(epstopdf)                    date: 2018-11-05 11:22:20
(epstopdf)                    size: 127317 bytes
(epstopdf)             Output file: <images/0.00_sigma_8-eps-converted-to.pdf>
(epstopdf)                    date: 2018-11-05 11:22:20
(epstopdf)                    size: 16681 bytes
(epstopdf)             Command: <repstopdf --outfile=images/0.00_sigma_8-eps-co
nverted-to.pdf images/0.00_sigma_8.eps>
(epstopdf)             \includegraphics on input line 359.
Package epstopdf Info: Output file is already uptodate.
File: images/0.00_sigma_8-eps-converted-to.pdf Graphic file (type pdf)
<use images/0.00_sigma_8-eps-converted-to.pdf>
Package pdftex.def Info: images/0.00_sigma_8-eps-converted-to.pdf  used on inpu
t line 359.
(pdftex.def)             Requested size: 80.0988pt x 80.09824pt.
Package epstopdf Info: Source file: <images/optimal_y_8.eps>
(epstopdf)                    date: 2018-11-05 11:22:20
(epstopdf)                    size: 127723 bytes
(epstopdf)             Output file: <images/optimal_y_8-eps-converted-to.pdf>
(epstopdf)                    date: 2018-11-05 11:22:20
(epstopdf)                    size: 16491 bytes
(epstopdf)             Command: <repstopdf --outfile=images/optimal_y_8-eps-con
verted-to.pdf images/optimal_y_8.eps>
(epstopdf)             \includegraphics on input line 359.
Package epstopdf Info: Output file is already uptodate.
File: images/optimal_y_8-eps-converted-to.pdf Graphic file (type pdf)
<use images/optimal_y_8-eps-converted-to.pdf>
Package pdftex.def Info: images/optimal_y_8-eps-converted-to.pdf  used on input
 line 359.
(pdftex.def)             Requested size: 80.0988pt x 80.09824pt.
Package epstopdf Info: Source file: <images/optimal_y_8.eps>
(epstopdf)                    date: 2018-11-05 11:22:20
(epstopdf)                    size: 127723 bytes
(epstopdf)             Output file: <images/optimal_y_8-eps-converted-to.pdf>
(epstopdf)                    date: 2018-11-05 11:22:20
(epstopdf)                    size: 16491 bytes
(epstopdf)             Command: <repstopdf --outfile=images/optimal_y_8-eps-con
verted-to.pdf images/optimal_y_8.eps>
(epstopdf)             \includegraphics on input line 359.
Package epstopdf Info: Output file is already uptodate.
File: images/optimal_y_8-eps-converted-to.pdf Graphic file (type pdf)
<use images/optimal_y_8-eps-converted-to.pdf>
Package pdftex.def Info: images/optimal_y_8-eps-converted-to.pdf  used on input
 line 359.
(pdftex.def)             Requested size: 80.0988pt x 80.09824pt.
Package epstopdf Info: Source file: <images/optimal_sigma_8.eps>
(epstopdf)                    date: 2018-11-05 11:22:20
(epstopdf)                    size: 127957 bytes
(epstopdf)             Output file: <images/optimal_sigma_8-eps-converted-to.pd
f>
(epstopdf)                    date: 2018-11-05 11:22:20
(epstopdf)                    size: 17575 bytes
(epstopdf)             Command: <repstopdf --outfile=images/optimal_sigma_8-eps
-converted-to.pdf images/optimal_sigma_8.eps>
(epstopdf)             \includegraphics on input line 359.
Package epstopdf Info: Output file is already uptodate.
File: images/optimal_sigma_8-eps-converted-to.pdf Graphic file (type pdf)
<use images/optimal_sigma_8-eps-converted-to.pdf>
Package pdftex.def Info: images/optimal_sigma_8-eps-converted-to.pdf  used on i
nput line 359.
(pdftex.def)             Requested size: 80.0988pt x 80.09824pt.
 [24

] [25

]

LaTeX Font Warning: Font shape `OT1/cmss/m/sc' in size <10.95> not available
(Font)              Font shape `OT1/cmr/m/sc' tried instead on input line 399.

[26

 </usr/share/texlive/texmf-dist/tex/latex/beamer/beamericonarticle.pdf>]
\tf@nav=\write8
\openout8 = `main.nav'.

\tf@toc=\write9
\openout9 = `main.toc'.

\tf@snm=\write10
\openout10 = `main.snm'.

Package atveryend Info: Empty hook `BeforeClearDocument' on input line 402.
Package atveryend Info: Empty hook `AfterLastShipout' on input line 402.

(./main.aux)
Package atveryend Info: Executing hook `AtVeryEndDocument' on input line 402.
Package atveryend Info: Executing hook `AtEndAfterFileList' on input line 402.
Package rerunfilecheck Info: File `main.out' has not changed.
(rerunfilecheck)             Checksum: 8F24FD931288CEBCC962739B5BFAED6E;95.
Package logreq Info: Writing requests to 'main.run.xml'.
\openout1 = `main.run.xml'.

 ) 
Here is how much of TeX's memory you used:
 27490 strings out of 492982
 538997 string characters out of 6134895
 1106992 words of memory out of 5000000
 30393 multiletter control sequences out of 15000+600000
 20545 words of font info for 65 fonts, out of 8000000 for 9000
 1141 hyphenation exceptions out of 8191
 56i,15n,63p,788b,1770s stack positions out of 5000i,500n,10000p,200000b,80000s
{/usr/share/texmf/fonts/enc/dvips/cm-super/cm-super-t1.enc}</usr/share/texliv
e/texmf-dist/fonts/type1/public/amsfonts/cm/cmcsc10.pfb></usr/share/texlive/tex
mf-dist/fonts/type1/public/amsfonts/cm/cmex10.pfb></usr/share/texlive/texmf-dis
t/fonts/type1/public/amsfonts/cm/cmmi10.pfb></usr/share/texlive/texmf-dist/font
s/type1/public/amsfonts/cm/cmmi6.pfb></usr/share/texlive/texmf-dist/fonts/type1
/public/amsfonts/cm/cmmi8.pfb></usr/share/texlive/texmf-dist/fonts/type1/public
/amsfonts/cm/cmss10.pfb></usr/share/texlive/texmf-dist/fonts/type1/public/amsfo
nts/cm/cmss12.pfb></usr/share/texlive/texmf-dist/fonts/type1/public/amsfonts/cm
/cmss8.pfb></usr/share/texlive/texmf-dist/fonts/type1/public/amsfonts/cm/cmssi1
0.pfb></usr/share/texlive/texmf-dist/fonts/type1/public/amsfonts/cm/cmssi8.pfb>
</usr/share/texlive/texmf-dist/fonts/type1/public/amsfonts/cm/cmsy10.pfb></usr/
share/texlive/texmf-dist/fonts/type1/public/amsfonts/cm/cmsy6.pfb></usr/share/t
exlive/texmf-dist/fonts/type1/public/amsfonts/cm/cmsy8.pfb></usr/share/texlive/
texmf-dist/fonts/type1/public/amsfonts/cm/cmtt10.pfb></usr/share/texmf/fonts/ty
pe1/public/cm-super/sfso1000.pfb>
Output written on main.pdf (26 pages, 529036 bytes).
PDF statistics:
 1224 PDF objects out of 1440 (max. 8388607)
 812 compressed objects within 9 object streams
 58 named destinations out of 1000 (max. 500000)
 385 words of extra memory for PDF output out of 10000 (max. 10000000)

