This is pdfTeX, Version 3.14159265-2.6-1.40.18 (TeX Live 2017/Debian) (preloaded format=pdflatex 2018.7.26)  14 AUG 2018 12:22
entering extended mode
 restricted \write18 enabled.
 %&-line parsing enabled.
**poster_portrait.tex
(./poster_portrait.tex
LaTeX2e <2017-04-15>
Babel <3.18> and hyphenation patterns for 3 language(s) loaded.
(./baposter.cls
Document Class: baposter 2011/11/26 v2.0 baposter class
(/usr/share/texlive/texmf-dist/tex/latex/base/article.cls
Document Class: article 2014/09/29 v1.4h Standard LaTeX document class
(/usr/share/texlive/texmf-dist/tex/latex/base/size10.clo
File: size10.clo 2014/09/29 v1.4h Standard LaTeX file (size option)
)
\c@part=\count79
\c@section=\count80
\c@subsection=\count81
\c@subsubsection=\count82
\c@paragraph=\count83
\c@subparagraph=\count84
\c@figure=\count85
\c@table=\count86
\abovecaptionskip=\skip41
\belowcaptionskip=\skip42
\bibindent=\dimen102
)
baposter: Brian Amberg, 2007, 2008, 2009, 2010, 2011 | http://www.brian-amberg.
de/uni/poster/
baposter: Reinhold Kainhofer, 2011 | http://reinhold.kainhofer.com/
\baposter@basepaperwidth=\skip43
\baposter@basepaperheight=\skip44
\baposter@basemargin=\skip45
\baposter@finalpaperwidth=\skip46
\baposter@finalpaperheight=\skip47
\baposter@finalmargin=\skip48
\headerheight=\skip49
\colwidth=\skip50
\colheight=\skip51
\baposter@@colspacing=\skip52
\baposter@box@@cornerradius=\skip53
\baposter@box@@boxheaderheight=\skip54
\baposter@box@@boxpadding=\skip55
\boxstartx=\skip56
\boxstarty=\skip57
\boxwidth=\skip58
\boxheight=\skip59
\baposter@titleimage@left@width=\skip60
\baposter@titleimage@right@width=\skip61
\baposter@titleimage@textwidth=\skip62
\baposter@box@content=\box26
\baposter@titleimage@left=\box27
\baposter@titleimage@title=\box28
\baposter@titleimage@right=\box29
Use Packages
(/usr/share/texlive/texmf-dist/tex/latex/xkeyval/xkeyval.sty
Package: xkeyval 2014/12/03 v2.7a package option processing (HA)

(/usr/share/texlive/texmf-dist/tex/generic/xkeyval/xkeyval.tex
(/usr/share/texlive/texmf-dist/tex/generic/xkeyval/xkvutils.tex
\XKV@toks=\toks14
\XKV@tempa@toks=\toks15

(/usr/share/texlive/texmf-dist/tex/generic/xkeyval/keyval.tex))
\XKV@depth=\count87
File: xkeyval.tex 2014/12/03 v2.7a key=value parser (HA)
))
(/usr/share/texlive/texmf-dist/tex/latex/tools/calc.sty
Package: calc 2014/10/28 v4.3 Infix arithmetic (KKT,FJ)
\calc@Acount=\count88
\calc@Bcount=\count89
\calc@Adimen=\dimen103
\calc@Bdimen=\dimen104
\calc@Askip=\skip63
\calc@Bskip=\skip64
LaTeX Info: Redefining \setlength on input line 80.
LaTeX Info: Redefining \addtolength on input line 81.
\calc@Ccount=\count90
\calc@Cskip=\skip65
)
(/usr/share/texlive/texmf-dist/tex/latex/xcolor/xcolor.sty
Package: xcolor 2016/05/11 v2.12 LaTeX color extensions (UK)

(/usr/share/texlive/texmf-dist/tex/latex/graphics-cfg/color.cfg
File: color.cfg 2016/01/02 v1.6 sample color configuration
)
Package xcolor Info: Driver file: pdftex.def on input line 225.

(/usr/share/texlive/texmf-dist/tex/latex/graphics-def/pdftex.def
File: pdftex.def 2018/01/08 v1.0l Graphics/color driver for pdftex
)
Package xcolor Info: Model `cmy' substituted by `cmy0' on input line 1348.
Package xcolor Info: Model `hsb' substituted by `rgb' on input line 1352.
Package xcolor Info: Model `RGB' extended on input line 1364.
Package xcolor Info: Model `HTML' substituted by `rgb' on input line 1366.
Package xcolor Info: Model `Hsb' substituted by `hsb' on input line 1367.
Package xcolor Info: Model `tHsb' substituted by `hsb' on input line 1368.
Package xcolor Info: Model `HSB' substituted by `hsb' on input line 1369.
Package xcolor Info: Model `Gray' substituted by `gray' on input line 1370.
Package xcolor Info: Model `wave' substituted by `hsb' on input line 1371.
)
(/usr/share/texlive/texmf-dist/tex/latex/pgf/frontendlayer/tikz.sty
(/usr/share/texlive/texmf-dist/tex/latex/pgf/basiclayer/pgf.sty
(/usr/share/texlive/texmf-dist/tex/latex/pgf/utilities/pgfrcs.sty
(/usr/share/texlive/texmf-dist/tex/generic/pgf/utilities/pgfutil-common.tex
\pgfutil@everybye=\toks16
\pgfutil@tempdima=\dimen105
\pgfutil@tempdimb=\dimen106

(/usr/share/texlive/texmf-dist/tex/generic/pgf/utilities/pgfutil-common-lists.t
ex)) (/usr/share/texlive/texmf-dist/tex/generic/pgf/utilities/pgfutil-latex.def
\pgfutil@abb=\box30
(/usr/share/texlive/texmf-dist/tex/latex/ms/everyshi.sty
Package: everyshi 2001/05/15 v3.00 EveryShipout Package (MS)
))
(/usr/share/texlive/texmf-dist/tex/generic/pgf/utilities/pgfrcs.code.tex
Package: pgfrcs 2015/08/07 v3.0.1a (rcs-revision 1.31)
))
Package: pgf 2015/08/07 v3.0.1a (rcs-revision 1.15)

(/usr/share/texlive/texmf-dist/tex/latex/pgf/basiclayer/pgfcore.sty
(/usr/share/texlive/texmf-dist/tex/latex/graphics/graphicx.sty
Package: graphicx 2017/06/01 v1.1a Enhanced LaTeX Graphics (DPC,SPQR)

(/usr/share/texlive/texmf-dist/tex/latex/graphics/graphics.sty
Package: graphics 2017/06/25 v1.2c Standard LaTeX Graphics (DPC,SPQR)

(/usr/share/texlive/texmf-dist/tex/latex/graphics/trig.sty
Package: trig 2016/01/03 v1.10 sin cos tan (DPC)
)
(/usr/share/texlive/texmf-dist/tex/latex/graphics-cfg/graphics.cfg
File: graphics.cfg 2016/06/04 v1.11 sample graphics configuration
)
Package graphics Info: Driver file: pdftex.def on input line 99.
)
\Gin@req@height=\dimen107
\Gin@req@width=\dimen108
)
(/usr/share/texlive/texmf-dist/tex/latex/pgf/systemlayer/pgfsys.sty
(/usr/share/texlive/texmf-dist/tex/generic/pgf/systemlayer/pgfsys.code.tex
Package: pgfsys 2014/07/09 v3.0.1a (rcs-revision 1.48)

(/usr/share/texlive/texmf-dist/tex/generic/pgf/utilities/pgfkeys.code.tex
\pgfkeys@pathtoks=\toks17
\pgfkeys@temptoks=\toks18

(/usr/share/texlive/texmf-dist/tex/generic/pgf/utilities/pgfkeysfiltered.code.t
ex
\pgfkeys@tmptoks=\toks19
))
\pgf@x=\dimen109
\pgf@y=\dimen110
\pgf@xa=\dimen111
\pgf@ya=\dimen112
\pgf@xb=\dimen113
\pgf@yb=\dimen114
\pgf@xc=\dimen115
\pgf@yc=\dimen116
\w@pgf@writea=\write3
\r@pgf@reada=\read1
\c@pgf@counta=\count91
\c@pgf@countb=\count92
\c@pgf@countc=\count93
\c@pgf@countd=\count94
\t@pgf@toka=\toks20
\t@pgf@tokb=\toks21
\t@pgf@tokc=\toks22
 (/usr/share/texlive/texmf-dist/tex/generic/pgf/systemlayer/pgf.cfg
File: pgf.cfg 2008/05/14  (rcs-revision 1.7)
)
Driver file for pgf: pgfsys-pdftex.def

(/usr/share/texlive/texmf-dist/tex/generic/pgf/systemlayer/pgfsys-pdftex.def
File: pgfsys-pdftex.def 2014/10/11  (rcs-revision 1.35)

(/usr/share/texlive/texmf-dist/tex/generic/pgf/systemlayer/pgfsys-common-pdf.de
f
File: pgfsys-common-pdf.def 2013/10/10  (rcs-revision 1.13)
)))
(/usr/share/texlive/texmf-dist/tex/generic/pgf/systemlayer/pgfsyssoftpath.code.
tex
File: pgfsyssoftpath.code.tex 2013/09/09  (rcs-revision 1.9)
\pgfsyssoftpath@smallbuffer@items=\count95
\pgfsyssoftpath@bigbuffer@items=\count96
)
(/usr/share/texlive/texmf-dist/tex/generic/pgf/systemlayer/pgfsysprotocol.code.
tex
File: pgfsysprotocol.code.tex 2006/10/16  (rcs-revision 1.4)
))
(/usr/share/texlive/texmf-dist/tex/generic/pgf/basiclayer/pgfcore.code.tex
Package: pgfcore 2010/04/11 v3.0.1a (rcs-revision 1.7)

(/usr/share/texlive/texmf-dist/tex/generic/pgf/math/pgfmath.code.tex
(/usr/share/texlive/texmf-dist/tex/generic/pgf/math/pgfmathcalc.code.tex
(/usr/share/texlive/texmf-dist/tex/generic/pgf/math/pgfmathutil.code.tex)
(/usr/share/texlive/texmf-dist/tex/generic/pgf/math/pgfmathparser.code.tex
\pgfmath@dimen=\dimen117
\pgfmath@count=\count97
\pgfmath@box=\box31
\pgfmath@toks=\toks23
\pgfmath@stack@operand=\toks24
\pgfmath@stack@operation=\toks25
)
(/usr/share/texlive/texmf-dist/tex/generic/pgf/math/pgfmathfunctions.code.tex
(/usr/share/texlive/texmf-dist/tex/generic/pgf/math/pgfmathfunctions.basic.code
.tex)
(/usr/share/texlive/texmf-dist/tex/generic/pgf/math/pgfmathfunctions.trigonomet
ric.code.tex)
(/usr/share/texlive/texmf-dist/tex/generic/pgf/math/pgfmathfunctions.random.cod
e.tex)
(/usr/share/texlive/texmf-dist/tex/generic/pgf/math/pgfmathfunctions.comparison
.code.tex)
(/usr/share/texlive/texmf-dist/tex/generic/pgf/math/pgfmathfunctions.base.code.
tex)
(/usr/share/texlive/texmf-dist/tex/generic/pgf/math/pgfmathfunctions.round.code
.tex)
(/usr/share/texlive/texmf-dist/tex/generic/pgf/math/pgfmathfunctions.misc.code.
tex)
(/usr/share/texlive/texmf-dist/tex/generic/pgf/math/pgfmathfunctions.integerari
thmetics.code.tex)))
(/usr/share/texlive/texmf-dist/tex/generic/pgf/math/pgfmathfloat.code.tex
\c@pgfmathroundto@lastzeros=\count98
))
(/usr/share/texlive/texmf-dist/tex/generic/pgf/basiclayer/pgfcorepoints.code.te
x
File: pgfcorepoints.code.tex 2013/10/07  (rcs-revision 1.27)
\pgf@picminx=\dimen118
\pgf@picmaxx=\dimen119
\pgf@picminy=\dimen120
\pgf@picmaxy=\dimen121
\pgf@pathminx=\dimen122
\pgf@pathmaxx=\dimen123
\pgf@pathminy=\dimen124
\pgf@pathmaxy=\dimen125
\pgf@xx=\dimen126
\pgf@xy=\dimen127
\pgf@yx=\dimen128
\pgf@yy=\dimen129
\pgf@zx=\dimen130
\pgf@zy=\dimen131
)
(/usr/share/texlive/texmf-dist/tex/generic/pgf/basiclayer/pgfcorepathconstruct.
code.tex
File: pgfcorepathconstruct.code.tex 2013/10/07  (rcs-revision 1.29)
\pgf@path@lastx=\dimen132
\pgf@path@lasty=\dimen133
)
(/usr/share/texlive/texmf-dist/tex/generic/pgf/basiclayer/pgfcorepathusage.code
.tex
File: pgfcorepathusage.code.tex 2014/11/02  (rcs-revision 1.24)
\pgf@shorten@end@additional=\dimen134
\pgf@shorten@start@additional=\dimen135
)
(/usr/share/texlive/texmf-dist/tex/generic/pgf/basiclayer/pgfcorescopes.code.te
x
File: pgfcorescopes.code.tex 2015/05/08  (rcs-revision 1.46)
\pgfpic=\box32
\pgf@hbox=\box33
\pgf@layerbox@main=\box34
\pgf@picture@serial@count=\count99
)
(/usr/share/texlive/texmf-dist/tex/generic/pgf/basiclayer/pgfcoregraphicstate.c
ode.tex
File: pgfcoregraphicstate.code.tex 2014/11/02  (rcs-revision 1.12)
\pgflinewidth=\dimen136
)
(/usr/share/texlive/texmf-dist/tex/generic/pgf/basiclayer/pgfcoretransformation
s.code.tex
File: pgfcoretransformations.code.tex 2015/08/07  (rcs-revision 1.20)
\pgf@pt@x=\dimen137
\pgf@pt@y=\dimen138
\pgf@pt@temp=\dimen139
)
(/usr/share/texlive/texmf-dist/tex/generic/pgf/basiclayer/pgfcorequick.code.tex
File: pgfcorequick.code.tex 2008/10/09  (rcs-revision 1.3)
)
(/usr/share/texlive/texmf-dist/tex/generic/pgf/basiclayer/pgfcoreobjects.code.t
ex
File: pgfcoreobjects.code.tex 2006/10/11  (rcs-revision 1.2)
)
(/usr/share/texlive/texmf-dist/tex/generic/pgf/basiclayer/pgfcorepathprocessing
.code.tex
File: pgfcorepathprocessing.code.tex 2013/09/09  (rcs-revision 1.9)
)
(/usr/share/texlive/texmf-dist/tex/generic/pgf/basiclayer/pgfcorearrows.code.te
x
File: pgfcorearrows.code.tex 2015/05/14  (rcs-revision 1.43)
\pgfarrowsep=\dimen140
)
(/usr/share/texlive/texmf-dist/tex/generic/pgf/basiclayer/pgfcoreshade.code.tex
File: pgfcoreshade.code.tex 2013/07/15  (rcs-revision 1.15)
\pgf@max=\dimen141
\pgf@sys@shading@range@num=\count100
)
(/usr/share/texlive/texmf-dist/tex/generic/pgf/basiclayer/pgfcoreimage.code.tex
File: pgfcoreimage.code.tex 2013/07/15  (rcs-revision 1.18)

(/usr/share/texlive/texmf-dist/tex/generic/pgf/basiclayer/pgfcoreexternal.code.
tex
File: pgfcoreexternal.code.tex 2014/07/09  (rcs-revision 1.21)
\pgfexternal@startupbox=\box35
))
(/usr/share/texlive/texmf-dist/tex/generic/pgf/basiclayer/pgfcorelayers.code.te
x
File: pgfcorelayers.code.tex 2013/07/18  (rcs-revision 1.7)
)
(/usr/share/texlive/texmf-dist/tex/generic/pgf/basiclayer/pgfcoretransparency.c
ode.tex
File: pgfcoretransparency.code.tex 2013/09/30  (rcs-revision 1.5)
)
(/usr/share/texlive/texmf-dist/tex/generic/pgf/basiclayer/pgfcorepatterns.code.
tex
File: pgfcorepatterns.code.tex 2013/11/07  (rcs-revision 1.5)
)))
(/usr/share/texlive/texmf-dist/tex/generic/pgf/modules/pgfmoduleshapes.code.tex
File: pgfmoduleshapes.code.tex 2014/03/21  (rcs-revision 1.35)
\pgfnodeparttextbox=\box36
) (/usr/share/texlive/texmf-dist/tex/generic/pgf/modules/pgfmoduleplot.code.tex
File: pgfmoduleplot.code.tex 2015/08/03  (rcs-revision 1.13)
)
(/usr/share/texlive/texmf-dist/tex/latex/pgf/compatibility/pgfcomp-version-0-65
.sty
Package: pgfcomp-version-0-65 2007/07/03 v3.0.1a (rcs-revision 1.7)
\pgf@nodesepstart=\dimen142
\pgf@nodesepend=\dimen143
)
(/usr/share/texlive/texmf-dist/tex/latex/pgf/compatibility/pgfcomp-version-1-18
.sty
Package: pgfcomp-version-1-18 2007/07/23 v3.0.1a (rcs-revision 1.1)
)) (/usr/share/texlive/texmf-dist/tex/latex/pgf/utilities/pgffor.sty
(/usr/share/texlive/texmf-dist/tex/latex/pgf/utilities/pgfkeys.sty
(/usr/share/texlive/texmf-dist/tex/generic/pgf/utilities/pgfkeys.code.tex))
(/usr/share/texlive/texmf-dist/tex/latex/pgf/math/pgfmath.sty
(/usr/share/texlive/texmf-dist/tex/generic/pgf/math/pgfmath.code.tex))
(/usr/share/texlive/texmf-dist/tex/generic/pgf/utilities/pgffor.code.tex
Package: pgffor 2013/12/13 v3.0.1a (rcs-revision 1.25)

(/usr/share/texlive/texmf-dist/tex/generic/pgf/math/pgfmath.code.tex)
\pgffor@iter=\dimen144
\pgffor@skip=\dimen145
\pgffor@stack=\toks26
\pgffor@toks=\toks27
))
(/usr/share/texlive/texmf-dist/tex/generic/pgf/frontendlayer/tikz/tikz.code.tex
Package: tikz 2015/08/07 v3.0.1a (rcs-revision 1.151)

(/usr/share/texlive/texmf-dist/tex/generic/pgf/libraries/pgflibraryplothandlers
.code.tex
File: pgflibraryplothandlers.code.tex 2013/08/31 v3.0.1a (rcs-revision 1.20)
\pgf@plot@mark@count=\count101
\pgfplotmarksize=\dimen146
)
\tikz@lastx=\dimen147
\tikz@lasty=\dimen148
\tikz@lastxsaved=\dimen149
\tikz@lastysaved=\dimen150
\tikzleveldistance=\dimen151
\tikzsiblingdistance=\dimen152
\tikz@figbox=\box37
\tikz@figbox@bg=\box38
\tikz@tempbox=\box39
\tikz@tempbox@bg=\box40
\tikztreelevel=\count102
\tikznumberofchildren=\count103
\tikznumberofcurrentchild=\count104
\tikz@fig@count=\count105

(/usr/share/texlive/texmf-dist/tex/generic/pgf/modules/pgfmodulematrix.code.tex
File: pgfmodulematrix.code.tex 2013/09/17  (rcs-revision 1.8)
\pgfmatrixcurrentrow=\count106
\pgfmatrixcurrentcolumn=\count107
\pgf@matrix@numberofcolumns=\count108
)
\tikz@expandcount=\count109

(/usr/share/texlive/texmf-dist/tex/generic/pgf/frontendlayer/tikz/libraries/tik
zlibrarytopaths.code.tex
File: tikzlibrarytopaths.code.tex 2008/06/17 v3.0.1a (rcs-revision 1.2)
)))
(/usr/share/texlive/texmf-dist/tex/latex/base/ifthen.sty
Package: ifthen 2014/09/29 v1.1c Standard LaTeX ifthen package (DPC)
)
(/usr/share/texlive/texmf-dist/tex/latex/base/fontenc.sty
Package: fontenc 2017/04/05 v2.0i Standard LaTeX package

(/usr/share/texlive/texmf-dist/tex/latex/base/t1enc.def
File: t1enc.def 2017/04/05 v2.0i Standard LaTeX file
LaTeX Font Info:    Redeclaring font encoding T1 on input line 48.
))
(/usr/share/texlive/texmf-dist/tex/generic/pgf/frontendlayer/tikz/libraries/tik
zlibrarydecorations.code.tex
(/usr/share/texlive/texmf-dist/tex/generic/pgf/modules/pgfmoduledecorations.cod
e.tex
\pgfdecoratedcompleteddistance=\dimen153
\pgfdecoratedremainingdistance=\dimen154
\pgfdecoratedinputsegmentcompleteddistance=\dimen155
\pgfdecoratedinputsegmentremainingdistance=\dimen156
\pgf@decorate@distancetomove=\dimen157
\pgf@decorate@repeatstate=\count110
\pgfdecorationsegmentamplitude=\dimen158
\pgfdecorationsegmentlength=\dimen159
)
\tikz@lib@dec@box=\box41
)
(/usr/share/texlive/texmf-dist/tex/generic/pgf/frontendlayer/tikz/libraries/tik
zlibraryfadings.code.tex
File: tikzlibraryfadings.code.tex 2009/11/15 v3.0.1a (rcs-revision 1.2)

(/usr/share/texlive/texmf-dist/tex/generic/pgf/libraries/pgflibraryfadings.code
.tex
File: pgflibraryfadings.code.tex 2008/02/07 v3.0.1a (rcs-revision 1.3)
))
(/usr/share/texlive/texmf-dist/tex/generic/pgf/frontendlayer/tikz/libraries/tik
zlibrarysnakes.code.tex
File: tikzlibrarysnakes.code.tex 2013/07/15 v3.0.1a (rcs-revision 1.7)


Package pgf Warning: Snakes have been superseded by decorations. Please use the
 decoration libraries instead of the snakes library on input line 14.


(/usr/share/texlive/texmf-dist/tex/generic/pgf/frontendlayer/tikz/libraries/tik
zlibrarydecorations.pathmorphing.code.tex
(/usr/share/texlive/texmf-dist/tex/generic/pgf/libraries/decorations/pgflibrary
decorations.pathmorphing.code.tex))
(/usr/share/texlive/texmf-dist/tex/generic/pgf/frontendlayer/tikz/libraries/tik
zlibrarydecorations.pathreplacing.code.tex
(/usr/share/texlive/texmf-dist/tex/generic/pgf/libraries/decorations/pgflibrary
decorations.pathreplacing.code.tex))
(/usr/share/texlive/texmf-dist/tex/generic/pgf/frontendlayer/tikz/libraries/tik
zlibrarydecorations.shapes.code.tex
(/usr/share/texlive/texmf-dist/tex/generic/pgf/libraries/decorations/pgflibrary
decorations.shapes.code.tex)))
(/usr/share/texlive/texmf-dist/tex/generic/pgf/frontendlayer/tikz/libraries/tik
zlibrarycalc.code.tex
File: tikzlibrarycalc.code.tex 2013/07/15 v3.0.1a (rcs-revision 1.9)
)
\baposter@movebody=\skip66
\baposter@basemarginright=\skip67
\baposter@basemarginleft=\skip68

Paperwidth=2392.87677pt
Paperheight=3383.03267pt
BasePaperwidth=662.80963pt
BasePaperheight=937.07568pt
(/usr/share/texlive/texmf-dist/tex/latex/geometry/geometry.sty
Package: geometry 2010/09/12 v5.6 Page Geometry

(/usr/share/texlive/texmf-dist/tex/generic/oberdiek/ifpdf.sty
Package: ifpdf 2017/03/15 v3.2 Provides the ifpdf switch
)
(/usr/share/texlive/texmf-dist/tex/generic/oberdiek/ifvtex.sty
Package: ifvtex 2016/05/16 v1.6 Detect VTeX and its facilities (HO)
Package ifvtex Info: VTeX not detected.
)
(/usr/share/texlive/texmf-dist/tex/generic/ifxetex/ifxetex.sty
Package: ifxetex 2010/09/12 v0.6 Provides ifxetex conditional
)
\Gm@cnth=\count111
\Gm@cntv=\count112
\c@Gm@tempcnt=\count113
\Gm@bindingoffset=\dimen160
\Gm@wd@mp=\dimen161
\Gm@odd@mp=\dimen162
\Gm@even@mp=\dimen163
\Gm@layoutwidth=\dimen164
\Gm@layoutheight=\dimen165
\Gm@layouthoffset=\dimen166
\Gm@layoutvoffset=\dimen167
\Gm@dimlist=\toks28
)
(/usr/share/texlive/texmf-dist/tex/latex/pgf/utilities/pgfpages.sty
Package: pgfpages 2011/01/05 ver 0.02
\pgf@logicalpages=\count114
\pgf@firstshipout=\count115
\pgf@lastshipout=\count116
\pgf@currentshipout=\count117
\pgf@cpn=\count118
\pgf@shipoutnextto=\count119
\pgfphysicalheight=\dimen168
\pgfphysicalwidth=\dimen169
\pgfpages@shipoutbox=\box42
)
\pgfpages@box@1=\box43
)
(/usr/share/texlive/texmf-dist/tex/latex/amsmath/amsmath.sty
Package: amsmath 2017/09/02 v2.17a AMS math features
\@mathmargin=\skip69

For additional information on amsmath, use the `?' option.
(/usr/share/texlive/texmf-dist/tex/latex/amsmath/amstext.sty
Package: amstext 2000/06/29 v2.01 AMS text

(/usr/share/texlive/texmf-dist/tex/latex/amsmath/amsgen.sty
File: amsgen.sty 1999/11/30 v2.0 generic functions
\@emptytoks=\toks29
\ex@=\dimen170
))
(/usr/share/texlive/texmf-dist/tex/latex/amsmath/amsbsy.sty
Package: amsbsy 1999/11/29 v1.2d Bold Symbols
\pmbraise@=\dimen171
)
(/usr/share/texlive/texmf-dist/tex/latex/amsmath/amsopn.sty
Package: amsopn 2016/03/08 v2.02 operator names
)
\inf@bad=\count120
LaTeX Info: Redefining \frac on input line 213.
\uproot@=\count121
\leftroot@=\count122
LaTeX Info: Redefining \overline on input line 375.
\classnum@=\count123
\DOTSCASE@=\count124
LaTeX Info: Redefining \ldots on input line 472.
LaTeX Info: Redefining \dots on input line 475.
LaTeX Info: Redefining \cdots on input line 596.
\Mathstrutbox@=\box44
\strutbox@=\box45
\big@size=\dimen172
LaTeX Font Info:    Redeclaring font encoding OML on input line 712.
LaTeX Font Info:    Redeclaring font encoding OMS on input line 713.
\macc@depth=\count125
\c@MaxMatrixCols=\count126
\dotsspace@=\muskip10
\c@parentequation=\count127
\dspbrk@lvl=\count128
\tag@help=\toks30
\row@=\count129
\column@=\count130
\maxfields@=\count131
\andhelp@=\toks31
\eqnshift@=\dimen173
\alignsep@=\dimen174
\tagshift@=\dimen175
\tagwidth@=\dimen176
\totwidth@=\dimen177
\lineht@=\dimen178
\@envbody=\toks32
\multlinegap=\skip70
\multlinetaggap=\skip71
\mathdisplay@stack=\toks33
LaTeX Info: Redefining \[ on input line 2817.
LaTeX Info: Redefining \] on input line 2818.
)
(/usr/share/texlive/texmf-dist/tex/latex/amsfonts/amssymb.sty
Package: amssymb 2013/01/14 v3.01 AMS font symbols

(/usr/share/texlive/texmf-dist/tex/latex/amsfonts/amsfonts.sty
Package: amsfonts 2013/01/14 v3.01 Basic AMSFonts support
\symAMSa=\mathgroup4
\symAMSb=\mathgroup5
LaTeX Font Info:    Overwriting math alphabet `\mathfrak' in version `bold'
(Font)                  U/euf/m/n --> U/euf/b/n on input line 106.
))
(/usr/share/texlive/texmf-dist/tex/latex/relsize/relsize.sty
Package: relsize 2013/03/29 ver 4.1
)
(/usr/share/texlive/texmf-dist/tex/latex/multirow/multirow.sty
Package: multirow 2016/11/25 v2.2 Span multiple rows of a table
\multirow@colwidth=\skip72
\multirow@cntb=\count132
\multirow@dima=\skip73
\bigstrutjot=\dimen179
)
(/usr/share/texlive/texmf-dist/tex/latex/graphics/rotating.sty
Package: rotating 2016/08/11 v2.16d rotated objects in LaTeX
\c@r@tfl@t=\count133
\rotFPtop=\skip74
\rotFPbot=\skip75
\rot@float@box=\box46
\rot@mess@toks=\toks34
)
(/usr/share/texlive/texmf-dist/tex/latex/tools/bm.sty
Package: bm 2017/01/16 v1.2c Bold Symbol Support (DPC/FMi)
\symboldoperators=\mathgroup6
\symboldletters=\mathgroup7
\symboldsymbols=\mathgroup8
LaTeX Font Info:    Redeclaring math alphabet \mathbf on input line 141.
LaTeX Info: Redefining \bm on input line 207.
)
(/usr/share/texlive/texmf-dist/tex/latex/url/url.sty
\Urlmuskip=\muskip11
Package: url 2013/09/16  ver 3.4  Verb mode for urls, etc.
)
(/usr/share/texlive/texmf-dist/tex/latex/tools/multicol.sty
Package: multicol 2017/04/11 v1.8q multicolumn formatting (FMi)
\c@tracingmulticols=\count134
\mult@box=\box47
\multicol@leftmargin=\dimen180
\c@unbalance=\count135
\c@collectmore=\count136
\doublecol@number=\count137
\multicoltolerance=\count138
\multicolpretolerance=\count139
\full@width=\dimen181
\page@free=\dimen182
\premulticols=\dimen183
\postmulticols=\dimen184
\multicolsep=\skip76
\multicolbaselineskip=\skip77
\partial@page=\box48
\last@line=\box49
\maxbalancingoverflow=\dimen185
\mult@rightbox=\box50
\mult@grightbox=\box51
\mult@gfirstbox=\box52
\mult@firstbox=\box53
\@tempa=\box54
\@tempa=\box55
\@tempa=\box56
\@tempa=\box57
\@tempa=\box58
\@tempa=\box59
\@tempa=\box60
\@tempa=\box61
\@tempa=\box62
\@tempa=\box63
\@tempa=\box64
\@tempa=\box65
\@tempa=\box66
\@tempa=\box67
\@tempa=\box68
\@tempa=\box69
\@tempa=\box70
\c@columnbadness=\count140
\c@finalcolumnbadness=\count141
\last@try=\dimen186
\multicolovershoot=\dimen187
\multicolundershoot=\dimen188
\mult@nat@firstbox=\box71
\colbreak@box=\box72
\mc@col@check@num=\count142
)
(/usr/share/texlive/texmf-dist/tex/latex/psnfss/palatino.sty
Package: palatino 2005/04/12 PSNFSS-v9.2a (SPQR) 
)

LaTeX Warning: Unused global option(s):
    [final].

(./poster_portrait.aux)
\openout1 = `poster_portrait.aux'.

LaTeX Font Info:    Checking defaults for OML/cmm/m/it on input line 65.
LaTeX Font Info:    ... okay on input line 65.
LaTeX Font Info:    Checking defaults for T1/cmr/m/n on input line 65.
LaTeX Font Info:    ... okay on input line 65.
LaTeX Font Info:    Checking defaults for OT1/cmr/m/n on input line 65.
LaTeX Font Info:    ... okay on input line 65.
LaTeX Font Info:    Checking defaults for OMS/cmsy/m/n on input line 65.
LaTeX Font Info:    ... okay on input line 65.
LaTeX Font Info:    Checking defaults for OMX/cmex/m/n on input line 65.
LaTeX Font Info:    ... okay on input line 65.
LaTeX Font Info:    Checking defaults for U/cmr/m/n on input line 65.
LaTeX Font Info:    ... okay on input line 65.
LaTeX Font Info:    Try loading font information for T1+ppl on input line 65.

(/usr/share/texlive/texmf-dist/tex/latex/psnfss/t1ppl.fd
File: t1ppl.fd 2001/06/04 font definitions for T1/ppl.
)
(/usr/share/texlive/texmf-dist/tex/context/base/mkii/supp-pdf.mkii
[Loading MPS to PDF converter (version 2006.09.02).]
\scratchcounter=\count143
\scratchdimen=\dimen189
\scratchbox=\box73
\nofMPsegments=\count144
\nofMParguments=\count145
\everyMPshowfont=\toks35
\MPscratchCnt=\count146
\MPscratchDim=\dimen190
\MPnumerator=\count147
\makeMPintoPDFobject=\count148
\everyMPtoPDFconversion=\toks36
) (/usr/share/texlive/texmf-dist/tex/latex/oberdiek/epstopdf-base.sty
Package: epstopdf-base 2016/05/15 v2.6 Base part for package epstopdf

(/usr/share/texlive/texmf-dist/tex/generic/oberdiek/infwarerr.sty
Package: infwarerr 2016/05/16 v1.4 Providing info/warning/error messages (HO)
)
(/usr/share/texlive/texmf-dist/tex/latex/oberdiek/grfext.sty
Package: grfext 2016/05/16 v1.2 Manage graphics extensions (HO)

(/usr/share/texlive/texmf-dist/tex/generic/oberdiek/kvdefinekeys.sty
Package: kvdefinekeys 2016/05/16 v1.4 Define keys (HO)

(/usr/share/texlive/texmf-dist/tex/generic/oberdiek/ltxcmds.sty
Package: ltxcmds 2016/05/16 v1.23 LaTeX kernel commands for general use (HO)
)))
(/usr/share/texlive/texmf-dist/tex/latex/oberdiek/kvoptions.sty
Package: kvoptions 2016/05/16 v3.12 Key value format for package options (HO)

(/usr/share/texlive/texmf-dist/tex/generic/oberdiek/kvsetkeys.sty
Package: kvsetkeys 2016/05/16 v1.17 Key value parser (HO)

(/usr/share/texlive/texmf-dist/tex/generic/oberdiek/etexcmds.sty
Package: etexcmds 2016/05/16 v1.6 Avoid name clashes with e-TeX commands (HO)

(/usr/share/texlive/texmf-dist/tex/generic/oberdiek/ifluatex.sty
Package: ifluatex 2016/05/16 v1.4 Provides the ifluatex switch (HO)
Package ifluatex Info: LuaTeX not detected.
)
Package etexcmds Info: Could not find \expanded.
(etexcmds)             That can mean that you are not using pdfTeX 1.50 or
(etexcmds)             that some package has redefined \expanded.
(etexcmds)             In the latter case, load this package earlier.
)))
(/usr/share/texlive/texmf-dist/tex/generic/oberdiek/pdftexcmds.sty
Package: pdftexcmds 2018/01/21 v0.26 Utility functions of pdfTeX for LuaTeX (HO
)
Package pdftexcmds Info: LuaTeX not detected.
Package pdftexcmds Info: \pdf@primitive is available.
Package pdftexcmds Info: \pdf@ifprimitive is available.
Package pdftexcmds Info: \pdfdraftmode found.
)
Package epstopdf-base Info: Redefining graphics rule for `.eps' on input line 4
38.
Package grfext Info: Graphics extension search list:
(grfext)             [.pdf,.png,.jpg,.mps,.jpeg,.jbig2,.jb2,.PDF,.PNG,.JPG,.JPE
G,.JBIG2,.JB2,.eps]
(grfext)             \AppendGraphicsExtensions on input line 456.

(/usr/share/texlive/texmf-dist/tex/latex/latexconfig/epstopdf-sys.cfg
File: epstopdf-sys.cfg 2010/07/13 v1.3 Configuration of (r)epstopdf for TeX Liv
e
))
ABD: EveryShipout initializing macros
*geometry* driver: auto-detecting
*geometry* detected driver: pdftex
*geometry* verbose mode - [ preamble ] result:
* driver: pdftex
* paper: custom
* layout: <same size as paper>
* layoutoffset:(h,v)=(0.0pt,0.0pt)
* modes: 
* h-part:(L,W,R)=(11.82181pt, 639.16602pt, 11.82181pt)
* v-part:(T,H,B)=(11.82181pt, 913.43207pt, 11.82181pt)
* \paperwidth=662.80963pt
* \paperheight=937.07568pt
* \textwidth=639.16602pt
* \textheight=913.43207pt
* \oddsidemargin=-60.44818pt
* \evensidemargin=-60.44818pt
* \topmargin=-97.44818pt
* \headheight=12.0pt
* \headsep=25.0pt
* \topskip=10.0pt
* \footskip=30.0pt
* \marginparwidth=65.0pt
* \marginparsep=11.0pt
* \columnsep=14.99634pt
* \skip\footins=9.0pt plus 4.0pt minus 2.0pt
* \hoffset=0.0pt
* \voffset=0.0pt
* \mag=1000
* \@twocolumnfalse
* \@twosidefalse
* \@mparswitchfalse
* \@reversemarginfalse
* (1in=72.27pt=25.4mm, 1cm=28.453pt)

\FSZ=\skip78
Package epstopdf Info: Source file: <images/logo.eps>
(epstopdf)                    date: 2018-05-05 13:55:01
(epstopdf)                    size: 15104 bytes
(epstopdf)             Output file: <images/logo-eps-converted-to.pdf>
(epstopdf)                    date: 2018-05-05 13:55:01
(epstopdf)                    size: 8051 bytes
(epstopdf)             Command: <repstopdf --outfile=images/logo-eps-converted-
to.pdf images/logo.eps>
(epstopdf)             \includegraphics on input line 147.
Package epstopdf Info: Output file is already uptodate.
<images/logo-eps-converted-to.pdf, id=29, 1401.235pt x 1553.805pt>
File: images/logo-eps-converted-to.pdf Graphic file (type pdf)
<use images/logo-eps-converted-to.pdf>
Package pdftex.def Info: images/logo-eps-converted-to.pdf  used on input line 1
47.
(pdftex.def)             Requested size: 72.13982pt x 80.0pt.
Package epstopdf Info: Source file: <images/bilkent.eps>
(epstopdf)                    date: 2018-05-05 13:55:01
(epstopdf)                    size: 263960 bytes
(epstopdf)             Output file: <images/bilkent-eps-converted-to.pdf>
(epstopdf)                    date: 2018-05-05 13:55:01
(epstopdf)                    size: 16905 bytes
(epstopdf)             Command: <repstopdf --outfile=images/bilkent-eps-convert
ed-to.pdf images/bilkent.eps>
(epstopdf)             \includegraphics on input line 147.
Package epstopdf Info: Output file is already uptodate.
<images/bilkent-eps-converted-to.pdf, id=30, 87.32625pt x 87.32625pt>
File: images/bilkent-eps-converted-to.pdf Graphic file (type pdf)
<use images/bilkent-eps-converted-to.pdf>
Package pdftex.def Info: images/bilkent-eps-converted-to.pdf  used on input lin
e 147.
(pdftex.def)             Requested size: 90.00566pt x 90.0pt.
LaTeX Font Info:    Font shape `T1/ppl/bx/n' in size <10> not available
(Font)              Font shape `T1/ppl/b/n' tried instead on input line 147.
LaTeX Font Info:    Font shape `T1/ppl/bx/n' in size <24.88> not available
(Font)              Font shape `T1/ppl/b/n' tried instead on input line 147.
LaTeX Font Info:    Font shape `T1/ppl/bx/sc' in size <24.88> not available
(Font)              Font shape `T1/ppl/b/sc' tried instead on input line 147.
LaTeX Font Info:    Try loading font information for U+msa on input line 147.
(/usr/share/texlive/texmf-dist/tex/latex/amsfonts/umsa.fd
File: umsa.fd 2013/01/14 v3.01 AMS symbols A
)
LaTeX Font Info:    Try loading font information for U+msb on input line 147.

(/usr/share/texlive/texmf-dist/tex/latex/amsfonts/umsb.fd
File: umsb.fd 2013/01/14 v3.01 AMS symbols B
)
Underfull \hbox (badness 1590) in paragraph at lines 192--192
[]\T1/ppl/m/n/10 Tracks of fea-tures through scenes are
 []


Underfull \hbox (badness 3343) in paragraph at lines 192--192
[]\T1/ppl/m/n/10 Speed: In-ter-ac-tive edit-ing re-quires
 []

Missing character: There is no ; in font nullfont!
Missing character: There is no ; in font nullfont!
LaTeX Font Info:    Font shape `T1/ppl/bx/n' in size <14.4> not available
(Font)              Font shape `T1/ppl/b/n' tried instead on input line 192.
LaTeX Font Info:    Font shape `T1/ppl/bx/sc' in size <14.4> not available
(Font)              Font shape `T1/ppl/b/sc' tried instead on input line 192.
Missing character: There is no ; in font nullfont!

Underfull \hbox (badness 10000) in paragraph at lines 209--209
[]\T1/ppl/m/n/10 Efficient in-cor-po-ra-tion of a back-
 []

Missing character: There is no ; in font nullfont!
Missing character: There is no ; in font nullfont!
Missing character: There is no ; in font nullfont!
<images/red-4-sec_000_rastered.png, id=33, 803.0pt x 702.625pt>
File: images/red-4-sec_000_rastered.png Graphic file (type png)
<use images/red-4-sec_000_rastered.png>
Package pdftex.def Info: images/red-4-sec_000_rastered.png  used on input line 
248.
(pdftex.def)             Requested size: 82.55293pt x 72.22859pt.
<images/red-4-sec_024_rastered.png, id=35, 803.0pt x 702.625pt>
File: images/red-4-sec_024_rastered.png Graphic file (type png)
<use images/red-4-sec_024_rastered.png>
Package pdftex.def Info: images/red-4-sec_024_rastered.png  used on input line 
248.
(pdftex.def)             Requested size: 82.55293pt x 72.22859pt.
<images/red-4-sec_048_rastered.png, id=36, 803.0pt x 702.625pt>
File: images/red-4-sec_048_rastered.png Graphic file (type png)
<use images/red-4-sec_048_rastered.png>
Package pdftex.def Info: images/red-4-sec_048_rastered.png  used on input line 
248.
(pdftex.def)             Requested size: 82.55293pt x 72.22859pt.
<images/red-4-sec_072_rastered.png, id=37, 803.0pt x 702.625pt>
File: images/red-4-sec_072_rastered.png Graphic file (type png)
<use images/red-4-sec_072_rastered.png>
Package pdftex.def Info: images/red-4-sec_072_rastered.png  used on input line 
248.
(pdftex.def)             Requested size: 82.55293pt x 72.22859pt.
<images/red-4-sec_095_rastered.png, id=38, 803.0pt x 702.625pt>
File: images/red-4-sec_095_rastered.png Graphic file (type png)
<use images/red-4-sec_095_rastered.png>
Package pdftex.def Info: images/red-4-sec_095_rastered.png  used on input line 
248.
(pdftex.def)             Requested size: 82.55293pt x 72.22859pt.

Underfull \hbox (badness 10000) in alignment at lines 248--248
[][][][][]
 []

<images/giraffe-run-000-rastered.png, id=39, 803.0pt x 481.8pt>
File: images/giraffe-run-000-rastered.png Graphic file (type png)
<use images/giraffe-run-000-rastered.png>
Package pdftex.def Info: images/giraffe-run-000-rastered.png  used on input lin
e 248.
(pdftex.def)             Requested size: 82.55293pt x 49.52817pt.
<images/giraffe-run-100-rastered.png, id=40, 803.0pt x 481.8pt>
File: images/giraffe-run-100-rastered.png Graphic file (type png)
<use images/giraffe-run-100-rastered.png>
Package pdftex.def Info: images/giraffe-run-100-rastered.png  used on input lin
e 248.
(pdftex.def)             Requested size: 82.55293pt x 49.52817pt.
<images/giraffe-run-200-rastered.png, id=41, 803.0pt x 481.8pt>
File: images/giraffe-run-200-rastered.png Graphic file (type png)
<use images/giraffe-run-200-rastered.png>
Package pdftex.def Info: images/giraffe-run-200-rastered.png  used on input lin
e 248.
(pdftex.def)             Requested size: 82.55293pt x 49.52817pt.
<images/giraffe-run-300-rastered.png, id=42, 803.0pt x 481.8pt>
File: images/giraffe-run-300-rastered.png Graphic file (type png)
<use images/giraffe-run-300-rastered.png>
Package pdftex.def Info: images/giraffe-run-300-rastered.png  used on input lin
e 248.
(pdftex.def)             Requested size: 82.55293pt x 49.52817pt.
<images/giraffe-run-458-rastered.png, id=43, 803.0pt x 481.8pt>
File: images/giraffe-run-458-rastered.png Graphic file (type png)
<use images/giraffe-run-458-rastered.png>
Package pdftex.def Info: images/giraffe-run-458-rastered.png  used on input lin
e 248.
(pdftex.def)             Requested size: 82.55293pt x 49.52817pt.

Underfull \hbox (badness 10000) in alignment at lines 248--248
[][][][][]
 []


Underfull \hbox (badness 6775) in paragraph at lines 248--248
\T1/ppl/m/n/10 eight user in-ter-ac-tions, of which three
 []

Missing character: There is no ; in font nullfont!
Missing character: There is no ; in font nullfont!
Missing character: There is no ; in font nullfont!
Missing character: There is no ; in font nullfont!
Missing character: There is no ; in font nullfont!
Missing character: There is no ; in font nullfont!
<images/candidates_lips_ridge_left_bg.png, id=44, 1083.04625pt x 868.24374pt>
File: images/candidates_lips_ridge_left_bg.png Graphic file (type png)
<use images/candidates_lips_ridge_left_bg.png>
Package pdftex.def Info: images/candidates_lips_ridge_left_bg.png  used on inpu
t line 293.
(pdftex.def)             Requested size: 90.33865pt x 72.41528pt.
<images/candidates_lips_ridge_left_no_bg.png, id=45, 1083.04625pt x 868.24374pt
>
File: images/candidates_lips_ridge_left_no_bg.png Graphic file (type png)
<use images/candidates_lips_ridge_left_no_bg.png>
Package pdftex.def Info: images/candidates_lips_ridge_left_no_bg.png  used on i
nput line 293.
(pdftex.def)             Requested size: 90.33865pt x 72.41528pt.

Underfull \hbox (badness 10000) in paragraph at lines 293--293
[]
 []


Underfull \hbox (badness 2512) in paragraph at lines 293--293
[]\T1/ppl/m/n/10 We in-cor-po-rate a back-ground model,
 []

Missing character: There is no ; in font nullfont!
Missing character: There is no ; in font nullfont!
Missing character: There is no ; in font nullfont!
<images/basis-giraffe-example-frame.png, id=46, 481.8pt x 361.35pt>
File: images/basis-giraffe-example-frame.png Graphic file (type png)
<use images/basis-giraffe-example-frame.png>
Package pdftex.def Info: images/basis-giraffe-example-frame.png  used on input 
line 351.
(pdftex.def)             Requested size: 58.91624pt x 44.18718pt.

Underfull \hbox (badness 10000) in paragraph at lines 351--351

 []

<images/basis-giraffe-basis-01.png, id=47, 19.07124pt x 19.07124pt>
File: images/basis-giraffe-basis-01.png Graphic file (type png)
<use images/basis-giraffe-basis-01.png>
Package pdftex.def Info: images/basis-giraffe-basis-01.png  used on input line 
351.
(pdftex.def)             Requested size: 12.96214pt x 12.96214pt.
<images/basis-giraffe-basis-02.png, id=48, 19.07124pt x 19.07124pt>
File: images/basis-giraffe-basis-02.png Graphic file (type png)
<use images/basis-giraffe-basis-02.png>
Package pdftex.def Info: images/basis-giraffe-basis-02.png  used on input line 
351.
(pdftex.def)             Requested size: 12.96214pt x 12.96214pt.
<images/basis-giraffe-basis-03.png, id=49, 19.07124pt x 19.07124pt>
File: images/basis-giraffe-basis-03.png Graphic file (type png)
<use images/basis-giraffe-basis-03.png>
Package pdftex.def Info: images/basis-giraffe-basis-03.png  used on input line 
351.
(pdftex.def)             Requested size: 12.96214pt x 12.96214pt.
<images/basis-giraffe-basis-04.png, id=50, 19.07124pt x 19.07124pt>
File: images/basis-giraffe-basis-04.png Graphic file (type png)
<use images/basis-giraffe-basis-04.png>
Package pdftex.def Info: images/basis-giraffe-basis-04.png  used on input line 
351.
(pdftex.def)             Requested size: 12.96214pt x 12.96214pt.
<images/basis-giraffe-basis-05.png, id=51, 19.07124pt x 19.07124pt>
File: images/basis-giraffe-basis-05.png Graphic file (type png)
<use images/basis-giraffe-basis-05.png>
Package pdftex.def Info: images/basis-giraffe-basis-05.png  used on input line 
351.
(pdftex.def)             Requested size: 12.96214pt x 12.96214pt.
<images/basis-giraffe-basis-06.png, id=52, 19.07124pt x 19.07124pt>
File: images/basis-giraffe-basis-06.png Graphic file (type png)
<use images/basis-giraffe-basis-06.png>
Package pdftex.def Info: images/basis-giraffe-basis-06.png  used on input line 
351.
(pdftex.def)             Requested size: 12.96214pt x 12.96214pt.
<images/basis-giraffe-basis-07.png, id=53, 19.07124pt x 19.07124pt>
File: images/basis-giraffe-basis-07.png Graphic file (type png)
<use images/basis-giraffe-basis-07.png>
Package pdftex.def Info: images/basis-giraffe-basis-07.png  used on input line 
351.
(pdftex.def)             Requested size: 12.96214pt x 12.96214pt.
<images/basis-giraffe-basis-08.png, id=54, 19.07124pt x 19.07124pt>
File: images/basis-giraffe-basis-08.png Graphic file (type png)
<use images/basis-giraffe-basis-08.png>
Package pdftex.def Info: images/basis-giraffe-basis-08.png  used on input line 
351.
(pdftex.def)             Requested size: 12.96214pt x 12.96214pt.
<images/basis-giraffe-basis-09.png, id=55, 19.07124pt x 19.07124pt>
File: images/basis-giraffe-basis-09.png Graphic file (type png)
<use images/basis-giraffe-basis-09.png>
Package pdftex.def Info: images/basis-giraffe-basis-09.png  used on input line 
351.
(pdftex.def)             Requested size: 12.96214pt x 12.96214pt.
<images/basis-giraffe-basis-10.png, id=56, 19.07124pt x 19.07124pt>
File: images/basis-giraffe-basis-10.png Graphic file (type png)
<use images/basis-giraffe-basis-10.png>
Package pdftex.def Info: images/basis-giraffe-basis-10.png  used on input line 
351.
(pdftex.def)             Requested size: 12.96214pt x 12.96214pt.
<images/basis-giraffe-basis-11.png, id=57, 19.07124pt x 19.07124pt>
File: images/basis-giraffe-basis-11.png Graphic file (type png)
<use images/basis-giraffe-basis-11.png>
Package pdftex.def Info: images/basis-giraffe-basis-11.png  used on input line 
351.
(pdftex.def)             Requested size: 12.96214pt x 12.96214pt.
<images/basis-giraffe-basis-12.png, id=58, 19.07124pt x 19.07124pt>
File: images/basis-giraffe-basis-12.png Graphic file (type png)
<use images/basis-giraffe-basis-12.png>
Package pdftex.def Info: images/basis-giraffe-basis-12.png  used on input line 
351.
(pdftex.def)             Requested size: 12.96214pt x 12.96214pt.
<images/basis-giraffe-basis-13.png, id=59, 19.07124pt x 19.07124pt>
File: images/basis-giraffe-basis-13.png Graphic file (type png)
<use images/basis-giraffe-basis-13.png>
Package pdftex.def Info: images/basis-giraffe-basis-13.png  used on input line 
351.
(pdftex.def)             Requested size: 12.96214pt x 12.96214pt.
<images/basis-giraffe-basis-14.png, id=60, 19.07124pt x 19.07124pt>
File: images/basis-giraffe-basis-14.png Graphic file (type png)
<use images/basis-giraffe-basis-14.png>
Package pdftex.def Info: images/basis-giraffe-basis-14.png  used on input line 
351.
(pdftex.def)             Requested size: 12.96214pt x 12.96214pt.
<images/basis-giraffe-basis-15.png, id=61, 19.07124pt x 19.07124pt>
File: images/basis-giraffe-basis-15.png Graphic file (type png)
<use images/basis-giraffe-basis-15.png>
Package pdftex.def Info: images/basis-giraffe-basis-15.png  used on input line 
351.
(pdftex.def)             Requested size: 12.96214pt x 12.96214pt.
<images/basis-giraffe-basis-16.png, id=62, 19.07124pt x 19.07124pt>
File: images/basis-giraffe-basis-16.png Graphic file (type png)
<use images/basis-giraffe-basis-16.png>
Package pdftex.def Info: images/basis-giraffe-basis-16.png  used on input line 
351.
(pdftex.def)             Requested size: 12.96214pt x 12.96214pt.

Underfull \hbox (badness 10000) in paragraph at lines 351--351

 []

<images/basis-giraffe-response-01.png, id=63, 481.8pt x 361.35pt>
File: images/basis-giraffe-response-01.png Graphic file (type png)
<use images/basis-giraffe-response-01.png>
Package pdftex.def Info: images/basis-giraffe-response-01.png  used on input li
ne 351.
(pdftex.def)             Requested size: 12.96098pt x 9.72073pt.
<images/basis-giraffe-response-02.png, id=64, 481.8pt x 361.35pt>
File: images/basis-giraffe-response-02.png Graphic file (type png)
<use images/basis-giraffe-response-02.png>
Package pdftex.def Info: images/basis-giraffe-response-02.png  used on input li
ne 351.
(pdftex.def)             Requested size: 12.96098pt x 9.72073pt.
<images/basis-giraffe-response-03.png, id=65, 481.8pt x 361.35pt>
File: images/basis-giraffe-response-03.png Graphic file (type png)
<use images/basis-giraffe-response-03.png>
Package pdftex.def Info: images/basis-giraffe-response-03.png  used on input li
ne 351.
(pdftex.def)             Requested size: 12.96098pt x 9.72073pt.
<images/basis-giraffe-response-04.png, id=66, 481.8pt x 361.35pt>
File: images/basis-giraffe-response-04.png Graphic file (type png)
<use images/basis-giraffe-response-04.png>
Package pdftex.def Info: images/basis-giraffe-response-04.png  used on input li
ne 351.
(pdftex.def)             Requested size: 12.96098pt x 9.72073pt.
<images/basis-giraffe-response-05.png, id=67, 481.8pt x 361.35pt>
File: images/basis-giraffe-response-05.png Graphic file (type png)
<use images/basis-giraffe-response-05.png>
Package pdftex.def Info: images/basis-giraffe-response-05.png  used on input li
ne 351.
(pdftex.def)             Requested size: 12.96098pt x 9.72073pt.
<images/basis-giraffe-response-06.png, id=68, 481.8pt x 361.35pt>
File: images/basis-giraffe-response-06.png Graphic file (type png)
<use images/basis-giraffe-response-06.png>
Package pdftex.def Info: images/basis-giraffe-response-06.png  used on input li
ne 351.
(pdftex.def)             Requested size: 12.96098pt x 9.72073pt.
<images/basis-giraffe-response-07.png, id=69, 481.8pt x 361.35pt>
File: images/basis-giraffe-response-07.png Graphic file (type png)
<use images/basis-giraffe-response-07.png>
Package pdftex.def Info: images/basis-giraffe-response-07.png  used on input li
ne 351.
(pdftex.def)             Requested size: 12.96098pt x 9.72073pt.
<images/basis-giraffe-response-08.png, id=70, 481.8pt x 361.35pt>
File: images/basis-giraffe-response-08.png Graphic file (type png)
<use images/basis-giraffe-response-08.png>
Package pdftex.def Info: images/basis-giraffe-response-08.png  used on input li
ne 351.
(pdftex.def)             Requested size: 12.96098pt x 9.72073pt.
<images/basis-giraffe-response-09.png, id=71, 481.8pt x 361.35pt>
File: images/basis-giraffe-response-09.png Graphic file (type png)
<use images/basis-giraffe-response-09.png>
Package pdftex.def Info: images/basis-giraffe-response-09.png  used on input li
ne 351.
(pdftex.def)             Requested size: 12.96098pt x 9.72073pt.
<images/basis-giraffe-response-10.png, id=72, 481.8pt x 361.35pt>
File: images/basis-giraffe-response-10.png Graphic file (type png)
<use images/basis-giraffe-response-10.png>
Package pdftex.def Info: images/basis-giraffe-response-10.png  used on input li
ne 351.
(pdftex.def)             Requested size: 12.96098pt x 9.72073pt.
<images/basis-giraffe-response-11.png, id=73, 481.8pt x 361.35pt>
File: images/basis-giraffe-response-11.png Graphic file (type png)
<use images/basis-giraffe-response-11.png>
Package pdftex.def Info: images/basis-giraffe-response-11.png  used on input li
ne 351.
(pdftex.def)             Requested size: 12.96098pt x 9.72073pt.
<images/basis-giraffe-response-12.png, id=74, 481.8pt x 361.35pt>
File: images/basis-giraffe-response-12.png Graphic file (type png)
<use images/basis-giraffe-response-12.png>
Package pdftex.def Info: images/basis-giraffe-response-12.png  used on input li
ne 351.
(pdftex.def)             Requested size: 12.96098pt x 9.72073pt.
<images/basis-giraffe-response-13.png, id=75, 481.8pt x 361.35pt>
File: images/basis-giraffe-response-13.png Graphic file (type png)
<use images/basis-giraffe-response-13.png>
Package pdftex.def Info: images/basis-giraffe-response-13.png  used on input li
ne 351.
(pdftex.def)             Requested size: 12.96098pt x 9.72073pt.
<images/basis-giraffe-response-14.png, id=76, 481.8pt x 361.35pt>
File: images/basis-giraffe-response-14.png Graphic file (type png)
<use images/basis-giraffe-response-14.png>
Package pdftex.def Info: images/basis-giraffe-response-14.png  used on input li
ne 351.
(pdftex.def)             Requested size: 12.96098pt x 9.72073pt.
<images/basis-giraffe-response-15.png, id=77, 481.8pt x 361.35pt>
File: images/basis-giraffe-response-15.png Graphic file (type png)
<use images/basis-giraffe-response-15.png>
Package pdftex.def Info: images/basis-giraffe-response-15.png  used on input li
ne 351.
(pdftex.def)             Requested size: 12.96098pt x 9.72073pt.
<images/basis-giraffe-response-16.png, id=78, 481.8pt x 361.35pt>
File: images/basis-giraffe-response-16.png Graphic file (type png)
<use images/basis-giraffe-response-16.png>
Package pdftex.def Info: images/basis-giraffe-response-16.png  used on input li
ne 351.
(pdftex.def)             Requested size: 12.96098pt x 9.72073pt.

Underfull \hbox (badness 10000) in paragraph at lines 351--351
[][]
 []


Underfull \hbox (badness 10000) in paragraph at lines 351--351

 []

Missing character: There is no ; in font nullfont!
Missing character: There is no ; in font nullfont!
Missing character: There is no ; in font nullfont!

Underfull \hbox (badness 10000) in paragraph at lines 365--365

 []

<images/chart.png, id=79, 100.375pt x 100.375pt>
File: images/chart.png Graphic file (type png)
<use images/chart.png>
Package pdftex.def Info: images/chart.png  used on input line 365.
(pdftex.def)             Requested size: 54.9877pt x 54.98892pt.
LaTeX Font Info:    Try loading font information for T1+pcr on input line 365.
(/usr/share/texlive/texmf-dist/tex/latex/psnfss/t1pcr.fd
File: t1pcr.fd 2001/06/04 font definitions for T1/pcr.
)
Underfull \hbox (badness 10000) in paragraph at lines 365--365
\T1/pcr/m/n/10 http : / / www . cs . unibas . ch /
 []

Missing character: There is no ; in font nullfont!
Missing character: There is no ; in font nullfont!
Missing character: There is no ; in font nullfont!
Missing character: There is no ; in font nullfont!
Missing character: There is no ; in font nullfont!
Missing character: There is no ; in font nullfont!
Package epstopdf Info: Source file: <images/method.eps>
(epstopdf)                    date: 2018-05-05 13:55:01
(epstopdf)                    size: 79302 bytes
(epstopdf)             Output file: <images/method-eps-converted-to.pdf>
(epstopdf)                    date: 2018-05-05 13:55:01
(epstopdf)                    size: 32185 bytes
(epstopdf)             Command: <repstopdf --outfile=images/method-eps-converte
d-to.pdf images/method.eps>
(epstopdf)             \includegraphics on input line 391.
Package epstopdf Info: Output file is already uptodate.
<images/method-eps-converted-to.pdf, id=80, 268.00125pt x 516.93124pt>
File: images/method-eps-converted-to.pdf Graphic file (type pdf)
<use images/method-eps-converted-to.pdf>
Package pdftex.def Info: images/method-eps-converted-to.pdf  used on input line
 391.
(pdftex.def)             Requested size: 186.56563pt x 359.8538pt.

Underfull \hbox (badness 2197) in paragraph at lines 391--391
[]\T1/ppl/m/n/10 The cost is in-ter-preted as a di-rected
 []


Underfull \hbox (badness 4084) in paragraph at lines 391--391
\T1/ppl/m/n/10 and edges. The nodes en-code can-di-
 []

Missing character: There is no ; in font nullfont!
Missing character: There is no ; in font nullfont!
Missing character: There is no ; in font nullfont!
[2

{/var/lib/texmf/fonts/map/pdftex/updmap/pdftex.map} <./images/logo-eps-converte
d-to.pdf> <./images/bilkent-eps-converted-to.pdf> <./images/red-4-sec_000_raste
red.png> <./images/red-4-sec_024_rastered.png> <./images/red-4-sec_048_rastered
.png> <./images/red-4-sec_072_rastered.png> <./images/red-4-sec_095_rastered.pn
g> <./images/giraffe-run-000-rastered.png> <./images/giraffe-run-100-rastered.p
ng> <./images/giraffe-run-200-rastered.png> <./images/giraffe-run-300-rastered.
png> <./images/giraffe-run-458-rastered.png> <./images/candidates_lips_ridge_le
ft_bg.png> <./images/candidates_lips_ridge_left_no_bg.png> <./images/basis-gira
ffe-example-frame.png (PNG copy)> <./images/basis-giraffe-basis-01.png (PNG cop
y)> <./images/basis-giraffe-basis-02.png (PNG copy)> <./images/basis-giraffe-ba
sis-03.png (PNG copy)> <./images/basis-giraffe-basis-04.png (PNG copy)> <./imag
es/basis-giraffe-basis-05.png (PNG copy)> <./images/basis-giraffe-basis-06.png 
(PNG copy)> <./images/basis-giraffe-basis-07.png (PNG copy)> <./images/basis-gi
raffe-basis-08.png (PNG copy)> <./images/basis-giraffe-basis-09.png (PNG copy)>
 <./images/basis-giraffe-basis-10.png (PNG copy)> <./images/basis-giraffe-basis
-11.png (PNG copy)> <./images/basis-giraffe-basis-12.png (PNG copy)> <./images/
basis-giraffe-basis-13.png (PNG copy)> <./images/basis-giraffe-basis-14.png (PN
G copy)> <./images/basis-giraffe-basis-15.png (PNG copy)> <./images/basis-giraf
fe-basis-16.png (PNG copy)> <./images/basis-giraffe-response-01.png (PNG copy)>
 <./images/basis-giraffe-response-02.png (PNG copy)> <./images/basis-giraffe-re
sponse-03.png (PNG copy)> <./images/basis-giraffe-response-04.png (PNG copy)> <
./images/basis-giraffe-response-05.png (PNG copy)> <./images/basis-giraffe-resp
onse-06.png (PNG copy)> <./images/basis-giraffe-response-07.png (PNG copy)> <./
images/basis-giraffe-response-08.png (PNG copy)> <./images/basis-giraffe-respon
se-09.png (PNG copy)> <./images/basis-giraffe-response-10.png (PNG copy)> <./im
ages/basis-giraffe-response-11.png (PNG copy)> <./images/basis-giraffe-response
-12.png (PNG copy)> <./images/basis-giraffe-response-13.png (PNG copy)> <./imag
es/basis-giraffe-response-14.png (PNG copy)> <./images/basis-giraffe-response-1
5.png (PNG copy)> <./images/basis-giraffe-response-16.png (PNG copy)> <./images
/chart.png> <./images/method-eps-converted-to.pdf>] (./poster_portrait.aux) ) 
Here is how much of TeX's memory you used:
 16118 strings out of 494923
 331980 string characters out of 6180742
 584252 words of memory out of 5000000
 19022 multiletter control sequences out of 15000+600000
 28379 words of font info for 56 fonts, out of 8000000 for 9000
 16 hyphenation exceptions out of 8191
 62i,23n,76p,417b,1374s stack positions out of 5000i,500n,10000p,200000b,80000s
{/
usr/share/texlive/texmf-dist/fonts/enc/dvips/base/8r.enc}</usr/share/texlive/te
xmf-dist/fonts/type1/urw/courier/ucrr8a.pfb></usr/share/texlive/texmf-dist/font
s/type1/urw/palatino/uplb8a.pfb></usr/share/texlive/texmf-dist/fonts/type1/urw/
palatino/uplr8a.pfb></usr/share/texlive/texmf-dist/fonts/type1/urw/palatino/upl
ri8a.pfb>
Output written on poster_portrait.pdf (1 page, 10741252 bytes).
PDF statistics:
 133 PDF objects out of 1000 (max. 8388607)
 43 compressed objects within 1 object stream
 0 named destinations out of 1000 (max. 500000)
 360 words of extra memory for PDF output out of 10000 (max. 10000000)

