This is pdfTeX, Version 3.14159265-2.6-1.40.18 (TeX Live 2017/Debian) (preloaded format=pdflatex 2018.6.2)  2 JUL 2018 20:45
entering extended mode
 restricted \write18 enabled.
 %&-line parsing enabled.
**main.tex
(./main.tex
LaTeX2e <2017-04-15>
Babel <3.18> and hyphenation patterns for 3 language(s) loaded.
(/usr/share/texlive/texmf-dist/tex/latex/base/article.cls
Document Class: article 2014/09/29 v1.4h Standard LaTeX document class
(/usr/share/texlive/texmf-dist/tex/latex/base/size10.clo
File: size10.clo 2014/09/29 v1.4h Standard LaTeX file (size option)
)
\c@part=\count79
\c@section=\count80
\c@subsection=\count81
\c@subsubsection=\count82
\c@paragraph=\count83
\c@subparagraph=\count84
\c@figure=\count85
\c@table=\count86
\abovecaptionskip=\skip41
\belowcaptionskip=\skip42
\bibindent=\dimen102
)
(/usr/share/texlive/texmf-dist/tex/latex/geometry/geometry.sty
Package: geometry 2010/09/12 v5.6 Page Geometry

(/usr/share/texlive/texmf-dist/tex/latex/graphics/keyval.sty
Package: keyval 2014/10/28 v1.15 key=value parser (DPC)
\KV@toks@=\toks14
)
(/usr/share/texlive/texmf-dist/tex/generic/oberdiek/ifpdf.sty
Package: ifpdf 2017/03/15 v3.2 Provides the ifpdf switch
)
(/usr/share/texlive/texmf-dist/tex/generic/oberdiek/ifvtex.sty
Package: ifvtex 2016/05/16 v1.6 Detect VTeX and its facilities (HO)
Package ifvtex Info: VTeX not detected.
)
(/usr/share/texlive/texmf-dist/tex/generic/ifxetex/ifxetex.sty
Package: ifxetex 2010/09/12 v0.6 Provides ifxetex conditional
)
\Gm@cnth=\count87
\Gm@cntv=\count88
\c@Gm@tempcnt=\count89
\Gm@bindingoffset=\dimen103
\Gm@wd@mp=\dimen104
\Gm@odd@mp=\dimen105
\Gm@even@mp=\dimen106
\Gm@layoutwidth=\dimen107
\Gm@layoutheight=\dimen108
\Gm@layouthoffset=\dimen109
\Gm@layoutvoffset=\dimen110
\Gm@dimlist=\toks15
)
(/usr/share/texlive/texmf-dist/tex/latex/apacite/apacite.sty
Package: apacite 2013/07/21 v6.03 APA citation
\c@BibCnt=\count90
\bibleftmargin=\skip43
\bibindent=\skip44
\bibparsep=\skip45
\bibitemsep=\skip46
\biblabelsep=\skip47
)
(/usr/share/texlive/texmf-dist/tex/latex/graphics/graphicx.sty
Package: graphicx 2017/06/01 v1.1a Enhanced LaTeX Graphics (DPC,SPQR)

(/usr/share/texlive/texmf-dist/tex/latex/graphics/graphics.sty
Package: graphics 2017/06/25 v1.2c Standard LaTeX Graphics (DPC,SPQR)

(/usr/share/texlive/texmf-dist/tex/latex/graphics/trig.sty
Package: trig 2016/01/03 v1.10 sin cos tan (DPC)
)
(/usr/share/texlive/texmf-dist/tex/latex/graphics-cfg/graphics.cfg
File: graphics.cfg 2016/06/04 v1.11 sample graphics configuration
)
Package graphics Info: Driver file: pdftex.def on input line 99.

(/usr/share/texlive/texmf-dist/tex/latex/graphics-def/pdftex.def
File: pdftex.def 2018/01/08 v1.0l Graphics/color driver for pdftex
))
\Gin@req@height=\dimen111
\Gin@req@width=\dimen112
)
(/usr/share/texlive/texmf-dist/tex/latex/float/float.sty
Package: float 2001/11/08 v1.3d Float enhancements (AL)
\c@float@type=\count91
\float@exts=\toks16
\float@box=\box26
\@float@everytoks=\toks17
\@floatcapt=\box27
) (./main.aux)
\openout1 = `main.aux'.

LaTeX Font Info:    Checking defaults for OML/cmm/m/it on input line 12.
LaTeX Font Info:    ... okay on input line 12.
LaTeX Font Info:    Checking defaults for T1/cmr/m/n on input line 12.
LaTeX Font Info:    ... okay on input line 12.
LaTeX Font Info:    Checking defaults for OT1/cmr/m/n on input line 12.
LaTeX Font Info:    ... okay on input line 12.
LaTeX Font Info:    Checking defaults for OMS/cmsy/m/n on input line 12.
LaTeX Font Info:    ... okay on input line 12.
LaTeX Font Info:    Checking defaults for OMX/cmex/m/n on input line 12.
LaTeX Font Info:    ... okay on input line 12.
LaTeX Font Info:    Checking defaults for U/cmr/m/n on input line 12.
LaTeX Font Info:    ... okay on input line 12.

*geometry* driver: auto-detecting
*geometry* detected driver: pdftex
*geometry* verbose mode - [ preamble ] result:
* driver: pdftex
* paper: a4paper
* layout: <same size as paper>
* layoutoffset:(h,v)=(0.0pt,0.0pt)
* modes: 
* h-part:(L,W,R)=(45.80893pt, 505.89pt, 45.80894pt)
* v-part:(T,H,B)=(106.75473pt, 578.15999pt, 160.13213pt)
* \paperwidth=597.50787pt
* \paperheight=845.04684pt
* \textwidth=505.89pt
* \textheight=578.15999pt
* \oddsidemargin=-26.46106pt
* \evensidemargin=-26.46106pt
* \topmargin=-2.51526pt
* \headheight=12.0pt
* \headsep=25.0pt
* \topskip=10.0pt
* \footskip=30.0pt
* \marginparwidth=65.0pt
* \marginparsep=11.0pt
* \columnsep=10.0pt
* \skip\footins=9.0pt plus 4.0pt minus 2.0pt
* \hoffset=0.0pt
* \voffset=0.0pt
* \mag=1000
* \@twocolumnfalse
* \@twosidefalse
* \@mparswitchfalse
* \@reversemarginfalse
* (1in=72.27pt=25.4mm, 1cm=28.453pt)

\c@maskedRefs=\count92
(/usr/share/texlive/texmf-dist/tex/latex/apacite/english.apc
File: english.apc 2013/07/21 v6.03 apacite language file
LaTeX Info: Redefining \BPBI on input line 129.
LaTeX Info: Redefining \BHBI on input line 130.
)
(/usr/share/texlive/texmf-dist/tex/context/base/mkii/supp-pdf.mkii
[Loading MPS to PDF converter (version 2006.09.02).]
\scratchcounter=\count93
\scratchdimen=\dimen113
\scratchbox=\box28
\nofMPsegments=\count94
\nofMParguments=\count95
\everyMPshowfont=\toks18
\MPscratchCnt=\count96
\MPscratchDim=\dimen114
\MPnumerator=\count97
\makeMPintoPDFobject=\count98
\everyMPtoPDFconversion=\toks19
) (/usr/share/texlive/texmf-dist/tex/latex/oberdiek/epstopdf-base.sty
Package: epstopdf-base 2016/05/15 v2.6 Base part for package epstopdf

(/usr/share/texlive/texmf-dist/tex/generic/oberdiek/infwarerr.sty
Package: infwarerr 2016/05/16 v1.4 Providing info/warning/error messages (HO)
)
(/usr/share/texlive/texmf-dist/tex/latex/oberdiek/grfext.sty
Package: grfext 2016/05/16 v1.2 Manage graphics extensions (HO)

(/usr/share/texlive/texmf-dist/tex/generic/oberdiek/kvdefinekeys.sty
Package: kvdefinekeys 2016/05/16 v1.4 Define keys (HO)

(/usr/share/texlive/texmf-dist/tex/generic/oberdiek/ltxcmds.sty
Package: ltxcmds 2016/05/16 v1.23 LaTeX kernel commands for general use (HO)
)))
(/usr/share/texlive/texmf-dist/tex/latex/oberdiek/kvoptions.sty
Package: kvoptions 2016/05/16 v3.12 Key value format for package options (HO)

(/usr/share/texlive/texmf-dist/tex/generic/oberdiek/kvsetkeys.sty
Package: kvsetkeys 2016/05/16 v1.17 Key value parser (HO)

(/usr/share/texlive/texmf-dist/tex/generic/oberdiek/etexcmds.sty
Package: etexcmds 2016/05/16 v1.6 Avoid name clashes with e-TeX commands (HO)

(/usr/share/texlive/texmf-dist/tex/generic/oberdiek/ifluatex.sty
Package: ifluatex 2016/05/16 v1.4 Provides the ifluatex switch (HO)
Package ifluatex Info: LuaTeX not detected.
)
Package etexcmds Info: Could not find \expanded.
(etexcmds)             That can mean that you are not using pdfTeX 1.50 or
(etexcmds)             that some package has redefined \expanded.
(etexcmds)             In the latter case, load this package earlier.
)))
(/usr/share/texlive/texmf-dist/tex/generic/oberdiek/pdftexcmds.sty
Package: pdftexcmds 2018/01/21 v0.26 Utility functions of pdfTeX for LuaTeX (HO
)
Package pdftexcmds Info: LuaTeX not detected.
Package pdftexcmds Info: \pdf@primitive is available.
Package pdftexcmds Info: \pdf@ifprimitive is available.
Package pdftexcmds Info: \pdfdraftmode found.
)
Package epstopdf-base Info: Redefining graphics rule for `.eps' on input line 4
38.
Package grfext Info: Graphics extension search list:
(grfext)             [.pdf,.png,.jpg,.mps,.jpeg,.jbig2,.jb2,.PDF,.PNG,.JPG,.JPE
G,.JBIG2,.JB2,.eps]
(grfext)             \AppendGraphicsExtensions on input line 456.

(/usr/share/texlive/texmf-dist/tex/latex/latexconfig/epstopdf-sys.cfg
File: epstopdf-sys.cfg 2010/07/13 v1.3 Configuration of (r)epstopdf for TeX Liv
e
))
LaTeX Font Info:    External font `cmex10' loaded for size
(Font)              <12> on input line 19.
LaTeX Font Info:    External font `cmex10' loaded for size
(Font)              <8> on input line 19.
LaTeX Font Info:    External font `cmex10' loaded for size
(Font)              <6> on input line 19.

[1

{/var/lib/texmf/fonts/map/pdftex/updmap/pdftex.map}]
LaTeX Font Info:    External font `cmex10' loaded for size
(Font)              <7> on input line 29.
LaTeX Font Info:    External font `cmex10' loaded for size
(Font)              <5> on input line 29.
 (./main.bbl)
<x_10.pdf, id=9, 361.35pt x 361.35pt>
File: x_10.pdf Graphic file (type pdf)
<use x_10.pdf>
Package pdftex.def Info: x_10.pdf  used on input line 60.
(pdftex.def)             Requested size: 161.8885pt x 161.8892pt.
<y_10.pdf, id=10, 361.35pt x 361.35pt>
File: y_10.pdf Graphic file (type pdf)
<use y_10.pdf>
Package pdftex.def Info: y_10.pdf  used on input line 61.
(pdftex.def)             Requested size: 161.8885pt x 161.8892pt.
<sigma_10.pdf, id=11, 361.35pt x 361.35pt>
File: sigma_10.pdf Graphic file (type pdf)
<use sigma_10.pdf>
Package pdftex.def Info: sigma_10.pdf  used on input line 62.
(pdftex.def)             Requested size: 161.8885pt x 161.8892pt.
<x_9.pdf, id=12, 361.35pt x 361.35pt>
File: x_9.pdf Graphic file (type pdf)
<use x_9.pdf>
Package pdftex.def Info: x_9.pdf  used on input line 65.
(pdftex.def)             Requested size: 161.8885pt x 161.8892pt.
<y_9.pdf, id=13, 361.35pt x 361.35pt>
File: y_9.pdf Graphic file (type pdf)
<use y_9.pdf>
Package pdftex.def Info: y_9.pdf  used on input line 66.
(pdftex.def)             Requested size: 161.8885pt x 161.8892pt.
<sigma_9.pdf, id=14, 361.35pt x 361.35pt>
File: sigma_9.pdf Graphic file (type pdf)
<use sigma_9.pdf>
Package pdftex.def Info: sigma_9.pdf  used on input line 67.
(pdftex.def)             Requested size: 161.8885pt x 161.8892pt.
<x_8.pdf, id=15, 361.35pt x 361.35pt>
File: x_8.pdf Graphic file (type pdf)
<use x_8.pdf>
Package pdftex.def Info: x_8.pdf  used on input line 70.
(pdftex.def)             Requested size: 161.8885pt x 161.8892pt.
<y_8.pdf, id=16, 361.35pt x 361.35pt>
File: y_8.pdf Graphic file (type pdf)
<use y_8.pdf>
Package pdftex.def Info: y_8.pdf  used on input line 71.
(pdftex.def)             Requested size: 161.8885pt x 161.8892pt.
<sigma_8.pdf, id=17, 361.35pt x 361.35pt>
File: sigma_8.pdf Graphic file (type pdf)
<use sigma_8.pdf>
Package pdftex.def Info: sigma_8.pdf  used on input line 72.
(pdftex.def)             Requested size: 161.8885pt x 161.8892pt.
<x_7.pdf, id=18, 361.35pt x 361.35pt>
File: x_7.pdf Graphic file (type pdf)
<use x_7.pdf>
Package pdftex.def Info: x_7.pdf  used on input line 78.
(pdftex.def)             Requested size: 161.8885pt x 161.8892pt.
<y_7.pdf, id=19, 361.35pt x 361.35pt>
File: y_7.pdf Graphic file (type pdf)
<use y_7.pdf>
Package pdftex.def Info: y_7.pdf  used on input line 79.
(pdftex.def)             Requested size: 161.8885pt x 161.8892pt.
<sigma_7.pdf, id=20, 361.35pt x 361.35pt>
File: sigma_7.pdf Graphic file (type pdf)
<use sigma_7.pdf>
Package pdftex.def Info: sigma_7.pdf  used on input line 80.
(pdftex.def)             Requested size: 161.8885pt x 161.8892pt.
<x_6.pdf, id=21, 361.35pt x 361.35pt>
File: x_6.pdf Graphic file (type pdf)
<use x_6.pdf>
Package pdftex.def Info: x_6.pdf  used on input line 83.
(pdftex.def)             Requested size: 161.8885pt x 161.8892pt.
<y_6.pdf, id=22, 361.35pt x 361.35pt>
File: y_6.pdf Graphic file (type pdf)
<use y_6.pdf>
Package pdftex.def Info: y_6.pdf  used on input line 84.
(pdftex.def)             Requested size: 161.8885pt x 161.8892pt.
<sigma_6.pdf, id=23, 361.35pt x 361.35pt>
File: sigma_6.pdf Graphic file (type pdf)
<use sigma_6.pdf>
Package pdftex.def Info: sigma_6.pdf  used on input line 85.
(pdftex.def)             Requested size: 161.8885pt x 161.8892pt.
<x_5.pdf, id=24, 361.35pt x 361.35pt>
File: x_5.pdf Graphic file (type pdf)
<use x_5.pdf>
Package pdftex.def Info: x_5.pdf  used on input line 88.
(pdftex.def)             Requested size: 161.8885pt x 161.8892pt.
<y_5.pdf, id=25, 361.35pt x 361.35pt>
File: y_5.pdf Graphic file (type pdf)
<use y_5.pdf>
Package pdftex.def Info: y_5.pdf  used on input line 89.
(pdftex.def)             Requested size: 161.8885pt x 161.8892pt.
<sigma_5.pdf, id=26, 361.35pt x 361.35pt>
File: sigma_5.pdf Graphic file (type pdf)
<use sigma_5.pdf>
Package pdftex.def Info: sigma_5.pdf  used on input line 90.
(pdftex.def)             Requested size: 161.8885pt x 161.8892pt.
 [2]
[3 <./x_10.pdf> <./y_10.pdf

pdfTeX warning: /usr/bin/pdflatex (file ./y_10.pdf): PDF inclusion: multiple pd
fs with page group included in a single page
> <./sigma_10.pdf

pdfTeX warning: /usr/bin/pdflatex (file ./sigma_10.pdf): PDF inclusion: multipl
e pdfs with page group included in a single page
> <./x_9.pdf

pdfTeX warning: /usr/bin/pdflatex (file ./x_9.pdf): PDF inclusion: multiple pdf
s with page group included in a single page
> <./y_9.pdf

pdfTeX warning: /usr/bin/pdflatex (file ./y_9.pdf): PDF inclusion: multiple pdf
s with page group included in a single page
> <./sigma_9.pdf

pdfTeX warning: /usr/bin/pdflatex (file ./sigma_9.pdf): PDF inclusion: multiple
 pdfs with page group included in a single page
> <./x_8.pdf

pdfTeX warning: /usr/bin/pdflatex (file ./x_8.pdf): PDF inclusion: multiple pdf
s with page group included in a single page
> <./y_8.pdf

pdfTeX warning: /usr/bin/pdflatex (file ./y_8.pdf): PDF inclusion: multiple pdf
s with page group included in a single page
> <./sigma_8.pdf

pdfTeX warning: /usr/bin/pdflatex (file ./sigma_8.pdf): PDF inclusion: multiple
 pdfs with page group included in a single page
>] [4 <./x_7.pdf> <./y_7.pdf

pdfTeX warning: /usr/bin/pdflatex (file ./y_7.pdf): PDF inclusion: multiple pdf
s with page group included in a single page
> <./sigma_7.pdf

pdfTeX warning: /usr/bin/pdflatex (file ./sigma_7.pdf): PDF inclusion: multiple
 pdfs with page group included in a single page
> <./x_6.pdf

pdfTeX warning: /usr/bin/pdflatex (file ./x_6.pdf): PDF inclusion: multiple pdf
s with page group included in a single page
> <./y_6.pdf

pdfTeX warning: /usr/bin/pdflatex (file ./y_6.pdf): PDF inclusion: multiple pdf
s with page group included in a single page
> <./sigma_6.pdf

pdfTeX warning: /usr/bin/pdflatex (file ./sigma_6.pdf): PDF inclusion: multiple
 pdfs with page group included in a single page
> <./x_5.pdf

pdfTeX warning: /usr/bin/pdflatex (file ./x_5.pdf): PDF inclusion: multiple pdf
s with page group included in a single page
> <./y_5.pdf

pdfTeX warning: /usr/bin/pdflatex (file ./y_5.pdf): PDF inclusion: multiple pdf
s with page group included in a single page
> <./sigma_5.pdf

pdfTeX warning: /usr/bin/pdflatex (file ./sigma_5.pdf): PDF inclusion: multiple
 pdfs with page group included in a single page
>] (./main.aux) ) 
Here is how much of TeX's memory you used:
 2521 strings out of 494923
 35616 string characters out of 6180743
 100518 words of memory out of 5000000
 5803 multiletter control sequences out of 15000+600000
 7626 words of font info for 27 fonts, out of 8000000 for 9000
 14 hyphenation exceptions out of 8191
 41i,6n,31p,419b,225s stack positions out of 5000i,500n,10000p,200000b,80000s
</usr/share/texlive/texmf-dist/fonts/type1/public/amsfonts/cm/
cmbx12.pfb></usr/share/texlive/texmf-dist/fonts/type1/public/amsfonts/cm/cmex10
.pfb></usr/share/texlive/texmf-dist/fonts/type1/public/amsfonts/cm/cmmi10.pfb><
/usr/share/texlive/texmf-dist/fonts/type1/public/amsfonts/cm/cmmi5.pfb></usr/sh
are/texlive/texmf-dist/fonts/type1/public/amsfonts/cm/cmmi7.pfb></usr/share/tex
live/texmf-dist/fonts/type1/public/amsfonts/cm/cmr10.pfb></usr/share/texlive/te
xmf-dist/fonts/type1/public/amsfonts/cm/cmr12.pfb></usr/share/texlive/texmf-dis
t/fonts/type1/public/amsfonts/cm/cmr17.pfb></usr/share/texlive/texmf-dist/fonts
/type1/public/amsfonts/cm/cmr5.pfb></usr/share/texlive/texmf-dist/fonts/type1/p
ublic/amsfonts/cm/cmsy5.pfb></usr/share/texlive/texmf-dist/fonts/type1/public/a
msfonts/cm/cmsy7.pfb></usr/share/texlive/texmf-dist/fonts/type1/public/amsfonts
/cm/cmti10.pfb>
Output written on main.pdf (4 pages, 4099135 bytes).
PDF statistics:
 41040 PDF objects out of 45951 (max. 8388607)
 27138 compressed objects within 272 object streams
 0 named destinations out of 1000 (max. 500000)
 91 words of extra memory for PDF output out of 10000 (max. 10000000)

